-------------------------------------------------------------------------------
Test set: org.dejava.component.faces.converter.test.FacesInvRegexConvTest
-------------------------------------------------------------------------------
Tests run: 1, Failures: 0, Errors: 1, Skipped: 0, Time elapsed: 8.017 sec <<< FAILURE!
testInvRegexConv(org.dejava.component.faces.converter.test.FacesInvRegexConvTest)  Time elapsed: 1.078 sec  <<< ERROR!
org.jboss.arquillian.warp.exception.ClientWarpExecutionException: enriching request failed; caused by:
java.io.NotSerializableException: org.dejava.component.faces.converter.test.FacesInvRegexConvTest
	at org.jboss.arquillian.warp.impl.client.execution.DefaultHttpRequestEnrichmentService.enrichRequest(DefaultHttpRequestEnrichmentService.java:133)
	at org.jboss.arquillian.warp.impl.client.execution.EnrichmentObserver.enrichRequest(EnrichmentObserver.java:80)
	at sun.reflect.NativeMethodAccessorImpl.invoke0(Native Method)
	at sun.reflect.NativeMethodAccessorImpl.invoke(NativeMethodAccessorImpl.java:57)
	at sun.reflect.DelegatingMethodAccessorImpl.invoke(DelegatingMethodAccessorImpl.java:43)
	at java.lang.reflect.Method.invoke(Method.java:606)
	at org.jboss.arquillian.core.impl.ObserverImpl.invoke(ObserverImpl.java:94)
	at org.jboss.arquillian.core.impl.EventContextImpl.invokeObservers(EventContextImpl.java:99)
	at org.jboss.arquillian.core.impl.EventContextImpl.proceed(EventContextImpl.java:81)
	at org.jboss.arquillian.core.impl.ManagerImpl.fire(ManagerImpl.java:135)
	at org.jboss.arquillian.core.impl.ManagerImpl.fire(ManagerImpl.java:115)
	at org.jboss.arquillian.core.impl.EventImpl.fire(EventImpl.java:67)
	at org.jboss.arquillian.warp.impl.client.execution.EnrichmentObserver.tryEnrichRequest(EnrichmentObserver.java:70)
	at sun.reflect.NativeMethodAccessorImpl.invoke0(Native Method)
	at sun.reflect.NativeMethodAccessorImpl.invoke(NativeMethodAccessorImpl.java:57)
	at sun.reflect.DelegatingMethodAccessorImpl.invoke(DelegatingMethodAccessorImpl.java:43)
	at java.lang.reflect.Method.invoke(Method.java:606)
	at org.jboss.arquillian.core.impl.ObserverImpl.invoke(ObserverImpl.java:94)
	at org.jboss.arquillian.core.impl.EventContextImpl.invokeObservers(EventContextImpl.java:99)
	at org.jboss.arquillian.core.impl.EventContextImpl.proceed(EventContextImpl.java:81)
	at org.jboss.arquillian.core.impl.ManagerImpl.fire(ManagerImpl.java:135)
	at org.jboss.arquillian.core.impl.ManagerImpl.fire(ManagerImpl.java:115)
	at org.jboss.arquillian.core.impl.EventImpl.fire(EventImpl.java:67)
	at org.jboss.arquillian.warp.impl.client.execution.DefaultHttpRequestEnrichmentFilter.filter(DefaultHttpRequestEnrichmentFilter.java:50)
	at org.jboss.arquillian.warp.impl.client.proxy.DefaultProxyService$2.performInContext(DefaultProxyService.java:99)
	at org.jboss.arquillian.warp.impl.client.proxy.DefaultProxyService$2.performInContext(DefaultProxyService.java:96)
	at org.jboss.arquillian.warp.impl.client.context.operation.Contextualizer$2.performInContext(Contextualizer.java:54)
	at org.jboss.arquillian.warp.impl.client.proxy.DefaultProxyService$3.filter(DefaultProxyService.java:108)
	at org.littleshoot.proxy.ProxyHttpRequestEncoder.encode(ProxyHttpRequestEncoder.java:75)
	at org.jboss.netty.handler.codec.oneone.OneToOneEncoder.handleDownstream(OneToOneEncoder.java:61)
	at org.jboss.netty.channel.DefaultChannelPipeline.sendDownstream(DefaultChannelPipeline.java:590)
	at org.jboss.netty.channel.DefaultChannelPipeline$DefaultChannelHandlerContext.sendDownstream(DefaultChannelPipeline.java:784)
	at org.jboss.netty.channel.SimpleChannelHandler.writeRequested(SimpleChannelHandler.java:299)
	at org.jboss.netty.channel.SimpleChannelHandler.handleDownstream(SimpleChannelHandler.java:261)
	at org.jboss.netty.channel.DefaultChannelPipeline.sendDownstream(DefaultChannelPipeline.java:590)
	at org.jboss.netty.channel.DefaultChannelPipeline.sendDownstream(DefaultChannelPipeline.java:581)
	at org.jboss.netty.channel.Channels.write(Channels.java:712)
	at org.jboss.netty.channel.Channels.write(Channels.java:679)
	at org.jboss.netty.channel.AbstractChannel.write(AbstractChannel.java:246)
	at org.littleshoot.proxy.HttpRequestHandler$1OnConnect.onConnect(HttpRequestHandler.java:407)
	at org.littleshoot.proxy.HttpRequestHandler$1LocalChannelFutureListener.operationComplete(HttpRequestHandler.java:488)
	at org.jboss.netty.channel.DefaultChannelFuture.notifyListener(DefaultChannelFuture.java:428)
	at org.jboss.netty.channel.DefaultChannelFuture.notifyListeners(DefaultChannelFuture.java:419)
	at org.jboss.netty.channel.DefaultChannelFuture.setSuccess(DefaultChannelFuture.java:363)
	at org.jboss.netty.channel.socket.nio.NioWorker$RegisterTask.run(NioWorker.java:184)
	at org.jboss.netty.channel.socket.nio.AbstractNioWorker.processRegisterTaskQueue(AbstractNioWorker.java:338)
	at org.jboss.netty.channel.socket.nio.AbstractNioWorker.run(AbstractNioWorker.java:244)
	at org.jboss.netty.channel.socket.nio.NioWorker.run(NioWorker.java:35)
	at org.jboss.netty.util.ThreadRenamingRunnable.run(ThreadRenamingRunnable.java:102)
	at org.jboss.netty.util.internal.DeadLockProofWorker$1.run(DeadLockProofWorker.java:42)
	at java.util.concurrent.ThreadPoolExecutor.runWorker(ThreadPoolExecutor.java:1145)
	at java.util.concurrent.ThreadPoolExecutor$Worker.run(ThreadPoolExecutor.java:615)
	at java.lang.Thread.run(Thread.java:724)
Caused by: java.lang.RuntimeException: Could not transform and replicate class class java.util.Arrays$ArrayList:
Cannot migrate transformed inspection back to original name
	at org.jboss.arquillian.warp.impl.shared.RequestPayload.writeExternal(RequestPayload.java:113)
	at java.io.ObjectOutputStream.writeExternalData(ObjectOutputStream.java:1456)
	at java.io.ObjectOutputStream.writeOrdinaryObject(ObjectOutputStream.java:1427)
	at java.io.ObjectOutputStream.writeObject0(ObjectOutputStream.java:1175)
	at java.io.ObjectOutputStream.writeObject(ObjectOutputStream.java:347)
	at org.jboss.arquillian.warp.impl.utils.SerializationUtils.serializeToBytes(SerializationUtils.java:38)
	at org.jboss.arquillian.warp.impl.utils.SerializationUtils.serializeToBase64(SerializationUtils.java:59)
	at org.jboss.arquillian.warp.impl.client.execution.DefaultHttpRequestEnrichmentService.enrichRequest(DefaultHttpRequestEnrichmentService.java:125)
	... 52 more
Caused by: java.lang.IllegalStateException: Cannot migrate transformed inspection back to original name
	at org.jboss.arquillian.warp.impl.client.transformation.MigratedInspection.migrate(MigratedInspection.java:77)
	at org.jboss.arquillian.warp.impl.client.transformation.MigratedInspection.<init>(MigratedInspection.java:55)
	at org.jboss.arquillian.warp.impl.shared.RequestPayload.writeExternal(RequestPayload.java:108)
	... 59 more
Caused by: java.lang.IllegalStateException: Unable to invoke static method serializeToBytes from class org.jboss.arquillian.warp.impl.utils.SerializationUtils
	at org.jboss.arquillian.warp.impl.client.separation.SeparateInvocator.invokeStatic(SeparateInvocator.java:82)
	at org.jboss.arquillian.warp.impl.client.separation.SeparateInvocator.access$700(SeparateInvocator.java:37)
	at org.jboss.arquillian.warp.impl.client.separation.SeparateInvocator$1.invoke(SeparateInvocator.java:195)
	at org.jboss.arquillian.warp.impl.client.separation.SeparateInvocator$1.invoke(SeparateInvocator.java:190)
	at org.jboss.arquillian.warp.impl.client.separation.SeparateInvocator$InvokeSeparately.run(SeparateInvocator.java:221)
	at org.jboss.arquillian.warp.impl.client.separation.SeparateInvocator.adapt(SeparateInvocator.java:190)
	at org.jboss.arquillian.warp.impl.client.separation.SeparateInvocator.adaptArgs(SeparateInvocator.java:169)
	at org.jboss.arquillian.warp.impl.client.separation.SeparateInvocator.access$200(SeparateInvocator.java:37)
	at org.jboss.arquillian.warp.impl.client.separation.SeparateInvocator$SeparationHandler.invoke(SeparateInvocator.java:95)
	at com.sun.proxy.$Proxy35.process(Unknown Source)
	at org.jboss.arquillian.warp.impl.client.transformation.MigratedInspection.migrate(MigratedInspection.java:74)
	... 61 more
Caused by: java.lang.reflect.InvocationTargetException
	at sun.reflect.NativeMethodAccessorImpl.invoke0(Native Method)
	at sun.reflect.NativeMethodAccessorImpl.invoke(NativeMethodAccessorImpl.java:57)
	at sun.reflect.DelegatingMethodAccessorImpl.invoke(DelegatingMethodAccessorImpl.java:43)
	at java.lang.reflect.Method.invoke(Method.java:606)
	at org.jboss.arquillian.warp.impl.client.separation.SeparateInvocator.invokeStatic(SeparateInvocator.java:80)
	... 71 more
Caused by: java.lang.IllegalStateException: java.io.NotSerializableException: org.dejava.component.faces.converter.test.FacesInvRegexConvTest
	at org.jboss.arquillian.warp.impl.utils.SerializationUtils.serializeToBytes(SerializationUtils.java:41)
	... 76 more
Caused by: java.io.NotSerializableException: org.dejava.component.faces.converter.test.FacesInvRegexConvTest
	at java.io.ObjectOutputStream.writeObject0(ObjectOutputStream.java:1181)
	at java.io.ObjectOutputStream.defaultWriteFields(ObjectOutputStream.java:1541)
	at java.io.ObjectOutputStream.writeSerialData(ObjectOutputStream.java:1506)
	at java.io.ObjectOutputStream.writeOrdinaryObject(ObjectOutputStream.java:1429)
	at java.io.ObjectOutputStream.writeObject0(ObjectOutputStream.java:1175)
	at java.io.ObjectOutputStream.writeObject(ObjectOutputStream.java:347)
	at java.util.HashMap.writeObject(HashMap.java:1100)
	at sun.reflect.NativeMethodAccessorImpl.invoke0(Native Method)
	at sun.reflect.NativeMethodAccessorImpl.invoke(NativeMethodAccessorImpl.java:57)
	at sun.reflect.DelegatingMethodAccessorImpl.invoke(DelegatingMethodAccessorImpl.java:43)
	at java.lang.reflect.Method.invoke(Method.java:606)
	at java.io.ObjectStreamClass.invokeWriteObject(ObjectStreamClass.java:988)
	at java.io.ObjectOutputStream.writeSerialData(ObjectOutputStream.java:1493)
	at java.io.ObjectOutputStream.writeOrdinaryObject(ObjectOutputStream.java:1429)
	at java.io.ObjectOutputStream.writeObject0(ObjectOutputStream.java:1175)
	at java.io.ObjectOutputStream.defaultWriteFields(ObjectOutputStream.java:1541)
	at java.io.ObjectOutputStream.writeSerialData(ObjectOutputStream.java:1506)
	at java.io.ObjectOutputStream.writeOrdinaryObject(ObjectOutputStream.java:1429)
	at java.io.ObjectOutputStream.writeObject0(ObjectOutputStream.java:1175)
	at java.io.ObjectOutputStream.writeObject(ObjectOutputStream.java:347)
	at org.jboss.arquillian.warp.impl.utils.SerializationUtils.serializeToBytes(SerializationUtils.java:38)
	... 76 more
