<?xml version="1.0" encoding="UTF-8" ?>
<testsuite failures="0" time="10.157" errors="1" skipped="0" tests="1" name="org.dejava.component.faces.test.converter.InvRegexConvTest">
  <properties>
[...]
</properties>
  <testcase time="1.3" classname="org.dejava.component.faces.test.converter.InvRegexConvTest" name="testInvRegexConv">
    <error message="enriching request failed; caused by:
java.lang.ClassNotFoundException: org.dejava.component.faces.test.converter.InvRegexConvTest from [Module &quot;deployment.7974a98b-ae3a-4a36-bac7-d8b351432fde.war:main&quot; from Service Module Loader]" type="org.jboss.arquillian.warp.exception.ClientWarpExecutionException">org.jboss.arquillian.warp.exception.ClientWarpExecutionException: enriching request failed; caused by:
java.lang.ClassNotFoundException: org.dejava.component.faces.test.converter.InvRegexConvTest from [Module &quot;deployment.7974a98b-ae3a-4a36-bac7-d8b351432fde.war:main&quot; from Service Module Loader]
	at org.jboss.arquillian.warp.impl.client.execution.DefaultHttpRequestEnrichmentService.enrichRequest(DefaultHttpRequestEnrichmentService.java:133)
	at org.jboss.arquillian.warp.impl.client.execution.EnrichmentObserver.enrichRequest(EnrichmentObserver.java:80)
	at sun.reflect.NativeMethodAccessorImpl.invoke0(Native Method)
	at sun.reflect.NativeMethodAccessorImpl.invoke(NativeMethodAccessorImpl.java:57)
	at sun.reflect.DelegatingMethodAccessorImpl.invoke(DelegatingMethodAccessorImpl.java:43)
	at java.lang.reflect.Method.invoke(Method.java:606)
	at org.jboss.arquillian.core.impl.ObserverImpl.invoke(ObserverImpl.java:94)
	at org.jboss.arquillian.core.impl.EventContextImpl.invokeObservers(EventContextImpl.java:99)
	at org.jboss.arquillian.core.impl.EventContextImpl.proceed(EventContextImpl.java:81)
	at org.jboss.arquillian.core.impl.ManagerImpl.fire(ManagerImpl.java:135)
	at org.jboss.arquillian.core.impl.ManagerImpl.fire(ManagerImpl.java:115)
	at org.jboss.arquillian.core.impl.EventImpl.fire(EventImpl.java:67)
	at org.jboss.arquillian.warp.impl.client.execution.EnrichmentObserver.tryEnrichRequest(EnrichmentObserver.java:70)
	at sun.reflect.NativeMethodAccessorImpl.invoke0(Native Method)
	at sun.reflect.NativeMethodAccessorImpl.invoke(NativeMethodAccessorImpl.java:57)
	at sun.reflect.DelegatingMethodAccessorImpl.invoke(DelegatingMethodAccessorImpl.java:43)
	at java.lang.reflect.Method.invoke(Method.java:606)
	at org.jboss.arquillian.core.impl.ObserverImpl.invoke(ObserverImpl.java:94)
	at org.jboss.arquillian.core.impl.EventContextImpl.invokeObservers(EventContextImpl.java:99)
	at org.jboss.arquillian.core.impl.EventContextImpl.proceed(EventContextImpl.java:81)
	at org.jboss.arquillian.core.impl.ManagerImpl.fire(ManagerImpl.java:135)
	at org.jboss.arquillian.core.impl.ManagerImpl.fire(ManagerImpl.java:115)
	at org.jboss.arquillian.core.impl.EventImpl.fire(EventImpl.java:67)
	at org.jboss.arquillian.warp.impl.client.execution.DefaultHttpRequestEnrichmentFilter.filter(DefaultHttpRequestEnrichmentFilter.java:50)
	at org.jboss.arquillian.warp.impl.client.proxy.DefaultProxyService$2.performInContext(DefaultProxyService.java:99)
	at org.jboss.arquillian.warp.impl.client.proxy.DefaultProxyService$2.performInContext(DefaultProxyService.java:96)
	at org.jboss.arquillian.warp.impl.client.context.operation.Contextualizer$2.performInContext(Contextualizer.java:54)
	at org.jboss.arquillian.warp.impl.client.proxy.DefaultProxyService$3.filter(DefaultProxyService.java:108)
	at org.littleshoot.proxy.ProxyHttpRequestEncoder.encode(ProxyHttpRequestEncoder.java:75)
	at org.jboss.netty.handler.codec.oneone.OneToOneEncoder.handleDownstream(OneToOneEncoder.java:61)
	at org.jboss.netty.channel.DefaultChannelPipeline.sendDownstream(DefaultChannelPipeline.java:590)
	at org.jboss.netty.channel.DefaultChannelPipeline$DefaultChannelHandlerContext.sendDownstream(DefaultChannelPipeline.java:784)
	at org.jboss.netty.channel.SimpleChannelHandler.writeRequested(SimpleChannelHandler.java:299)
	at org.jboss.netty.channel.SimpleChannelHandler.handleDownstream(SimpleChannelHandler.java:261)
	at org.jboss.netty.channel.DefaultChannelPipeline.sendDownstream(DefaultChannelPipeline.java:590)
	at org.jboss.netty.channel.DefaultChannelPipeline.sendDownstream(DefaultChannelPipeline.java:581)
	at org.jboss.netty.channel.Channels.write(Channels.java:712)
	at org.jboss.netty.channel.Channels.write(Channels.java:679)
	at org.jboss.netty.channel.AbstractChannel.write(AbstractChannel.java:246)
	at org.littleshoot.proxy.HttpRequestHandler$1OnConnect.onConnect(HttpRequestHandler.java:407)
	at org.littleshoot.proxy.HttpRequestHandler$1LocalChannelFutureListener.operationComplete(HttpRequestHandler.java:488)
	at org.jboss.netty.channel.DefaultChannelFuture.notifyListener(DefaultChannelFuture.java:428)
	at org.jboss.netty.channel.DefaultChannelFuture.notifyListeners(DefaultChannelFuture.java:419)
	at org.jboss.netty.channel.DefaultChannelFuture.setSuccess(DefaultChannelFuture.java:363)
	at org.jboss.netty.channel.socket.nio.NioWorker$RegisterTask.run(NioWorker.java:184)
	at org.jboss.netty.channel.socket.nio.AbstractNioWorker.processRegisterTaskQueue(AbstractNioWorker.java:338)
	at org.jboss.netty.channel.socket.nio.AbstractNioWorker.run(AbstractNioWorker.java:244)
	at org.jboss.netty.channel.socket.nio.NioWorker.run(NioWorker.java:35)
	at org.jboss.netty.util.ThreadRenamingRunnable.run(ThreadRenamingRunnable.java:102)
	at org.jboss.netty.util.internal.DeadLockProofWorker$1.run(DeadLockProofWorker.java:42)
	at java.util.concurrent.ThreadPoolExecutor.runWorker(ThreadPoolExecutor.java:1145)
	at java.util.concurrent.ThreadPoolExecutor$Worker.run(ThreadPoolExecutor.java:615)
	at java.lang.Thread.run(Thread.java:724)
Caused by: java.lang.RuntimeException: java.lang.NoClassDefFoundError: Lorg/dejava/component/faces/test/converter/InvRegexConvTest;
	at sun.reflect.NativeConstructorAccessorImpl.newInstance0(Native Method)
	at sun.reflect.NativeConstructorAccessorImpl.newInstance(NativeConstructorAccessorImpl.java:57)
	at sun.reflect.DelegatingConstructorAccessorImpl.newInstance(DelegatingConstructorAccessorImpl.java:45)
	at java.lang.reflect.Constructor.newInstance(Constructor.java:526)
	at org.jboss.arquillian.warp.impl.utils.Rethrow.asUnchecked(Rethrow.java:50)
	at org.jboss.arquillian.warp.impl.utils.Rethrow.asUnchecked(Rethrow.java:36)
	at org.jboss.arquillian.warp.impl.client.commandBus.CommandBusOnClient.executeRemotely(CommandBusOnClient.java:164)
	at org.jboss.arquillian.warp.impl.client.commandBus.CommandServiceOnClient.execute(CommandServiceOnClient.java:38)
	at org.jboss.arquillian.warp.impl.client.execution.DefaultHttpRequestEnrichmentService.enrichRequest(DefaultHttpRequestEnrichmentService.java:127)
	... 52 more
Caused by: java.lang.NoClassDefFoundError: Lorg/dejava/component/faces/test/converter/InvRegexConvTest;
	at java.lang.Class.getDeclaredFields0(Native Method)
	at java.lang.Class.privateGetDeclaredFields(Class.java:2387)
	at java.lang.Class.getDeclaredField(Class.java:1936)
	at java.io.ObjectStreamClass.getDeclaredSUID(ObjectStreamClass.java:1659)
	at java.io.ObjectStreamClass.access$700(ObjectStreamClass.java:72)
	at java.io.ObjectStreamClass$2.run(ObjectStreamClass.java:480)
	at java.io.ObjectStreamClass$2.run(ObjectStreamClass.java:468)
	at java.security.AccessController.doPrivileged(Native Method)
	at java.io.ObjectStreamClass.&lt;init&gt;(ObjectStreamClass.java:468)
	at java.io.ObjectStreamClass.lookup(ObjectStreamClass.java:365)
	at java.io.ObjectStreamClass.initNonProxy(ObjectStreamClass.java:602)
	at java.io.ObjectInputStream.readNonProxyDesc(ObjectInputStream.java:1620)
	at java.io.ObjectInputStream.readClassDesc(ObjectInputStream.java:1515)
	at java.io.ObjectInputStream.readOrdinaryObject(ObjectInputStream.java:1769)
	at java.io.ObjectInputStream.readObject0(ObjectInputStream.java:1348)
	at java.io.ObjectInputStream.readObject(ObjectInputStream.java:370)
	at java.util.HashMap.readObject(HashMap.java:1155)
	at sun.reflect.NativeMethodAccessorImpl.invoke0(Native Method)
	at sun.reflect.NativeMethodAccessorImpl.invoke(NativeMethodAccessorImpl.java:57)
	at sun.reflect.DelegatingMethodAccessorImpl.invoke(DelegatingMethodAccessorImpl.java:43)
	at java.lang.reflect.Method.invoke(Method.java:606)
	at java.io.ObjectStreamClass.invokeReadObject(ObjectStreamClass.java:1017)
	at java.io.ObjectInputStream.readSerialData(ObjectInputStream.java:1891)
	at java.io.ObjectInputStream.readOrdinaryObject(ObjectInputStream.java:1796)
	at java.io.ObjectInputStream.readObject0(ObjectInputStream.java:1348)
	at java.io.ObjectInputStream.defaultReadFields(ObjectInputStream.java:1989)
	at java.io.ObjectInputStream.readSerialData(ObjectInputStream.java:1913)
	at java.io.ObjectInputStream.readOrdinaryObject(ObjectInputStream.java:1796)
	at java.io.ObjectInputStream.readObject0(ObjectInputStream.java:1348)
	at java.io.ObjectInputStream.readObject(ObjectInputStream.java:370)
	at org.jboss.arquillian.warp.impl.shared.RequestPayload.readExternal(RequestPayload.java:89)
	at java.io.ObjectInputStream.readExternalData(ObjectInputStream.java:1835)
	at java.io.ObjectInputStream.readOrdinaryObject(ObjectInputStream.java:1794)
	at java.io.ObjectInputStream.readObject0(ObjectInputStream.java:1348)
	at java.io.ObjectInputStream.readObject(ObjectInputStream.java:370)
	at org.jboss.arquillian.warp.impl.utils.SerializationUtils.deserializeFromBytes(SerializationUtils.java:50)
	at org.jboss.arquillian.warp.impl.utils.SerializationUtils.deserializeFromBase64(SerializationUtils.java:66)
	at org.jboss.arquillian.warp.impl.client.execution.DefaultHttpRequestEnrichmentService$RegisterPayloadRemotely.perform(DefaultHttpRequestEnrichmentService.java:182)
	at org.jboss.arquillian.warp.impl.server.commandBus.CommandBusOnServer.executePutOperation(CommandBusOnServer.java:145)
	at org.jboss.arquillian.warp.impl.server.commandBus.CommandBusOnServer.executeEvent(CommandBusOnServer.java:100)
	at org.jboss.arquillian.warp.impl.server.commandBus.CommandBusOnServer.delegate(CommandBusOnServer.java:67)
	at org.jboss.arquillian.warp.impl.server.delegation.RequestDelegator.delegate(RequestDelegator.java:73)
	at org.jboss.arquillian.warp.impl.server.delegation.RequestDelegator.tryDelegateRequest(RequestDelegator.java:57)
	at org.jboss.arquillian.warp.impl.server.execution.WarpFilter.doFilterHttp(WarpFilter.java:114)
	at org.jboss.arquillian.warp.impl.server.execution.WarpFilter.doFilter(WarpFilter.java:90)
	at org.apache.catalina.core.ApplicationFilterChain.internalDoFilter(ApplicationFilterChain.java:280)
	at org.apache.catalina.core.ApplicationFilterChain.doFilter(ApplicationFilterChain.java:248)
	at org.apache.catalina.core.StandardWrapperValve.invoke(StandardWrapperValve.java:275)
	at org.apache.catalina.core.StandardContextValve.invoke(StandardContextValve.java:161)
	at org.jboss.as.web.security.SecurityContextAssociationValve.invoke(SecurityContextAssociationValve.java:153)
	at org.apache.catalina.core.StandardHostValve.invoke(StandardHostValve.java:155)
	at org.apache.catalina.valves.ErrorReportValve.invoke(ErrorReportValve.java:102)
	at org.apache.catalina.core.StandardEngineValve.invoke(StandardEngineValve.java:109)
	at org.apache.catalina.connector.CoyoteAdapter.service(CoyoteAdapter.java:368)
	at org.apache.coyote.http11.Http11Processor.process(Http11Processor.java:877)
	at org.apache.coyote.http11.Http11Protocol$Http11ConnectionHandler.process(Http11Protocol.java:671)
	at org.apache.tomcat.util.net.JIoEndpoint$Worker.run(JIoEndpoint.java:930)
	... 1 more
Caused by: java.lang.ClassNotFoundException: org.dejava.component.faces.test.converter.InvRegexConvTest from [Module &quot;deployment.7974a98b-ae3a-4a36-bac7-d8b351432fde.war:main&quot; from Service Module Loader]
	at org.jboss.modules.ModuleClassLoader.findClass(ModuleClassLoader.java:190)
	at org.jboss.modules.ConcurrentClassLoader.performLoadClassUnchecked(ConcurrentClassLoader.java:468)
	at org.jboss.modules.ConcurrentClassLoader.performLoadClassChecked(ConcurrentClassLoader.java:456)
	at org.jboss.modules.ConcurrentClassLoader.performLoadClass(ConcurrentClassLoader.java:398)
	at org.jboss.modules.ConcurrentClassLoader.loadClass(ConcurrentClassLoader.java:120)
	... 58 more
</error>
    <system-out>14:43:51.288 INFO - Removed POM artifact org.jboss.arquillian.extension:arquillian-warp:pom:1.0.0.Alpha3 from archive, it&apos;s dependencies were fetched.
14:43:53,759 INFO  [org.jboss.as.repository] (management-handler-thread - 1) JBAS014900: Content added at location C:\servidores\jboss-as-7.1.1.Final\standalone\data\content\3f\e076ddca416fbf807b7e87e10cf9e856e6e896\content
14:43:53,763 INFO  [org.jboss.as.server.deployment] (MSC service thread 1-6) JBAS015876: Starting deployment of &quot;7974a98b-ae3a-4a36-bac7-d8b351432fde.war&quot;
14:43:55,476 WARN  [org.jboss.as.server.deployment] (MSC service thread 1-1) JBAS015893: Encountered invalid class name &apos;implClass=org.jboss.arquillian.config.descriptor.impl.ArquillianDescriptorImpl&apos; for service type &apos;org.jboss.arquillian.config.descriptor.api.ArquillianDescriptor&apos;
14:43:55,477 WARN  [org.jboss.as.server.deployment] (MSC service thread 1-1) JBAS015893: Encountered invalid class name &apos;importerClass=org.jboss.shrinkwrap.descriptor.spi.node.dom.XmlDomNodeDescriptorImporterImpl&apos; for service type &apos;org.jboss.arquillian.config.descriptor.api.ArquillianDescriptor&apos;
14:43:55,478 WARN  [org.jboss.as.server.deployment] (MSC service thread 1-1) JBAS015893: Encountered invalid class name &apos;defaultName=arquillian.xml&apos; for service type &apos;org.jboss.arquillian.config.descriptor.api.ArquillianDescriptor&apos;
14:43:55,480 WARN  [org.jboss.as.server.deployment] (MSC service thread 1-1) JBAS015893: Encountered invalid class name &apos;implClass=org.jboss.arquillian.protocol.servlet.arq514hack.descriptors.impl.web.WebAppDescriptorImpl&apos; for service type &apos;org.jboss.arquillian.protocol.servlet.arq514hack.descriptors.api.web.WebAppDescriptor&apos;
14:43:55,481 WARN  [org.jboss.as.server.deployment] (MSC service thread 1-1) JBAS015893: Encountered invalid class name &apos;importerClass=org.jboss.shrinkwrap.descriptor.spi.node.dom.XmlDomNodeDescriptorImporterImpl&apos; for service type &apos;org.jboss.arquillian.protocol.servlet.arq514hack.descriptors.api.web.WebAppDescriptor&apos;
14:43:55,482 WARN  [org.jboss.as.server.deployment] (MSC service thread 1-1) JBAS015893: Encountered invalid class name &apos;defaultName=web.xml&apos; for service type &apos;org.jboss.arquillian.protocol.servlet.arq514hack.descriptors.api.web.WebAppDescriptor&apos;
14:43:55,483 WARN  [org.jboss.as.server.deployment] (MSC service thread 1-1) JBAS015893: Encountered invalid class name &apos;implClass=org.jboss.arquillian.protocol.servlet.arq514hack.descriptors.impl.application.ApplicationDescriptorImpl&apos; for service type &apos;org.jboss.arquillian.protocol.servlet.arq514hack.descriptors.api.application.ApplicationDescriptor&apos;
14:43:55,484 WARN  [org.jboss.as.server.deployment] (MSC service thread 1-1) JBAS015893: Encountered invalid class name &apos;importerClass=org.jboss.shrinkwrap.descriptor.spi.node.dom.XmlDomNodeDescriptorImporterImpl&apos; for service type &apos;org.jboss.arquillian.protocol.servlet.arq514hack.descriptors.api.application.ApplicationDescriptor&apos;
14:43:55,485 WARN  [org.jboss.as.server.deployment] (MSC service thread 1-1) JBAS015893: Encountered invalid class name &apos;defaultName=application.xml&apos; for service type &apos;org.jboss.arquillian.protocol.servlet.arq514hack.descriptors.api.application.ApplicationDescriptor&apos;
14:43:55,488 WARN  [org.jboss.as.server.deployment] (MSC service thread 1-1) JBAS015893: Encountered invalid class name &apos;!org.jboss.arquillian.protocol.servlet.runner.ServletRemoteExtension&apos; for service type &apos;org.jboss.arquillian.container.test.spi.RemoteLoadableExtension&apos;
14:43:55,493 INFO  [org.jboss.as.pojo] (MSC service thread 1-1) JBAS017000: Found legacy bean/pojo namespace: urn:jboss:bean-deployer:2.0 - might be missing some xml features (potential exceptions).
14:43:55,571 INFO  [org.jboss.weld.deployer] (MSC service thread 1-2) JBAS016002: Processing weld deployment 7974a98b-ae3a-4a36-bac7-d8b351432fde.war
14:43:55,587 INFO  [org.jboss.weld.deployer] (MSC service thread 1-7) JBAS016005: Starting Services for CDI deployment: 7974a98b-ae3a-4a36-bac7-d8b351432fde.war
14:43:55,615 INFO  [org.jboss.weld.Version] (MSC service thread 1-7) WELD-000900 1.1.5 (AS71)
14:43:55,656 INFO  [org.jboss.weld.deployer] (MSC service thread 1-4) JBAS016008: Starting weld service for deployment 7974a98b-ae3a-4a36-bac7-d8b351432fde.war
14:43:55,849 WARN  [com.arjuna.ats.jta] (Periodic Recovery) ARJUNA016037: Could not find new XAResource to use for recovering non-serializable XAResource XAResourceRecord &lt; resource:null, txid:&lt; formatId=131077, gtrid_length=29, bqual_length=36, tx_uid=0:ffffc0a80004:55534c24:51d05bdf:19, node_name=1, branch_uid=0:ffffc0a80004:55534c24:51d05bdf:1d, subordinatenodename=null, eis_name=java:/datasource/PartyDS &gt;, heuristic: TwoPhaseOutcome.FINISH_OK, product: PostgreSQL/9.1.5, jndiName: java:/datasource/PartyDS com.arjuna.ats.internal.jta.resources.arjunacore.XAResourceRecord@120fd2a &gt;
14:43:55,858 WARN  [com.arjuna.ats.jta] (Periodic Recovery) ARJUNA016037: Could not find new XAResource to use for recovering non-serializable XAResource XAResourceRecord &lt; resource:null, txid:&lt; formatId=131077, gtrid_length=29, bqual_length=36, tx_uid=0:ffffc0a80004:5562b9fb:51d0562a:22, node_name=1, branch_uid=0:ffffc0a80004:5562b9fb:51d0562a:26, subordinatenodename=null, eis_name=java:/datasource/PartyDS &gt;, heuristic: TwoPhaseOutcome.FINISH_OK, product: PostgreSQL/9.1.5, jndiName: java:/datasource/PartyDS com.arjuna.ats.internal.jta.resources.arjunacore.XAResourceRecord@1c16899 &gt;
14:43:55,871 WARN  [com.arjuna.ats.jta] (Periodic Recovery) ARJUNA016037: Could not find new XAResource to use for recovering non-serializable XAResource XAResourceRecord &lt; resource:null, txid:&lt; formatId=131077, gtrid_length=29, bqual_length=36, tx_uid=0:ffffc0a80004:5562b9fb:51d0562a:8, node_name=1, branch_uid=0:ffffc0a80004:5562b9fb:51d0562a:f, subordinatenodename=null, eis_name=java:/datasource/PartyDS &gt;, heuristic: TwoPhaseOutcome.FINISH_OK, product: PostgreSQL/9.1.5, jndiName: java:/datasource/PartyDS com.arjuna.ats.internal.jta.resources.arjunacore.XAResourceRecord@1a4a15f &gt;
14:43:55,940 INFO  [org.jboss.weld.ClassLoading] (MSC service thread 1-4) WELD-000119 Not generating any bean definitions from org.dejava.component.faces.test.converter.InvRegexConvTest$FieldValue because of underlying class loading error
14:43:55,941 INFO  [org.jboss.weld.ClassLoading] (MSC service thread 1-4) catching: org.jboss.weld.resources.spi.ResourceLoadingException: Error loading class org.dejava.component.faces.test.converter.InvRegexConvTest$FieldValue
	at org.jboss.weld.resources.ClassTransformer.loadClass(ClassTransformer.java:152) [weld-core-1.1.5.AS71.Final.jar:2012-02-10 15:31]
	at org.jboss.weld.bootstrap.BeanDeployer.addClass(BeanDeployer.java:86) [weld-core-1.1.5.AS71.Final.jar:2012-02-10 15:31]
	at org.jboss.weld.bootstrap.BeanDeployer.addClasses(BeanDeployer.java:115) [weld-core-1.1.5.AS71.Final.jar:2012-02-10 15:31]
	at org.jboss.weld.bootstrap.BeanDeployment.createBeans(BeanDeployment.java:171) [weld-core-1.1.5.AS71.Final.jar:2012-02-10 15:31]
	at org.jboss.weld.bootstrap.WeldBootstrap.deployBeans(WeldBootstrap.java:336) [weld-core-1.1.5.AS71.Final.jar:2012-02-10 15:31]
	at org.jboss.as.weld.WeldContainer.start(WeldContainer.java:82) [jboss-as-weld-7.1.1.Final.jar:7.1.1.Final]
	at org.jboss.as.weld.services.WeldService.start(WeldService.java:76) [jboss-as-weld-7.1.1.Final.jar:7.1.1.Final]
	at org.jboss.msc.service.ServiceControllerImpl$StartTask.startService(ServiceControllerImpl.java:1811)
	at org.jboss.msc.service.ServiceControllerImpl$StartTask.run(ServiceControllerImpl.java:1746)
	at java.util.concurrent.ThreadPoolExecutor.runWorker(ThreadPoolExecutor.java:1145) [rt.jar:1.7.0_25]
	at java.util.concurrent.ThreadPoolExecutor$Worker.run(ThreadPoolExecutor.java:615) [rt.jar:1.7.0_25]
	at java.lang.Thread.run(Thread.java:724) [rt.jar:1.7.0_25]
Caused by: java.lang.NoClassDefFoundError: Lorg/dejava/component/faces/test/converter/InvRegexConvTest;
	at java.lang.Class.getDeclaredFields0(Native Method) [rt.jar:1.7.0_25]
	at java.lang.Class.privateGetDeclaredFields(Class.java:2387) [rt.jar:1.7.0_25]
	at java.lang.Class.getDeclaredFields(Class.java:1796) [rt.jar:1.7.0_25]
	at org.jboss.weld.util.reflection.SecureReflections$4.work(SecureReflections.java:102) [weld-core-1.1.5.AS71.Final.jar:2012-02-10 15:31]
	at org.jboss.weld.util.reflection.SecureReflections$4.work(SecureReflections.java:99) [weld-core-1.1.5.AS71.Final.jar:2012-02-10 15:31]
	at org.jboss.weld.util.reflection.SecureReflectionAccess.run(SecureReflectionAccess.java:52) [weld-core-1.1.5.AS71.Final.jar:2012-02-10 15:31]
	at org.jboss.weld.util.reflection.SecureReflectionAccess.runAndWrap(SecureReflectionAccess.java:63) [weld-core-1.1.5.AS71.Final.jar:2012-02-10 15:31]
	at org.jboss.weld.util.reflection.SecureReflections.getDeclaredFields(SecureReflections.java:99) [weld-core-1.1.5.AS71.Final.jar:2012-02-10 15:31]
	at org.jboss.weld.introspector.jlr.WeldClassImpl.&lt;init&gt;(WeldClassImpl.java:153) [weld-core-1.1.5.AS71.Final.jar:2012-02-10 15:31]
	at org.jboss.weld.introspector.jlr.WeldClassImpl.of(WeldClassImpl.java:118) [weld-core-1.1.5.AS71.Final.jar:2012-02-10 15:31]
	at org.jboss.weld.resources.ClassTransformer$TransformTypeToWeldClass.apply(ClassTransformer.java:49) [weld-core-1.1.5.AS71.Final.jar:2012-02-10 15:31]
	at org.jboss.weld.resources.ClassTransformer$TransformTypeToWeldClass.apply(ClassTransformer.java:40) [weld-core-1.1.5.AS71.Final.jar:2012-02-10 15:31]
	at com.google.common.collect.ComputingConcurrentHashMap$ComputingValueReference.compute(ComputingConcurrentHashMap.java:355) [guava-14.0.1.jar:]
	at com.google.common.collect.ComputingConcurrentHashMap$ComputingSegment.compute(ComputingConcurrentHashMap.java:184) [guava-14.0.1.jar:]
	at com.google.common.collect.ComputingConcurrentHashMap$ComputingSegment.getOrCompute(ComputingConcurrentHashMap.java:153) [guava-14.0.1.jar:]
	at com.google.common.collect.ComputingConcurrentHashMap.getOrCompute(ComputingConcurrentHashMap.java:69) [guava-14.0.1.jar:]
	at com.google.common.collect.ComputingConcurrentHashMap$ComputingMapAdapter.get(ComputingConcurrentHashMap.java:393)
	at org.jboss.weld.resources.ClassTransformer.loadClass(ClassTransformer.java:149) [weld-core-1.1.5.AS71.Final.jar:2012-02-10 15:31]
	... 11 more
Caused by: java.lang.ClassNotFoundException: org.dejava.component.faces.test.converter.InvRegexConvTest from [Module &quot;deployment.7974a98b-ae3a-4a36-bac7-d8b351432fde.war:main&quot; from Service Module Loader]
	at org.jboss.modules.ModuleClassLoader.findClass(ModuleClassLoader.java:190)
	at org.jboss.modules.ConcurrentClassLoader.performLoadClassUnchecked(ConcurrentClassLoader.java:468)
	at org.jboss.modules.ConcurrentClassLoader.performLoadClassChecked(ConcurrentClassLoader.java:456)
	at org.jboss.modules.ConcurrentClassLoader.performLoadClass(ConcurrentClassLoader.java:398)
	at org.jboss.modules.ConcurrentClassLoader.loadClass(ConcurrentClassLoader.java:120)
	... 29 more

14:43:55,971 INFO  [org.jboss.weld.ClassLoading] (MSC service thread 1-4) WELD-000119 Not generating any bean definitions from org.dejava.component.faces.test.converter.InvRegexConvTest$FillFormAndSubmit because of underlying class loading error
14:43:55,973 INFO  [org.jboss.weld.ClassLoading] (MSC service thread 1-4) catching: org.jboss.weld.resources.spi.ResourceLoadingException: Error loading class org.dejava.component.faces.test.converter.InvRegexConvTest$FillFormAndSubmit
	at org.jboss.weld.resources.ClassTransformer.loadClass(ClassTransformer.java:152) [weld-core-1.1.5.AS71.Final.jar:2012-02-10 15:31]
	at org.jboss.weld.bootstrap.BeanDeployer.addClass(BeanDeployer.java:86) [weld-core-1.1.5.AS71.Final.jar:2012-02-10 15:31]
	at org.jboss.weld.bootstrap.BeanDeployer.addClasses(BeanDeployer.java:115) [weld-core-1.1.5.AS71.Final.jar:2012-02-10 15:31]
	at org.jboss.weld.bootstrap.BeanDeployment.createBeans(BeanDeployment.java:171) [weld-core-1.1.5.AS71.Final.jar:2012-02-10 15:31]
	at org.jboss.weld.bootstrap.WeldBootstrap.deployBeans(WeldBootstrap.java:336) [weld-core-1.1.5.AS71.Final.jar:2012-02-10 15:31]
	at org.jboss.as.weld.WeldContainer.start(WeldContainer.java:82) [jboss-as-weld-7.1.1.Final.jar:7.1.1.Final]
	at org.jboss.as.weld.services.WeldService.start(WeldService.java:76) [jboss-as-weld-7.1.1.Final.jar:7.1.1.Final]
	at org.jboss.msc.service.ServiceControllerImpl$StartTask.startService(ServiceControllerImpl.java:1811)
	at org.jboss.msc.service.ServiceControllerImpl$StartTask.run(ServiceControllerImpl.java:1746)
	at java.util.concurrent.ThreadPoolExecutor.runWorker(ThreadPoolExecutor.java:1145) [rt.jar:1.7.0_25]
	at java.util.concurrent.ThreadPoolExecutor$Worker.run(ThreadPoolExecutor.java:615) [rt.jar:1.7.0_25]
	at java.lang.Thread.run(Thread.java:724) [rt.jar:1.7.0_25]
Caused by: java.lang.NoClassDefFoundError: Lorg/dejava/component/faces/test/converter/InvRegexConvTest;
	at java.lang.Class.getDeclaredFields0(Native Method) [rt.jar:1.7.0_25]
	at java.lang.Class.privateGetDeclaredFields(Class.java:2387) [rt.jar:1.7.0_25]
	at java.lang.Class.getDeclaredFields(Class.java:1796) [rt.jar:1.7.0_25]
	at org.jboss.weld.util.reflection.SecureReflections$4.work(SecureReflections.java:102) [weld-core-1.1.5.AS71.Final.jar:2012-02-10 15:31]
	at org.jboss.weld.util.reflection.SecureReflections$4.work(SecureReflections.java:99) [weld-core-1.1.5.AS71.Final.jar:2012-02-10 15:31]
	at org.jboss.weld.util.reflection.SecureReflectionAccess.run(SecureReflectionAccess.java:52) [weld-core-1.1.5.AS71.Final.jar:2012-02-10 15:31]
	at org.jboss.weld.util.reflection.SecureReflectionAccess.runAndWrap(SecureReflectionAccess.java:63) [weld-core-1.1.5.AS71.Final.jar:2012-02-10 15:31]
	at org.jboss.weld.util.reflection.SecureReflections.getDeclaredFields(SecureReflections.java:99) [weld-core-1.1.5.AS71.Final.jar:2012-02-10 15:31]
	at org.jboss.weld.introspector.jlr.WeldClassImpl.&lt;init&gt;(WeldClassImpl.java:153) [weld-core-1.1.5.AS71.Final.jar:2012-02-10 15:31]
	at org.jboss.weld.introspector.jlr.WeldClassImpl.of(WeldClassImpl.java:118) [weld-core-1.1.5.AS71.Final.jar:2012-02-10 15:31]
	at org.jboss.weld.resources.ClassTransformer$TransformTypeToWeldClass.apply(ClassTransformer.java:49) [weld-core-1.1.5.AS71.Final.jar:2012-02-10 15:31]
	at org.jboss.weld.resources.ClassTransformer$TransformTypeToWeldClass.apply(ClassTransformer.java:40) [weld-core-1.1.5.AS71.Final.jar:2012-02-10 15:31]
	at com.google.common.collect.ComputingConcurrentHashMap$ComputingValueReference.compute(ComputingConcurrentHashMap.java:355) [guava-14.0.1.jar:]
	at com.google.common.collect.ComputingConcurrentHashMap$ComputingSegment.compute(ComputingConcurrentHashMap.java:184) [guava-14.0.1.jar:]
	at com.google.common.collect.ComputingConcurrentHashMap$ComputingSegment.getOrCompute(ComputingConcurrentHashMap.java:153) [guava-14.0.1.jar:]
	at com.google.common.collect.ComputingConcurrentHashMap.getOrCompute(ComputingConcurrentHashMap.java:69) [guava-14.0.1.jar:]
	at com.google.common.collect.ComputingConcurrentHashMap$ComputingMapAdapter.get(ComputingConcurrentHashMap.java:393)
	at org.jboss.weld.resources.ClassTransformer.loadClass(ClassTransformer.java:149) [weld-core-1.1.5.AS71.Final.jar:2012-02-10 15:31]
	... 11 more
Caused by: java.lang.ClassNotFoundException: org.dejava.component.faces.test.converter.InvRegexConvTest from [Module &quot;deployment.7974a98b-ae3a-4a36-bac7-d8b351432fde.war:main&quot; from Service Module Loader]
	at org.jboss.modules.ModuleClassLoader.findClass(ModuleClassLoader.java:190)
	at org.jboss.modules.ConcurrentClassLoader.performLoadClassUnchecked(ConcurrentClassLoader.java:468)
	at org.jboss.modules.ConcurrentClassLoader.performLoadClassChecked(ConcurrentClassLoader.java:456)
	at org.jboss.modules.ConcurrentClassLoader.performLoadClass(ConcurrentClassLoader.java:398)
	at org.jboss.modules.ConcurrentClassLoader.loadClass(ConcurrentClassLoader.java:120)
	... 29 more

14:43:56,001 INFO  [org.jboss.weld.ClassLoading] (MSC service thread 1-4) WELD-000119 Not generating any bean definitions from org.dejava.component.faces.test.converter.InvRegexConvTest$FieldInpection because of underlying class loading error
14:43:56,002 INFO  [org.jboss.weld.ClassLoading] (MSC service thread 1-4) catching: org.jboss.weld.resources.spi.ResourceLoadingException: Error loading class org.dejava.component.faces.test.converter.InvRegexConvTest$FieldInpection
	at org.jboss.weld.resources.ClassTransformer.loadClass(ClassTransformer.java:152) [weld-core-1.1.5.AS71.Final.jar:2012-02-10 15:31]
	at org.jboss.weld.bootstrap.BeanDeployer.addClass(BeanDeployer.java:86) [weld-core-1.1.5.AS71.Final.jar:2012-02-10 15:31]
	at org.jboss.weld.bootstrap.BeanDeployer.addClasses(BeanDeployer.java:115) [weld-core-1.1.5.AS71.Final.jar:2012-02-10 15:31]
	at org.jboss.weld.bootstrap.BeanDeployment.createBeans(BeanDeployment.java:171) [weld-core-1.1.5.AS71.Final.jar:2012-02-10 15:31]
	at org.jboss.weld.bootstrap.WeldBootstrap.deployBeans(WeldBootstrap.java:336) [weld-core-1.1.5.AS71.Final.jar:2012-02-10 15:31]
	at org.jboss.as.weld.WeldContainer.start(WeldContainer.java:82) [jboss-as-weld-7.1.1.Final.jar:7.1.1.Final]
	at org.jboss.as.weld.services.WeldService.start(WeldService.java:76) [jboss-as-weld-7.1.1.Final.jar:7.1.1.Final]
	at org.jboss.msc.service.ServiceControllerImpl$StartTask.startService(ServiceControllerImpl.java:1811)
	at org.jboss.msc.service.ServiceControllerImpl$StartTask.run(ServiceControllerImpl.java:1746)
	at java.util.concurrent.ThreadPoolExecutor.runWorker(ThreadPoolExecutor.java:1145) [rt.jar:1.7.0_25]
	at java.util.concurrent.ThreadPoolExecutor$Worker.run(ThreadPoolExecutor.java:615) [rt.jar:1.7.0_25]
	at java.lang.Thread.run(Thread.java:724) [rt.jar:1.7.0_25]
Caused by: java.lang.NoClassDefFoundError: Lorg/dejava/component/faces/test/converter/InvRegexConvTest;
	at java.lang.Class.getDeclaredFields0(Native Method) [rt.jar:1.7.0_25]
	at java.lang.Class.privateGetDeclaredFields(Class.java:2387) [rt.jar:1.7.0_25]
	at java.lang.Class.getDeclaredFields(Class.java:1796) [rt.jar:1.7.0_25]
	at org.jboss.weld.util.reflection.SecureReflections$4.work(SecureReflections.java:102) [weld-core-1.1.5.AS71.Final.jar:2012-02-10 15:31]
	at org.jboss.weld.util.reflection.SecureReflections$4.work(SecureReflections.java:99) [weld-core-1.1.5.AS71.Final.jar:2012-02-10 15:31]
	at org.jboss.weld.util.reflection.SecureReflectionAccess.run(SecureReflectionAccess.java:52) [weld-core-1.1.5.AS71.Final.jar:2012-02-10 15:31]
	at org.jboss.weld.util.reflection.SecureReflectionAccess.runAndWrap(SecureReflectionAccess.java:63) [weld-core-1.1.5.AS71.Final.jar:2012-02-10 15:31]
	at org.jboss.weld.util.reflection.SecureReflections.getDeclaredFields(SecureReflections.java:99) [weld-core-1.1.5.AS71.Final.jar:2012-02-10 15:31]
	at org.jboss.weld.introspector.jlr.WeldClassImpl.&lt;init&gt;(WeldClassImpl.java:153) [weld-core-1.1.5.AS71.Final.jar:2012-02-10 15:31]
	at org.jboss.weld.introspector.jlr.WeldClassImpl.of(WeldClassImpl.java:118) [weld-core-1.1.5.AS71.Final.jar:2012-02-10 15:31]
	at org.jboss.weld.resources.ClassTransformer$TransformTypeToWeldClass.apply(ClassTransformer.java:49) [weld-core-1.1.5.AS71.Final.jar:2012-02-10 15:31]
	at org.jboss.weld.resources.ClassTransformer$TransformTypeToWeldClass.apply(ClassTransformer.java:40) [weld-core-1.1.5.AS71.Final.jar:2012-02-10 15:31]
	at com.google.common.collect.ComputingConcurrentHashMap$ComputingValueReference.compute(ComputingConcurrentHashMap.java:355) [guava-14.0.1.jar:]
	at com.google.common.collect.ComputingConcurrentHashMap$ComputingSegment.compute(ComputingConcurrentHashMap.java:184) [guava-14.0.1.jar:]
	at com.google.common.collect.ComputingConcurrentHashMap$ComputingSegment.getOrCompute(ComputingConcurrentHashMap.java:153) [guava-14.0.1.jar:]
	at com.google.common.collect.ComputingConcurrentHashMap.getOrCompute(ComputingConcurrentHashMap.java:69) [guava-14.0.1.jar:]
	at com.google.common.collect.ComputingConcurrentHashMap$ComputingMapAdapter.get(ComputingConcurrentHashMap.java:393)
	at org.jboss.weld.resources.ClassTransformer.loadClass(ClassTransformer.java:149) [weld-core-1.1.5.AS71.Final.jar:2012-02-10 15:31]
	... 11 more
Caused by: java.lang.ClassNotFoundException: org.dejava.component.faces.test.converter.InvRegexConvTest from [Module &quot;deployment.7974a98b-ae3a-4a36-bac7-d8b351432fde.war:main&quot; from Service Module Loader]
	at org.jboss.modules.ModuleClassLoader.findClass(ModuleClassLoader.java:190)
	at org.jboss.modules.ConcurrentClassLoader.performLoadClassUnchecked(ConcurrentClassLoader.java:468)
	at org.jboss.modules.ConcurrentClassLoader.performLoadClassChecked(ConcurrentClassLoader.java:456)
	at org.jboss.modules.ConcurrentClassLoader.performLoadClass(ConcurrentClassLoader.java:398)
	at org.jboss.modules.ConcurrentClassLoader.loadClass(ConcurrentClassLoader.java:120)
	... 29 more

14:43:56,332 INFO  [javax.enterprise.resource.webcontainer.jsf.config] (MSC service thread 1-1) Inicializando Mojarra 2.1.7-jbossorg-1 (20120227-1401) para o contexto &apos;/7974a98b-ae3a-4a36-bac7-d8b351432fde&apos;
14:43:57,135 INFO  [org.hibernate.validator.util.Version] (MSC service thread 1-1) Hibernate Validator 4.2.0.Final
14:43:57,146 INFO  [org.hibernate.validator.xml.ValidationXmlParser] (MSC service thread 1-1) META-INF/validation.xml found. Parsing XML based configuration.
14:43:57,329 INFO  [org.hibernate.validator.xml.ValidationXmlParser] (MSC service thread 1-1) Using org.dejava.component.validation.object.MessageInterpolatorImpl as message interpolator.
14:43:57,926 INFO  [org.jboss.web] (MSC service thread 1-1) JBAS018210: Registering web context: /7974a98b-ae3a-4a36-bac7-d8b351432fde
14:43:58,024 INFO  [org.jboss.as.server] (management-handler-thread - 1) JBAS018559: Deployed &quot;7974a98b-ae3a-4a36-bac7-d8b351432fde.war&quot;
14:43:58.539 INFO - Property &quot;browserCapabilities&quot; was not specified, using default value of htmlUnit
</system-out>
  </testcase>
</testsuite>