<?xml version="1.0" encoding="UTF-8" ?>
<testsuite failures="0" time="19.376" errors="16" skipped="0" tests="16" name="org.dejava.component.faces.controller.test.GenericControllerTest">
  <properties>
[...]
</properties>
  <testcase time="0.179" classname="org.dejava.component.faces.controller.test.GenericControllerTest" name="testGetEntityByAttributeNullAttributeName">
    <error message="Unexpected exception, expected&lt;org.dejava.component.exception.localized.unchecked.EmptyParameterException&gt; but was&lt;java.lang.IllegalStateException&gt;" type="java.lang.Exception">java.lang.Exception: Unexpected exception, expected&lt;org.dejava.component.exception.localized.unchecked.EmptyParameterException&gt; but was&lt;java.lang.IllegalStateException&gt;
	at org.junit.internal.runners.statements.ExpectException.evaluate(ExpectException.java:31)
	at org.jboss.arquillian.junit.Arquillian$4.evaluate(Arquillian.java:226)
	at org.jboss.arquillian.junit.Arquillian.multiExecute(Arquillian.java:314)
	at org.jboss.arquillian.junit.Arquillian.access$100(Arquillian.java:46)
	at org.jboss.arquillian.junit.Arquillian$5.evaluate(Arquillian.java:240)
	at org.junit.runners.ParentRunner.runLeaf(ParentRunner.java:263)
	at org.junit.runners.BlockJUnit4ClassRunner.runChild(BlockJUnit4ClassRunner.java:68)
	at org.junit.runners.BlockJUnit4ClassRunner.runChild(BlockJUnit4ClassRunner.java:47)
	at org.junit.runners.ParentRunner$3.run(ParentRunner.java:231)
	at org.junit.runners.ParentRunner$1.schedule(ParentRunner.java:60)
	at org.junit.runners.ParentRunner.runChildren(ParentRunner.java:229)
	at org.junit.runners.ParentRunner.access$000(ParentRunner.java:50)
	at org.junit.runners.ParentRunner$2.evaluate(ParentRunner.java:222)
	at org.jboss.arquillian.junit.Arquillian$2.evaluate(Arquillian.java:185)
	at org.jboss.arquillian.junit.Arquillian.multiExecute(Arquillian.java:314)
	at org.jboss.arquillian.junit.Arquillian.access$100(Arquillian.java:46)
	at org.jboss.arquillian.junit.Arquillian$3.evaluate(Arquillian.java:199)
	at org.junit.runners.ParentRunner.run(ParentRunner.java:300)
	at org.jboss.arquillian.junit.Arquillian.run(Arquillian.java:147)
	at org.apache.maven.surefire.junit4.JUnit4TestSet.execute(JUnit4TestSet.java:53)
	at org.apache.maven.surefire.junit4.JUnit4Provider.executeTestSet(JUnit4Provider.java:123)
	at org.apache.maven.surefire.junit4.JUnit4Provider.invoke(JUnit4Provider.java:104)
	at sun.reflect.NativeMethodAccessorImpl.invoke0(Native Method)
	at sun.reflect.NativeMethodAccessorImpl.invoke(NativeMethodAccessorImpl.java:57)
	at sun.reflect.DelegatingMethodAccessorImpl.invoke(DelegatingMethodAccessorImpl.java:43)
	at java.lang.reflect.Method.invoke(Method.java:606)
	at org.apache.maven.surefire.util.ReflectionUtils.invokeMethodWithArray(ReflectionUtils.java:164)
	at org.apache.maven.surefire.booter.ProviderFactory$ProviderProxy.invoke(ProviderFactory.java:110)
	at org.apache.maven.surefire.booter.SurefireStarter.invokeProvider(SurefireStarter.java:175)
	at org.apache.maven.surefire.booter.SurefireStarter.runSuitesInProcessWhenForked(SurefireStarter.java:107)
	at org.apache.maven.surefire.booter.ForkedBooter.main(ForkedBooter.java:68)
Caused by: java.lang.IllegalStateException: Error launching test org.dejava.component.faces.controller.test.GenericControllerTest public void org.dejava.component.faces.controller.test.component.AbstractGenericComponentTest.testGetEntityByAttributeNullAttributeName() throws java.lang.Throwable
	at org.jboss.arquillian.protocol.servlet.ServletMethodExecutor.invoke(ServletMethodExecutor.java:126)
	at org.jboss.arquillian.container.test.impl.execution.RemoteTestExecuter.execute(RemoteTestExecuter.java:120)
	at sun.reflect.NativeMethodAccessorImpl.invoke0(Native Method)
	at sun.reflect.NativeMethodAccessorImpl.invoke(NativeMethodAccessorImpl.java:57)
	at sun.reflect.DelegatingMethodAccessorImpl.invoke(DelegatingMethodAccessorImpl.java:43)
	at java.lang.reflect.Method.invoke(Method.java:606)
	at org.jboss.arquillian.core.impl.ObserverImpl.invoke(ObserverImpl.java:94)
	at org.jboss.arquillian.core.impl.EventContextImpl.invokeObservers(EventContextImpl.java:99)
	at org.jboss.arquillian.core.impl.EventContextImpl.proceed(EventContextImpl.java:81)
	at org.jboss.arquillian.core.impl.ManagerImpl.fire(ManagerImpl.java:135)
	at org.jboss.arquillian.core.impl.ManagerImpl.fire(ManagerImpl.java:115)
	at org.jboss.arquillian.core.impl.EventImpl.fire(EventImpl.java:67)
	at org.jboss.arquillian.container.test.impl.execution.ClientTestExecuter.execute(ClientTestExecuter.java:57)
	at sun.reflect.NativeMethodAccessorImpl.invoke0(Native Method)
	at sun.reflect.NativeMethodAccessorImpl.invoke(NativeMethodAccessorImpl.java:57)
	at sun.reflect.DelegatingMethodAccessorImpl.invoke(DelegatingMethodAccessorImpl.java:43)
	at java.lang.reflect.Method.invoke(Method.java:606)
	at org.jboss.arquillian.core.impl.ObserverImpl.invoke(ObserverImpl.java:94)
	at org.jboss.arquillian.core.impl.EventContextImpl.invokeObservers(EventContextImpl.java:99)
	at org.jboss.arquillian.core.impl.EventContextImpl.proceed(EventContextImpl.java:81)
	at org.jboss.arquillian.container.test.impl.client.ContainerEventController.createContext(ContainerEventController.java:142)
	at org.jboss.arquillian.container.test.impl.client.ContainerEventController.createTestContext(ContainerEventController.java:129)
	at sun.reflect.NativeMethodAccessorImpl.invoke0(Native Method)
	at sun.reflect.NativeMethodAccessorImpl.invoke(NativeMethodAccessorImpl.java:57)
	at sun.reflect.DelegatingMethodAccessorImpl.invoke(DelegatingMethodAccessorImpl.java:43)
	at java.lang.reflect.Method.invoke(Method.java:606)
	at org.jboss.arquillian.core.impl.ObserverImpl.invoke(ObserverImpl.java:94)
	at org.jboss.arquillian.core.impl.EventContextImpl.proceed(EventContextImpl.java:88)
	at org.jboss.arquillian.test.impl.TestContextHandler.createTestContext(TestContextHandler.java:89)
	at sun.reflect.NativeMethodAccessorImpl.invoke0(Native Method)
	at sun.reflect.NativeMethodAccessorImpl.invoke(NativeMethodAccessorImpl.java:57)
	at sun.reflect.DelegatingMethodAccessorImpl.invoke(DelegatingMethodAccessorImpl.java:43)
	at java.lang.reflect.Method.invoke(Method.java:606)
	at org.jboss.arquillian.core.impl.ObserverImpl.invoke(ObserverImpl.java:94)
	at org.jboss.arquillian.core.impl.EventContextImpl.proceed(EventContextImpl.java:88)
	at org.jboss.arquillian.test.impl.TestContextHandler.createClassContext(TestContextHandler.java:75)
	at sun.reflect.NativeMethodAccessorImpl.invoke0(Native Method)
	at sun.reflect.NativeMethodAccessorImpl.invoke(NativeMethodAccessorImpl.java:57)
	at sun.reflect.DelegatingMethodAccessorImpl.invoke(DelegatingMethodAccessorImpl.java:43)
	at java.lang.reflect.Method.invoke(Method.java:606)
	at org.jboss.arquillian.core.impl.ObserverImpl.invoke(ObserverImpl.java:94)
	at org.jboss.arquillian.core.impl.EventContextImpl.proceed(EventContextImpl.java:88)
	at org.jboss.arquillian.test.impl.TestContextHandler.createSuiteContext(TestContextHandler.java:60)
	at sun.reflect.NativeMethodAccessorImpl.invoke0(Native Method)
	at sun.reflect.NativeMethodAccessorImpl.invoke(NativeMethodAccessorImpl.java:57)
	at sun.reflect.DelegatingMethodAccessorImpl.invoke(DelegatingMethodAccessorImpl.java:43)
	at java.lang.reflect.Method.invoke(Method.java:606)
	at org.jboss.arquillian.core.impl.ObserverImpl.invoke(ObserverImpl.java:94)
	at org.jboss.arquillian.core.impl.EventContextImpl.proceed(EventContextImpl.java:88)
	at org.jboss.arquillian.core.impl.ManagerImpl.fire(ManagerImpl.java:135)
	at org.jboss.arquillian.test.impl.EventTestRunnerAdaptor.test(EventTestRunnerAdaptor.java:111)
	at org.jboss.arquillian.junit.Arquillian$6.evaluate(Arquillian.java:263)
	at org.junit.internal.runners.statements.ExpectException.evaluate(ExpectException.java:22)
	... 30 more
Caused by: java.lang.IllegalStateException: Error launching test at http://127.0.0.1:8080/test/ArquillianServletRunner?outputMode=serializedObject&amp;className=org.dejava.component.faces.controller.test.GenericControllerTest&amp;methodName=testGetEntityByAttributeNullAttributeName. Got 500 (Internal Server Error)
	at org.jboss.arquillian.protocol.servlet.ServletMethodExecutor.execute(ServletMethodExecutor.java:237)
	at org.jboss.arquillian.protocol.servlet.ServletMethodExecutor.executeWithRetry(ServletMethodExecutor.java:144)
	at org.jboss.arquillian.protocol.servlet.ServletMethodExecutor.invoke(ServletMethodExecutor.java:122)
	... 82 more
</error>
    <system-out>19:11:40.045 INFO - Starting container with: [&quot;C:\Program Files (x86)\Java\jdk1.7.0_25\bin\java&quot;, -Xmx512m, -XX:MaxPermSize=128m, -ea, -Djboss.home.dir=C:/servidores/jboss-as-7.1.1.Final, -Dorg.jboss.boot.log.file=C:/servidores/jboss-as-7.1.1.Final/standalone/log/boot.log, -Dlogging.configuration=file:C:/servidores/jboss-as-7.1.1.Final/standalone/configuration/logging.properties, -Djboss.bundles.dir=C:/servidores/jboss-as-7.1.1.Final\bundles, -jar, C:\servidores\jboss-as-7.1.1.Final\jboss-modules.jar, -mp, C:/servidores/jboss-as-7.1.1.Final\modules, -jaxpmodule, javax.xml.jaxp-provider, org.jboss.as.standalone, -server-config, standalone.xml]
19:11:40,458 INFO  [org.jboss.modules] JBoss Modules version 1.1.1.GA
19:11:40,650 INFO  [org.jboss.msc] JBoss MSC version 1.0.2.GA
19:11:40,712 INFO  [org.jboss.as] JBAS015899: JBoss AS 7.1.1.Final &quot;Brontes&quot; starting
19:11:41,620 INFO  [org.jboss.as.server] JBAS015888: Creating http management service using socket-binding (management-http)
19:11:41,621 INFO  [org.xnio] XNIO Version 3.0.3.GA
19:11:41,635 INFO  [org.xnio.nio] XNIO NIO Implementation Version 3.0.3.GA
19:11:41,647 INFO  [org.jboss.remoting] JBoss Remoting version 3.2.3.GA
19:11:41,657 INFO  [org.jboss.as.logging] JBAS011502: Removing bootstrap log handlers
19:11:41,661 INFO  [org.jboss.as.configadmin] (ServerService Thread Pool -- 26) JBAS016200: Activating ConfigAdmin Subsystem
19:11:41,681 INFO  [org.jboss.as.clustering.infinispan] (ServerService Thread Pool -- 31) JBAS010280: Activating Infinispan subsystem.
19:11:41,721 INFO  [org.jboss.as.naming] (ServerService Thread Pool -- 38) JBAS011800: Activating Naming Subsystem
19:11:41,741 INFO  [org.jboss.as.connector.subsystems.datasources] (ServerService Thread Pool -- 27) JBAS010403: Deploying JDBC-compliant driver class org.h2.Driver (version 1.3)
19:11:41,754 INFO  [org.jboss.as.naming] (MSC service thread 1-7) JBAS011802: Starting Naming Service
19:11:41,765 INFO  [org.jboss.as.osgi] (ServerService Thread Pool -- 39) JBAS011940: Activating OSGi Subsystem
19:11:41,768 INFO  [org.jboss.as.security] (ServerService Thread Pool -- 44) JBAS013101: Activating Security Subsystem
19:11:41,774 INFO  [org.jboss.as.webservices] (ServerService Thread Pool -- 48) JBAS015537: Activating WebServices Extension
19:11:41,873 INFO  [org.jboss.as.security] (MSC service thread 1-6) JBAS013100: Current PicketBox version=4.0.7.Final
19:11:41,883 INFO  [org.jboss.as.connector.subsystems.datasources] (ServerService Thread Pool -- 27) JBAS010404: Deploying non-JDBC-compliant driver class org.postgresql.Driver (version 9.1)
19:11:41,922 INFO  [org.jboss.as.connector] (MSC service thread 1-3) JBAS010408: Starting JCA Subsystem (JBoss IronJacamar 1.0.9.Final)
19:11:41,931 INFO  [org.jboss.as.mail.extension] (MSC service thread 1-1) JBAS015400: Bound mail session [java:jboss/mail/Default]
19:11:42,080 INFO  [org.jboss.ws.common.management.AbstractServerConfig] (MSC service thread 1-5) JBoss Web Services - Stack CXF Server 4.0.2.GA
19:11:42,385 INFO  [org.jboss.as.server.deployment.scanner] (MSC service thread 1-1) JBAS015012: Started FileSystemDeploymentService for directory C:\servidores\jboss-as-7.1.1.Final\standalone\deployments
19:11:42,426 INFO  [org.jboss.as.remoting] (MSC service thread 1-1) JBAS017100: Listening on /127.0.0.1:4447
19:11:42,426 INFO  [org.jboss.as.remoting] (MSC service thread 1-5) JBAS017100: Listening on /127.0.0.1:9999
19:11:42,447 INFO  [org.apache.coyote.http11.Http11Protocol] (MSC service thread 1-8) Starting Coyote HTTP/1.1 on http--127.0.0.1-8080
19:11:42,574 INFO  [org.jboss.as.connector.subsystems.datasources] (MSC service thread 1-6) JBAS010400: Bound data source [java:jboss/datasources/ExampleDS]
19:11:42,591 INFO  [org.jboss.as] (Controller Boot Thread) JBAS015951: Admin console listening on http://127.0.0.1:9990
19:11:42,592 INFO  [org.jboss.as] (Controller Boot Thread) JBAS015874: JBoss AS 7.1.1.Final &quot;Brontes&quot; started in 2427ms - Started 134 of 209 services (74 services are passive or on-demand)
19:11:48.231 INFO - Removed POM artifact org.jboss.arquillian.extension:arquillian-warp:pom:1.0.0.Alpha3 from archive, it&apos;s dependencies were fetched.
19:11:50,558 INFO  [org.jboss.as.repository] (management-handler-thread - 2) JBAS014900: Content added at location C:\servidores\jboss-as-7.1.1.Final\standalone\data\content\2c\5277002b01617fe3dcee40f54ab4fc6f22e80f\content
19:11:50,590 INFO  [org.jboss.as.server.deployment] (MSC service thread 1-6) JBAS015876: Starting deployment of &quot;test.war&quot;
19:11:52,317 WARN  [org.jboss.as.server.deployment] (MSC service thread 1-6) JBAS015893: Encountered invalid class name &apos;implClass=org.jboss.arquillian.config.descriptor.impl.ArquillianDescriptorImpl&apos; for service type &apos;org.jboss.arquillian.config.descriptor.api.ArquillianDescriptor&apos;
19:11:52,318 WARN  [org.jboss.as.server.deployment] (MSC service thread 1-6) JBAS015893: Encountered invalid class name &apos;importerClass=org.jboss.shrinkwrap.descriptor.spi.node.dom.XmlDomNodeDescriptorImporterImpl&apos; for service type &apos;org.jboss.arquillian.config.descriptor.api.ArquillianDescriptor&apos;
19:11:52,320 WARN  [org.jboss.as.server.deployment] (MSC service thread 1-6) JBAS015893: Encountered invalid class name &apos;defaultName=arquillian.xml&apos; for service type &apos;org.jboss.arquillian.config.descriptor.api.ArquillianDescriptor&apos;
19:11:52,322 WARN  [org.jboss.as.server.deployment] (MSC service thread 1-6) JBAS015893: Encountered invalid class name &apos;implClass=org.jboss.arquillian.protocol.servlet.arq514hack.descriptors.impl.web.WebAppDescriptorImpl&apos; for service type &apos;org.jboss.arquillian.protocol.servlet.arq514hack.descriptors.api.web.WebAppDescriptor&apos;
19:11:52,323 WARN  [org.jboss.as.server.deployment] (MSC service thread 1-6) JBAS015893: Encountered invalid class name &apos;importerClass=org.jboss.shrinkwrap.descriptor.spi.node.dom.XmlDomNodeDescriptorImporterImpl&apos; for service type &apos;org.jboss.arquillian.protocol.servlet.arq514hack.descriptors.api.web.WebAppDescriptor&apos;
19:11:52,324 WARN  [org.jboss.as.server.deployment] (MSC service thread 1-6) JBAS015893: Encountered invalid class name &apos;defaultName=web.xml&apos; for service type &apos;org.jboss.arquillian.protocol.servlet.arq514hack.descriptors.api.web.WebAppDescriptor&apos;
19:11:52,326 WARN  [org.jboss.as.server.deployment] (MSC service thread 1-6) JBAS015893: Encountered invalid class name &apos;implClass=org.jboss.arquillian.protocol.servlet.arq514hack.descriptors.impl.application.ApplicationDescriptorImpl&apos; for service type &apos;org.jboss.arquillian.protocol.servlet.arq514hack.descriptors.api.application.ApplicationDescriptor&apos;
19:11:52,327 WARN  [org.jboss.as.server.deployment] (MSC service thread 1-6) JBAS015893: Encountered invalid class name &apos;importerClass=org.jboss.shrinkwrap.descriptor.spi.node.dom.XmlDomNodeDescriptorImporterImpl&apos; for service type &apos;org.jboss.arquillian.protocol.servlet.arq514hack.descriptors.api.application.ApplicationDescriptor&apos;
19:11:52,329 WARN  [org.jboss.as.server.deployment] (MSC service thread 1-6) JBAS015893: Encountered invalid class name &apos;defaultName=application.xml&apos; for service type &apos;org.jboss.arquillian.protocol.servlet.arq514hack.descriptors.api.application.ApplicationDescriptor&apos;
19:11:52,335 INFO  [org.jboss.as.pojo] (MSC service thread 1-6) JBAS017000: Found legacy bean/pojo namespace: urn:jboss:bean-deployer:2.0 - might be missing some xml features (potential exceptions).
19:11:52,499 INFO  [org.jboss.as.jpa] (MSC service thread 1-6) JBAS011401: Read persistence.xml for TestDS
19:11:52,508 WARN  [com.arjuna.ats.jta] (Periodic Recovery) ARJUNA016037: Could not find new XAResource to use for recovering non-serializable XAResource XAResourceRecord &lt; resource:null, txid:&lt; formatId=131077, gtrid_length=29, bqual_length=36, tx_uid=0:ffffc0a80004:55534c24:51d05bdf:19, node_name=1, branch_uid=0:ffffc0a80004:55534c24:51d05bdf:1d, subordinatenodename=null, eis_name=java:/datasource/PartyDS &gt;, heuristic: TwoPhaseOutcome.FINISH_OK, product: PostgreSQL/9.1.5, jndiName: java:/datasource/PartyDS com.arjuna.ats.internal.jta.resources.arjunacore.XAResourceRecord@8e4305 &gt;
19:11:52,518 WARN  [com.arjuna.ats.jta] (Periodic Recovery) ARJUNA016037: Could not find new XAResource to use for recovering non-serializable XAResource XAResourceRecord &lt; resource:null, txid:&lt; formatId=131077, gtrid_length=29, bqual_length=36, tx_uid=0:ffffc0a80004:5562b9fb:51d0562a:22, node_name=1, branch_uid=0:ffffc0a80004:5562b9fb:51d0562a:26, subordinatenodename=null, eis_name=java:/datasource/PartyDS &gt;, heuristic: TwoPhaseOutcome.FINISH_OK, product: PostgreSQL/9.1.5, jndiName: java:/datasource/PartyDS com.arjuna.ats.internal.jta.resources.arjunacore.XAResourceRecord@1ce89aa &gt;
19:11:52,541 WARN  [com.arjuna.ats.jta] (Periodic Recovery) ARJUNA016037: Could not find new XAResource to use for recovering non-serializable XAResource XAResourceRecord &lt; resource:null, txid:&lt; formatId=131077, gtrid_length=29, bqual_length=36, tx_uid=0:ffffc0a80004:5562b9fb:51d0562a:8, node_name=1, branch_uid=0:ffffc0a80004:5562b9fb:51d0562a:f, subordinatenodename=null, eis_name=java:/datasource/PartyDS &gt;, heuristic: TwoPhaseOutcome.FINISH_OK, product: PostgreSQL/9.1.5, jndiName: java:/datasource/PartyDS com.arjuna.ats.internal.jta.resources.arjunacore.XAResourceRecord@1b3bb0a &gt;
19:11:52,680 INFO  [org.jboss.weld.deployer] (MSC service thread 1-2) JBAS016002: Processing weld deployment test.war
19:11:52,690 INFO  [org.jboss.as.ejb3.deployment.processors.EjbJndiBindingsDeploymentUnitProcessor] (MSC service thread 1-2) JNDI bindings for session bean named Component/Test/FakeEntityComponent in deployment unit deployment &quot;test.war&quot; are as follows:

	java:global/test/Component/Test/FakeEntityComponent!org.dejava.component.faces.controller.test.util.FakeEntityComponent
	java:app/test/Component/Test/FakeEntityComponent!org.dejava.component.faces.controller.test.util.FakeEntityComponent
	java:module/Component/Test/FakeEntityComponent!org.dejava.component.faces.controller.test.util.FakeEntityComponent
	java:global/test/Component/Test/FakeEntityComponent
	java:app/test/Component/Test/FakeEntityComponent
	java:module/Component/Test/FakeEntityComponent

19:11:52,842 INFO  [org.jboss.weld.deployer] (MSC service thread 1-6) JBAS016005: Starting Services for CDI deployment: test.war
19:11:52,873 INFO  [org.jboss.weld.Version] (MSC service thread 1-6) WELD-000900 1.1.5 (AS71)
19:11:52,930 INFO  [org.jboss.as.connector.subsystems.datasources] (MSC service thread 1-6) JBAS010400: Bound data source [datasource/TestDS]
19:11:52,932 INFO  [org.jboss.as.jpa] (MSC service thread 1-7) JBAS011402: Starting Persistence Unit Service &apos;test.war#TestDS&apos;
19:11:53,219 INFO  [org.hibernate.annotations.common.Version] (MSC service thread 1-7) HCANN000001: Hibernate Commons Annotations {4.0.1.Final}
19:11:53,226 INFO  [org.hibernate.Version] (MSC service thread 1-7) HHH000412: Hibernate Core {4.0.1.Final}
19:11:53,228 INFO  [org.hibernate.cfg.Environment] (MSC service thread 1-7) HHH000206: hibernate.properties not found
19:11:53,231 INFO  [org.hibernate.cfg.Environment] (MSC service thread 1-7) HHH000021: Bytecode provider name : javassist
19:11:53,249 INFO  [org.hibernate.ejb.Ejb3Configuration] (MSC service thread 1-7) HHH000204: Processing PersistenceUnitInfo [
	name: TestDS
	...]
19:11:53,427 INFO  [org.hibernate.service.jdbc.connections.internal.ConnectionProviderInitiator] (MSC service thread 1-7) HHH000130: Instantiating explicit connection provider: org.hibernate.ejb.connection.InjectedDataSourceConnectionProvider
19:11:53,609 INFO  [org.hibernate.dialect.Dialect] (MSC service thread 1-7) HHH000400: Using dialect: org.hibernate.dialect.PostgreSQLDialect
19:11:53,620 INFO  [org.hibernate.engine.jdbc.internal.LobCreatorBuilder] (MSC service thread 1-7) HHH000424: Disabling contextual LOB creation as createClob() method threw error : java.lang.reflect.InvocationTargetException
19:11:53,628 INFO  [org.hibernate.engine.transaction.internal.TransactionFactoryInitiator] (MSC service thread 1-7) HHH000268: Transaction strategy: org.hibernate.engine.transaction.internal.jta.CMTTransactionFactory
19:11:53,631 INFO  [org.hibernate.hql.internal.ast.ASTQueryTranslatorFactory] (MSC service thread 1-7) HHH000397: Using ASTQueryTranslatorFactory
19:11:53,663 INFO  [org.hibernate.validator.util.Version] (MSC service thread 1-7) Hibernate Validator 4.2.0.Final
19:11:54,069 INFO  [org.hibernate.tool.hbm2ddl.SchemaExport] (MSC service thread 1-7) HHH000227: Running hbm2ddl schema export
19:11:54,077 ERROR [org.hibernate.tool.hbm2ddl.SchemaExport] (MSC service thread 1-7) HHH000389: Unsuccessful: drop sequence hibernate_sequence
19:11:54,078 ERROR [org.hibernate.tool.hbm2ddl.SchemaExport] (MSC service thread 1-7) ERRO: sequ�ncia &quot;hibernate_sequence&quot; n�o existe
19:11:54,089 INFO  [org.hibernate.tool.hbm2ddl.SchemaExport] (MSC service thread 1-7) HHH000230: Schema export complete
19:11:54,115 INFO  [org.jboss.weld.deployer] (MSC service thread 1-3) JBAS016008: Starting weld service for deployment test.war
19:11:54,380 INFO  [org.jboss.weld.ClassLoading] (MSC service thread 1-3) WELD-000119 Not generating any bean definitions from org.dejava.component.faces.message.test.FacesMessageHandlerTest because of underlying class loading error
19:11:54,382 INFO  [org.jboss.weld.ClassLoading] (MSC service thread 1-3) catching: org.jboss.weld.resources.spi.ResourceLoadingException: Error loading class org.dejava.component.faces.message.test.FacesMessageHandlerTest
	at org.jboss.weld.resources.ClassTransformer.loadClass(ClassTransformer.java:152) [weld-core-1.1.5.AS71.Final.jar:2012-02-10 15:31]
	at org.jboss.weld.bootstrap.BeanDeployer.addClass(BeanDeployer.java:86) [weld-core-1.1.5.AS71.Final.jar:2012-02-10 15:31]
	at org.jboss.weld.bootstrap.BeanDeployer.addClasses(BeanDeployer.java:115) [weld-core-1.1.5.AS71.Final.jar:2012-02-10 15:31]
	at org.jboss.weld.bootstrap.BeanDeployment.createBeans(BeanDeployment.java:171) [weld-core-1.1.5.AS71.Final.jar:2012-02-10 15:31]
	at org.jboss.weld.bootstrap.WeldBootstrap.deployBeans(WeldBootstrap.java:336) [weld-core-1.1.5.AS71.Final.jar:2012-02-10 15:31]
	at org.jboss.as.weld.WeldContainer.start(WeldContainer.java:82) [jboss-as-weld-7.1.1.Final.jar:7.1.1.Final]
	at org.jboss.as.weld.services.WeldService.start(WeldService.java:76) [jboss-as-weld-7.1.1.Final.jar:7.1.1.Final]
	at org.jboss.msc.service.ServiceControllerImpl$StartTask.startService(ServiceControllerImpl.java:1811)
	at org.jboss.msc.service.ServiceControllerImpl$StartTask.run(ServiceControllerImpl.java:1746)
	at java.util.concurrent.ThreadPoolExecutor.runWorker(ThreadPoolExecutor.java:1145) [rt.jar:1.7.0_25]
	at java.util.concurrent.ThreadPoolExecutor$Worker.run(ThreadPoolExecutor.java:615) [rt.jar:1.7.0_25]
	at java.lang.Thread.run(Thread.java:724) [rt.jar:1.7.0_25]
Caused by: java.lang.NoClassDefFoundError: Lorg/openqa/selenium/WebDriver;
	at java.lang.Class.getDeclaredFields0(Native Method) [rt.jar:1.7.0_25]
	at java.lang.Class.privateGetDeclaredFields(Class.java:2387) [rt.jar:1.7.0_25]
	at java.lang.Class.getDeclaredFields(Class.java:1796) [rt.jar:1.7.0_25]
	at org.jboss.weld.util.reflection.SecureReflections$4.work(SecureReflections.java:102) [weld-core-1.1.5.AS71.Final.jar:2012-02-10 15:31]
	at org.jboss.weld.util.reflection.SecureReflections$4.work(SecureReflections.java:99) [weld-core-1.1.5.AS71.Final.jar:2012-02-10 15:31]
	at org.jboss.weld.util.reflection.SecureReflectionAccess.run(SecureReflectionAccess.java:52) [weld-core-1.1.5.AS71.Final.jar:2012-02-10 15:31]
	at org.jboss.weld.util.reflection.SecureReflectionAccess.runAndWrap(SecureReflectionAccess.java:63) [weld-core-1.1.5.AS71.Final.jar:2012-02-10 15:31]
	at org.jboss.weld.util.reflection.SecureReflections.getDeclaredFields(SecureReflections.java:99) [weld-core-1.1.5.AS71.Final.jar:2012-02-10 15:31]
	at org.jboss.weld.introspector.jlr.WeldClassImpl.&lt;init&gt;(WeldClassImpl.java:153) [weld-core-1.1.5.AS71.Final.jar:2012-02-10 15:31]
	at org.jboss.weld.introspector.jlr.WeldClassImpl.of(WeldClassImpl.java:118) [weld-core-1.1.5.AS71.Final.jar:2012-02-10 15:31]
	at org.jboss.weld.resources.ClassTransformer$TransformTypeToWeldClass.apply(ClassTransformer.java:49) [weld-core-1.1.5.AS71.Final.jar:2012-02-10 15:31]
	at org.jboss.weld.resources.ClassTransformer$TransformTypeToWeldClass.apply(ClassTransformer.java:40) [weld-core-1.1.5.AS71.Final.jar:2012-02-10 15:31]
	at com.google.common.collect.ComputingConcurrentHashMap$ComputingValueReference.compute(ComputingConcurrentHashMap.java:355) [guava-14.0.1.jar:]
	at com.google.common.collect.ComputingConcurrentHashMap$ComputingSegment.compute(ComputingConcurrentHashMap.java:184) [guava-14.0.1.jar:]
	at com.google.common.collect.ComputingConcurrentHashMap$ComputingSegment.getOrCompute(ComputingConcurrentHashMap.java:153) [guava-14.0.1.jar:]
	at com.google.common.collect.ComputingConcurrentHashMap.getOrCompute(ComputingConcurrentHashMap.java:69) [guava-14.0.1.jar:]
	at com.google.common.collect.ComputingConcurrentHashMap$ComputingMapAdapter.get(ComputingConcurrentHashMap.java:393)
	at org.jboss.weld.resources.ClassTransformer.loadClass(ClassTransformer.java:149) [weld-core-1.1.5.AS71.Final.jar:2012-02-10 15:31]
	... 11 more
Caused by: java.lang.ClassNotFoundException: org.openqa.selenium.WebDriver from [Module &quot;deployment.test.war:main&quot; from Service Module Loader]
	at org.jboss.modules.ModuleClassLoader.findClass(ModuleClassLoader.java:190)
	at org.jboss.modules.ConcurrentClassLoader.performLoadClassUnchecked(ConcurrentClassLoader.java:468)
	at org.jboss.modules.ConcurrentClassLoader.performLoadClassChecked(ConcurrentClassLoader.java:456)
	at org.jboss.modules.ConcurrentClassLoader.performLoadClass(ConcurrentClassLoader.java:398)
	at org.jboss.modules.ConcurrentClassLoader.loadClass(ConcurrentClassLoader.java:120)
	... 29 more

19:11:54,830 INFO  [javax.enterprise.resource.webcontainer.jsf.config] (MSC service thread 1-1) Inicializando Mojarra 2.1.7-jbossorg-1 (20120227-1401) para o contexto &apos;/test&apos;
19:11:55,896 INFO  [org.jboss.web] (MSC service thread 1-1) JBAS018210: Registering web context: /test
19:11:55,944 INFO  [org.jboss.as.server] (management-handler-thread - 2) JBAS018559: Deployed &quot;test.war&quot;
19:11:56,475 ERROR [org.apache.catalina.core.ContainerBase.[jboss.web].[default-host].[/test].[ArquillianServletRunner]] (http--127.0.0.1-8080-1) Servlet.service() for servlet ArquillianServletRunner threw exception: java.lang.IllegalArgumentException: No Context registered with support for scope: interface org.jboss.arquillian.warp.spi.context.RequestScoped
	at org.jboss.arquillian.core.impl.ManagerImpl.bind(ManagerImpl.java:169) [arquillian-core.jar:]
	at org.jboss.arquillian.warp.impl.server.execution.WarpFilter.doFilterWarp(WarpFilter.java:137) [arquillian-warp-impl-1.0.0.Alpha3.jar:1.0.0.Alpha3]
	at org.jboss.arquillian.warp.impl.server.execution.WarpFilter.doFilterHttp(WarpFilter.java:117) [arquillian-warp-impl-1.0.0.Alpha3.jar:1.0.0.Alpha3]
	at org.jboss.arquillian.warp.impl.server.execution.WarpFilter.doFilter(WarpFilter.java:90) [arquillian-warp-impl-1.0.0.Alpha3.jar:1.0.0.Alpha3]
	at org.apache.catalina.core.ApplicationFilterChain.internalDoFilter(ApplicationFilterChain.java:280) [jbossweb-7.0.13.Final.jar:]
	at org.apache.catalina.core.ApplicationFilterChain.doFilter(ApplicationFilterChain.java:248) [jbossweb-7.0.13.Final.jar:]
	at org.apache.catalina.core.StandardWrapperValve.invoke(StandardWrapperValve.java:275) [jbossweb-7.0.13.Final.jar:]
	at org.apache.catalina.core.StandardContextValve.invoke(StandardContextValve.java:161) [jbossweb-7.0.13.Final.jar:]
	at org.jboss.as.jpa.interceptor.WebNonTxEmCloserValve.invoke(WebNonTxEmCloserValve.java:50) [jboss-as-jpa-7.1.1.Final.jar:7.1.1.Final]
	at org.jboss.as.web.security.SecurityContextAssociationValve.invoke(SecurityContextAssociationValve.java:153) [jboss-as-web-7.1.1.Final.jar:7.1.1.Final]
	at org.apache.catalina.core.StandardHostValve.invoke(StandardHostValve.java:155) [jbossweb-7.0.13.Final.jar:]
	at org.apache.catalina.valves.ErrorReportValve.invoke(ErrorReportValve.java:102) [jbossweb-7.0.13.Final.jar:]
	at org.apache.catalina.core.StandardEngineValve.invoke(StandardEngineValve.java:109) [jbossweb-7.0.13.Final.jar:]
	at org.apache.catalina.connector.CoyoteAdapter.service(CoyoteAdapter.java:368) [jbossweb-7.0.13.Final.jar:]
	at org.apache.coyote.http11.Http11Processor.process(Http11Processor.java:877) [jbossweb-7.0.13.Final.jar:]
	at org.apache.coyote.http11.Http11Protocol$Http11ConnectionHandler.process(Http11Protocol.java:671) [jbossweb-7.0.13.Final.jar:]
	at org.apache.tomcat.util.net.JIoEndpoint$Worker.run(JIoEndpoint.java:930) [jbossweb-7.0.13.Final.jar:]
	at java.lang.Thread.run(Thread.java:724) [rt.jar:1.7.0_25]

19:11:56,475 ERROR [org.apache.catalina.core.ContainerBase.[jboss.web].[default-host].[/test].[ArquillianServletRunner]] (http--127.0.0.1-8080-2) Servlet.service() for servlet ArquillianServletRunner threw exception: java.lang.IllegalArgumentException: No Context registered with support for scope: interface org.jboss.arquillian.warp.spi.context.RequestScoped
	at org.jboss.arquillian.core.impl.ManagerImpl.bind(ManagerImpl.java:169) [arquillian-core.jar:]
	at org.jboss.arquillian.warp.impl.server.execution.WarpFilter.doFilterWarp(WarpFilter.java:137) [arquillian-warp-impl-1.0.0.Alpha3.jar:1.0.0.Alpha3]
	at org.jboss.arquillian.warp.impl.server.execution.WarpFilter.doFilterHttp(WarpFilter.java:117) [arquillian-warp-impl-1.0.0.Alpha3.jar:1.0.0.Alpha3]
	at org.jboss.arquillian.warp.impl.server.execution.WarpFilter.doFilter(WarpFilter.java:90) [arquillian-warp-impl-1.0.0.Alpha3.jar:1.0.0.Alpha3]
	at org.apache.catalina.core.ApplicationFilterChain.internalDoFilter(ApplicationFilterChain.java:280) [jbossweb-7.0.13.Final.jar:]
	at org.apache.catalina.core.ApplicationFilterChain.doFilter(ApplicationFilterChain.java:248) [jbossweb-7.0.13.Final.jar:]
	at org.apache.catalina.core.StandardWrapperValve.invoke(StandardWrapperValve.java:275) [jbossweb-7.0.13.Final.jar:]
	at org.apache.catalina.core.StandardContextValve.invoke(StandardContextValve.java:161) [jbossweb-7.0.13.Final.jar:]
	at org.jboss.as.jpa.interceptor.WebNonTxEmCloserValve.invoke(WebNonTxEmCloserValve.java:50) [jboss-as-jpa-7.1.1.Final.jar:7.1.1.Final]
	at org.jboss.as.web.security.SecurityContextAssociationValve.invoke(SecurityContextAssociationValve.java:153) [jboss-as-web-7.1.1.Final.jar:7.1.1.Final]
	at org.apache.catalina.core.StandardHostValve.invoke(StandardHostValve.java:155) [jbossweb-7.0.13.Final.jar:]
	at org.apache.catalina.valves.ErrorReportValve.invoke(ErrorReportValve.java:102) [jbossweb-7.0.13.Final.jar:]
	at org.apache.catalina.core.StandardEngineValve.invoke(StandardEngineValve.java:109) [jbossweb-7.0.13.Final.jar:]
	at org.apache.catalina.connector.CoyoteAdapter.service(CoyoteAdapter.java:368) [jbossweb-7.0.13.Final.jar:]
	at org.apache.coyote.http11.Http11Processor.process(Http11Processor.java:877) [jbossweb-7.0.13.Final.jar:]
	at org.apache.coyote.http11.Http11Protocol$Http11ConnectionHandler.process(Http11Protocol.java:671) [jbossweb-7.0.13.Final.jar:]
	at org.apache.tomcat.util.net.JIoEndpoint$Worker.run(JIoEndpoint.java:930) [jbossweb-7.0.13.Final.jar:]
	at java.lang.Thread.run(Thread.java:724) [rt.jar:1.7.0_25]

19:11:56,503 ERROR [org.apache.catalina.core.ContainerBase.[jboss.web].[default-host].[/test].[ArquillianServletRunner]] (http--127.0.0.1-8080-1) Servlet.service() for servlet ArquillianServletRunner threw exception: java.lang.IllegalArgumentException: No Context registered with support for scope: interface org.jboss.arquillian.warp.spi.context.RequestScoped
	at org.jboss.arquillian.core.impl.ManagerImpl.bind(ManagerImpl.java:169) [arquillian-core.jar:]
	at org.jboss.arquillian.warp.impl.server.execution.WarpFilter.doFilterWarp(WarpFilter.java:137) [arquillian-warp-impl-1.0.0.Alpha3.jar:1.0.0.Alpha3]
	at org.jboss.arquillian.warp.impl.server.execution.WarpFilter.doFilterHttp(WarpFilter.java:117) [arquillian-warp-impl-1.0.0.Alpha3.jar:1.0.0.Alpha3]
	at org.jboss.arquillian.warp.impl.server.execution.WarpFilter.doFilter(WarpFilter.java:90) [arquillian-warp-impl-1.0.0.Alpha3.jar:1.0.0.Alpha3]
	at org.apache.catalina.core.ApplicationFilterChain.internalDoFilter(ApplicationFilterChain.java:280) [jbossweb-7.0.13.Final.jar:]
	at org.apache.catalina.core.ApplicationFilterChain.doFilter(ApplicationFilterChain.java:248) [jbossweb-7.0.13.Final.jar:]
	at org.apache.catalina.core.StandardWrapperValve.invoke(StandardWrapperValve.java:275) [jbossweb-7.0.13.Final.jar:]
	at org.apache.catalina.core.StandardContextValve.invoke(StandardContextValve.java:161) [jbossweb-7.0.13.Final.jar:]
	at org.jboss.as.jpa.interceptor.WebNonTxEmCloserValve.invoke(WebNonTxEmCloserValve.java:50) [jboss-as-jpa-7.1.1.Final.jar:7.1.1.Final]
	at org.jboss.as.web.security.SecurityContextAssociationValve.invoke(SecurityContextAssociationValve.java:153) [jboss-as-web-7.1.1.Final.jar:7.1.1.Final]
	at org.apache.catalina.core.StandardHostValve.invoke(StandardHostValve.java:155) [jbossweb-7.0.13.Final.jar:]
	at org.apache.catalina.valves.ErrorReportValve.invoke(ErrorReportValve.java:102) [jbossweb-7.0.13.Final.jar:]
	at org.apache.catalina.core.StandardEngineValve.invoke(StandardEngineValve.java:109) [jbossweb-7.0.13.Final.jar:]
	at org.apache.catalina.connector.CoyoteAdapter.service(CoyoteAdapter.java:368) [jbossweb-7.0.13.Final.jar:]
	at org.apache.coyote.http11.Http11Processor.process(Http11Processor.java:877) [jbossweb-7.0.13.Final.jar:]
	at org.apache.coyote.http11.Http11Protocol$Http11ConnectionHandler.process(Http11Protocol.java:671) [jbossweb-7.0.13.Final.jar:]
	at org.apache.tomcat.util.net.JIoEndpoint$Worker.run(JIoEndpoint.java:930) [jbossweb-7.0.13.Final.jar:]
	at java.lang.Thread.run(Thread.java:724) [rt.jar:1.7.0_25]

</system-out>
    <system-err>log4j:WARN No appenders could be found for logger (org.jboss.logging).
log4j:WARN Please initialize the log4j system properly.
log4j:WARN See http://logging.apache.org/log4j/1.2/faq.html#noconfig for more info.
Jul 11, 2013 7:11:38 PM org.jboss.arquillian.drone.webdriver.factory.remote.reusable.ReusedSessionPernamentFileStorage readStore
INFO: Reused session store is not available at D:\usuarios\rvcoutinho\.drone-webdriver-session-store, a new one will be created.
java.lang.IllegalStateException: Error launching test at http://127.0.0.1:8080/test/ArquillianServletRunner?outputMode=serializedObject&amp;className=org.dejava.component.faces.controller.test.GenericControllerTest&amp;methodName=testGetEntityByAttributeNullAttributeName&amp;cmd=event. Got 500 (Internal Server Error)
	at org.jboss.arquillian.protocol.servlet.ServletMethodExecutor.execute(ServletMethodExecutor.java:237)
	at org.jboss.arquillian.protocol.servlet.ServletMethodExecutor.access$000(ServletMethodExecutor.java:43)
	at org.jboss.arquillian.protocol.servlet.ServletMethodExecutor$1.run(ServletMethodExecutor.java:99)
	at java.util.TimerThread.mainLoop(Timer.java:555)
	at java.util.TimerThread.run(Timer.java:505)
</system-err>
  </testcase>
  <testcase time="0.019" classname="org.dejava.component.faces.controller.test.GenericControllerTest" name="testGetEntityByAttributeDuplicateAttribute">
    <error message="Unexpected exception, expected&lt;org.dejava.component.exception.localized.unchecked.InvalidParameterException&gt; but was&lt;java.lang.IllegalStateException&gt;" type="java.lang.Exception">java.lang.Exception: Unexpected exception, expected&lt;org.dejava.component.exception.localized.unchecked.InvalidParameterException&gt; but was&lt;java.lang.IllegalStateException&gt;
	at org.junit.internal.runners.statements.ExpectException.evaluate(ExpectException.java:31)
	at org.jboss.arquillian.junit.Arquillian$4.evaluate(Arquillian.java:226)
	at org.jboss.arquillian.junit.Arquillian.multiExecute(Arquillian.java:314)
	at org.jboss.arquillian.junit.Arquillian.access$100(Arquillian.java:46)
	at org.jboss.arquillian.junit.Arquillian$5.evaluate(Arquillian.java:240)
	at org.junit.runners.ParentRunner.runLeaf(ParentRunner.java:263)
	at org.junit.runners.BlockJUnit4ClassRunner.runChild(BlockJUnit4ClassRunner.java:68)
	at org.junit.runners.BlockJUnit4ClassRunner.runChild(BlockJUnit4ClassRunner.java:47)
	at org.junit.runners.ParentRunner$3.run(ParentRunner.java:231)
	at org.junit.runners.ParentRunner$1.schedule(ParentRunner.java:60)
	at org.junit.runners.ParentRunner.runChildren(ParentRunner.java:229)
	at org.junit.runners.ParentRunner.access$000(ParentRunner.java:50)
	at org.junit.runners.ParentRunner$2.evaluate(ParentRunner.java:222)
	at org.jboss.arquillian.junit.Arquillian$2.evaluate(Arquillian.java:185)
	at org.jboss.arquillian.junit.Arquillian.multiExecute(Arquillian.java:314)
	at org.jboss.arquillian.junit.Arquillian.access$100(Arquillian.java:46)
	at org.jboss.arquillian.junit.Arquillian$3.evaluate(Arquillian.java:199)
	at org.junit.runners.ParentRunner.run(ParentRunner.java:300)
	at org.jboss.arquillian.junit.Arquillian.run(Arquillian.java:147)
	at org.apache.maven.surefire.junit4.JUnit4TestSet.execute(JUnit4TestSet.java:53)
	at org.apache.maven.surefire.junit4.JUnit4Provider.executeTestSet(JUnit4Provider.java:123)
	at org.apache.maven.surefire.junit4.JUnit4Provider.invoke(JUnit4Provider.java:104)
	at sun.reflect.NativeMethodAccessorImpl.invoke0(Native Method)
	at sun.reflect.NativeMethodAccessorImpl.invoke(NativeMethodAccessorImpl.java:57)
	at sun.reflect.DelegatingMethodAccessorImpl.invoke(DelegatingMethodAccessorImpl.java:43)
	at java.lang.reflect.Method.invoke(Method.java:606)
	at org.apache.maven.surefire.util.ReflectionUtils.invokeMethodWithArray(ReflectionUtils.java:164)
	at org.apache.maven.surefire.booter.ProviderFactory$ProviderProxy.invoke(ProviderFactory.java:110)
	at org.apache.maven.surefire.booter.SurefireStarter.invokeProvider(SurefireStarter.java:175)
	at org.apache.maven.surefire.booter.SurefireStarter.runSuitesInProcessWhenForked(SurefireStarter.java:107)
	at org.apache.maven.surefire.booter.ForkedBooter.main(ForkedBooter.java:68)
Caused by: java.lang.IllegalStateException: Error launching test org.dejava.component.faces.controller.test.GenericControllerTest public void org.dejava.component.faces.controller.test.component.AbstractGenericComponentTest.testGetEntityByAttributeDuplicateAttribute() throws java.lang.Throwable
	at org.jboss.arquillian.protocol.servlet.ServletMethodExecutor.invoke(ServletMethodExecutor.java:126)
	at org.jboss.arquillian.container.test.impl.execution.RemoteTestExecuter.execute(RemoteTestExecuter.java:120)
	at sun.reflect.NativeMethodAccessorImpl.invoke0(Native Method)
	at sun.reflect.NativeMethodAccessorImpl.invoke(NativeMethodAccessorImpl.java:57)
	at sun.reflect.DelegatingMethodAccessorImpl.invoke(DelegatingMethodAccessorImpl.java:43)
	at java.lang.reflect.Method.invoke(Method.java:606)
	at org.jboss.arquillian.core.impl.ObserverImpl.invoke(ObserverImpl.java:94)
	at org.jboss.arquillian.core.impl.EventContextImpl.invokeObservers(EventContextImpl.java:99)
	at org.jboss.arquillian.core.impl.EventContextImpl.proceed(EventContextImpl.java:81)
	at org.jboss.arquillian.core.impl.ManagerImpl.fire(ManagerImpl.java:135)
	at org.jboss.arquillian.core.impl.ManagerImpl.fire(ManagerImpl.java:115)
	at org.jboss.arquillian.core.impl.EventImpl.fire(EventImpl.java:67)
	at org.jboss.arquillian.container.test.impl.execution.ClientTestExecuter.execute(ClientTestExecuter.java:57)
	at sun.reflect.NativeMethodAccessorImpl.invoke0(Native Method)
	at sun.reflect.NativeMethodAccessorImpl.invoke(NativeMethodAccessorImpl.java:57)
	at sun.reflect.DelegatingMethodAccessorImpl.invoke(DelegatingMethodAccessorImpl.java:43)
	at java.lang.reflect.Method.invoke(Method.java:606)
	at org.jboss.arquillian.core.impl.ObserverImpl.invoke(ObserverImpl.java:94)
	at org.jboss.arquillian.core.impl.EventContextImpl.invokeObservers(EventContextImpl.java:99)
	at org.jboss.arquillian.core.impl.EventContextImpl.proceed(EventContextImpl.java:81)
	at org.jboss.arquillian.container.test.impl.client.ContainerEventController.createContext(ContainerEventController.java:142)
	at org.jboss.arquillian.container.test.impl.client.ContainerEventController.createTestContext(ContainerEventController.java:129)
	at sun.reflect.NativeMethodAccessorImpl.invoke0(Native Method)
	at sun.reflect.NativeMethodAccessorImpl.invoke(NativeMethodAccessorImpl.java:57)
	at sun.reflect.DelegatingMethodAccessorImpl.invoke(DelegatingMethodAccessorImpl.java:43)
	at java.lang.reflect.Method.invoke(Method.java:606)
	at org.jboss.arquillian.core.impl.ObserverImpl.invoke(ObserverImpl.java:94)
	at org.jboss.arquillian.core.impl.EventContextImpl.proceed(EventContextImpl.java:88)
	at org.jboss.arquillian.test.impl.TestContextHandler.createTestContext(TestContextHandler.java:89)
	at sun.reflect.NativeMethodAccessorImpl.invoke0(Native Method)
	at sun.reflect.NativeMethodAccessorImpl.invoke(NativeMethodAccessorImpl.java:57)
	at sun.reflect.DelegatingMethodAccessorImpl.invoke(DelegatingMethodAccessorImpl.java:43)
	at java.lang.reflect.Method.invoke(Method.java:606)
	at org.jboss.arquillian.core.impl.ObserverImpl.invoke(ObserverImpl.java:94)
	at org.jboss.arquillian.core.impl.EventContextImpl.proceed(EventContextImpl.java:88)
	at org.jboss.arquillian.test.impl.TestContextHandler.createClassContext(TestContextHandler.java:75)
	at sun.reflect.NativeMethodAccessorImpl.invoke0(Native Method)
	at sun.reflect.NativeMethodAccessorImpl.invoke(NativeMethodAccessorImpl.java:57)
	at sun.reflect.DelegatingMethodAccessorImpl.invoke(DelegatingMethodAccessorImpl.java:43)
	at java.lang.reflect.Method.invoke(Method.java:606)
	at org.jboss.arquillian.core.impl.ObserverImpl.invoke(ObserverImpl.java:94)
	at org.jboss.arquillian.core.impl.EventContextImpl.proceed(EventContextImpl.java:88)
	at org.jboss.arquillian.test.impl.TestContextHandler.createSuiteContext(TestContextHandler.java:60)
	at sun.reflect.NativeMethodAccessorImpl.invoke0(Native Method)
	at sun.reflect.NativeMethodAccessorImpl.invoke(NativeMethodAccessorImpl.java:57)
	at sun.reflect.DelegatingMethodAccessorImpl.invoke(DelegatingMethodAccessorImpl.java:43)
	at java.lang.reflect.Method.invoke(Method.java:606)
	at org.jboss.arquillian.core.impl.ObserverImpl.invoke(ObserverImpl.java:94)
	at org.jboss.arquillian.core.impl.EventContextImpl.proceed(EventContextImpl.java:88)
	at org.jboss.arquillian.core.impl.ManagerImpl.fire(ManagerImpl.java:135)
	at org.jboss.arquillian.test.impl.EventTestRunnerAdaptor.test(EventTestRunnerAdaptor.java:111)
	at org.jboss.arquillian.junit.Arquillian$6.evaluate(Arquillian.java:263)
	at org.junit.internal.runners.statements.ExpectException.evaluate(ExpectException.java:22)
	... 30 more
Caused by: java.lang.IllegalStateException: Error launching test at http://127.0.0.1:8080/test/ArquillianServletRunner?outputMode=serializedObject&amp;className=org.dejava.component.faces.controller.test.GenericControllerTest&amp;methodName=testGetEntityByAttributeDuplicateAttribute. Got 500 (Internal Server Error)
	at org.jboss.arquillian.protocol.servlet.ServletMethodExecutor.execute(ServletMethodExecutor.java:237)
	at org.jboss.arquillian.protocol.servlet.ServletMethodExecutor.executeWithRetry(ServletMethodExecutor.java:144)
	at org.jboss.arquillian.protocol.servlet.ServletMethodExecutor.invoke(ServletMethodExecutor.java:122)
	... 82 more
</error>
    <system-out>19:11:56,522 ERROR [org.apache.catalina.core.ContainerBase.[jboss.web].[default-host].[/test].[ArquillianServletRunner]] (http--127.0.0.1-8080-1) Servlet.service() for servlet ArquillianServletRunner threw exception: java.lang.IllegalArgumentException: No Context registered with support for scope: interface org.jboss.arquillian.warp.spi.context.RequestScoped
	at org.jboss.arquillian.core.impl.ManagerImpl.bind(ManagerImpl.java:169) [arquillian-core.jar:]
	at org.jboss.arquillian.warp.impl.server.execution.WarpFilter.doFilterWarp(WarpFilter.java:137) [arquillian-warp-impl-1.0.0.Alpha3.jar:1.0.0.Alpha3]
	at org.jboss.arquillian.warp.impl.server.execution.WarpFilter.doFilterHttp(WarpFilter.java:117) [arquillian-warp-impl-1.0.0.Alpha3.jar:1.0.0.Alpha3]
	at org.jboss.arquillian.warp.impl.server.execution.WarpFilter.doFilter(WarpFilter.java:90) [arquillian-warp-impl-1.0.0.Alpha3.jar:1.0.0.Alpha3]
	at org.apache.catalina.core.ApplicationFilterChain.internalDoFilter(ApplicationFilterChain.java:280) [jbossweb-7.0.13.Final.jar:]
	at org.apache.catalina.core.ApplicationFilterChain.doFilter(ApplicationFilterChain.java:248) [jbossweb-7.0.13.Final.jar:]
	at org.apache.catalina.core.StandardWrapperValve.invoke(StandardWrapperValve.java:275) [jbossweb-7.0.13.Final.jar:]
	at org.apache.catalina.core.StandardContextValve.invoke(StandardContextValve.java:161) [jbossweb-7.0.13.Final.jar:]
	at org.jboss.as.jpa.interceptor.WebNonTxEmCloserValve.invoke(WebNonTxEmCloserValve.java:50) [jboss-as-jpa-7.1.1.Final.jar:7.1.1.Final]
	at org.jboss.as.web.security.SecurityContextAssociationValve.invoke(SecurityContextAssociationValve.java:153) [jboss-as-web-7.1.1.Final.jar:7.1.1.Final]
	at org.apache.catalina.core.StandardHostValve.invoke(StandardHostValve.java:155) [jbossweb-7.0.13.Final.jar:]
	at org.apache.catalina.valves.ErrorReportValve.invoke(ErrorReportValve.java:102) [jbossweb-7.0.13.Final.jar:]
	at org.apache.catalina.core.StandardEngineValve.invoke(StandardEngineValve.java:109) [jbossweb-7.0.13.Final.jar:]
	at org.apache.catalina.connector.CoyoteAdapter.service(CoyoteAdapter.java:368) [jbossweb-7.0.13.Final.jar:]
	at org.apache.coyote.http11.Http11Processor.process(Http11Processor.java:877) [jbossweb-7.0.13.Final.jar:]
	at org.apache.coyote.http11.Http11Protocol$Http11ConnectionHandler.process(Http11Protocol.java:671) [jbossweb-7.0.13.Final.jar:]
	at org.apache.tomcat.util.net.JIoEndpoint$Worker.run(JIoEndpoint.java:930) [jbossweb-7.0.13.Final.jar:]
	at java.lang.Thread.run(Thread.java:724) [rt.jar:1.7.0_25]

19:11:56,524 ERROR [org.apache.catalina.core.ContainerBase.[jboss.web].[default-host].[/test].[ArquillianServletRunner]] (http--127.0.0.1-8080-2) Servlet.service() for servlet ArquillianServletRunner threw exception: java.lang.IllegalArgumentException: No Context registered with support for scope: interface org.jboss.arquillian.warp.spi.context.RequestScoped
	at org.jboss.arquillian.core.impl.ManagerImpl.bind(ManagerImpl.java:169) [arquillian-core.jar:]
	at org.jboss.arquillian.warp.impl.server.execution.WarpFilter.doFilterWarp(WarpFilter.java:137) [arquillian-warp-impl-1.0.0.Alpha3.jar:1.0.0.Alpha3]
	at org.jboss.arquillian.warp.impl.server.execution.WarpFilter.doFilterHttp(WarpFilter.java:117) [arquillian-warp-impl-1.0.0.Alpha3.jar:1.0.0.Alpha3]
	at org.jboss.arquillian.warp.impl.server.execution.WarpFilter.doFilter(WarpFilter.java:90) [arquillian-warp-impl-1.0.0.Alpha3.jar:1.0.0.Alpha3]
	at org.apache.catalina.core.ApplicationFilterChain.internalDoFilter(ApplicationFilterChain.java:280) [jbossweb-7.0.13.Final.jar:]
	at org.apache.catalina.core.ApplicationFilterChain.doFilter(ApplicationFilterChain.java:248) [jbossweb-7.0.13.Final.jar:]
	at org.apache.catalina.core.StandardWrapperValve.invoke(StandardWrapperValve.java:275) [jbossweb-7.0.13.Final.jar:]
	at org.apache.catalina.core.StandardContextValve.invoke(StandardContextValve.java:161) [jbossweb-7.0.13.Final.jar:]
	at org.jboss.as.jpa.interceptor.WebNonTxEmCloserValve.invoke(WebNonTxEmCloserValve.java:50) [jboss-as-jpa-7.1.1.Final.jar:7.1.1.Final]
	at org.jboss.as.web.security.SecurityContextAssociationValve.invoke(SecurityContextAssociationValve.java:153) [jboss-as-web-7.1.1.Final.jar:7.1.1.Final]
	at org.apache.catalina.core.StandardHostValve.invoke(StandardHostValve.java:155) [jbossweb-7.0.13.Final.jar:]
	at org.apache.catalina.valves.ErrorReportValve.invoke(ErrorReportValve.java:102) [jbossweb-7.0.13.Final.jar:]
	at org.apache.catalina.core.StandardEngineValve.invoke(StandardEngineValve.java:109) [jbossweb-7.0.13.Final.jar:]
	at org.apache.catalina.connector.CoyoteAdapter.service(CoyoteAdapter.java:368) [jbossweb-7.0.13.Final.jar:]
	at org.apache.coyote.http11.Http11Processor.process(Http11Processor.java:877) [jbossweb-7.0.13.Final.jar:]
	at org.apache.coyote.http11.Http11Protocol$Http11ConnectionHandler.process(Http11Protocol.java:671) [jbossweb-7.0.13.Final.jar:]
	at org.apache.tomcat.util.net.JIoEndpoint$Worker.run(JIoEndpoint.java:930) [jbossweb-7.0.13.Final.jar:]
	at java.lang.Thread.run(Thread.java:724) [rt.jar:1.7.0_25]

</system-out>
    <system-err>java.lang.IllegalStateException: Error launching test at http://127.0.0.1:8080/test/ArquillianServletRunner?outputMode=serializedObject&amp;className=org.dejava.component.faces.controller.test.GenericControllerTest&amp;methodName=testGetEntityByAttributeNullAttributeName&amp;cmd=event. Got 500 (Internal Server Error)
	at org.jboss.arquillian.protocol.servlet.ServletMethodExecutor.execute(ServletMethodExecutor.java:237)
	at org.jboss.arquillian.protocol.servlet.ServletMethodExecutor.access$000(ServletMethodExecutor.java:43)
	at org.jboss.arquillian.protocol.servlet.ServletMethodExecutor$1.run(ServletMethodExecutor.java:99)
	at java.util.TimerThread.mainLoop(Timer.java:555)
	at java.util.TimerThread.run(Timer.java:505)
</system-err>
  </testcase>
  <testcase time="0.03" classname="org.dejava.component.faces.controller.test.GenericControllerTest" name="testGetCollectionByAttributeNullAttributeName">
    <error message="Unexpected exception, expected&lt;org.dejava.component.exception.localized.unchecked.EmptyParameterException&gt; but was&lt;java.lang.IllegalStateException&gt;" type="java.lang.Exception">java.lang.Exception: Unexpected exception, expected&lt;org.dejava.component.exception.localized.unchecked.EmptyParameterException&gt; but was&lt;java.lang.IllegalStateException&gt;
	at org.junit.internal.runners.statements.ExpectException.evaluate(ExpectException.java:31)
	at org.jboss.arquillian.junit.Arquillian$4.evaluate(Arquillian.java:226)
	at org.jboss.arquillian.junit.Arquillian.multiExecute(Arquillian.java:314)
	at org.jboss.arquillian.junit.Arquillian.access$100(Arquillian.java:46)
	at org.jboss.arquillian.junit.Arquillian$5.evaluate(Arquillian.java:240)
	at org.junit.runners.ParentRunner.runLeaf(ParentRunner.java:263)
	at org.junit.runners.BlockJUnit4ClassRunner.runChild(BlockJUnit4ClassRunner.java:68)
	at org.junit.runners.BlockJUnit4ClassRunner.runChild(BlockJUnit4ClassRunner.java:47)
	at org.junit.runners.ParentRunner$3.run(ParentRunner.java:231)
	at org.junit.runners.ParentRunner$1.schedule(ParentRunner.java:60)
	at org.junit.runners.ParentRunner.runChildren(ParentRunner.java:229)
	at org.junit.runners.ParentRunner.access$000(ParentRunner.java:50)
	at org.junit.runners.ParentRunner$2.evaluate(ParentRunner.java:222)
	at org.jboss.arquillian.junit.Arquillian$2.evaluate(Arquillian.java:185)
	at org.jboss.arquillian.junit.Arquillian.multiExecute(Arquillian.java:314)
	at org.jboss.arquillian.junit.Arquillian.access$100(Arquillian.java:46)
	at org.jboss.arquillian.junit.Arquillian$3.evaluate(Arquillian.java:199)
	at org.junit.runners.ParentRunner.run(ParentRunner.java:300)
	at org.jboss.arquillian.junit.Arquillian.run(Arquillian.java:147)
	at org.apache.maven.surefire.junit4.JUnit4TestSet.execute(JUnit4TestSet.java:53)
	at org.apache.maven.surefire.junit4.JUnit4Provider.executeTestSet(JUnit4Provider.java:123)
	at org.apache.maven.surefire.junit4.JUnit4Provider.invoke(JUnit4Provider.java:104)
	at sun.reflect.NativeMethodAccessorImpl.invoke0(Native Method)
	at sun.reflect.NativeMethodAccessorImpl.invoke(NativeMethodAccessorImpl.java:57)
	at sun.reflect.DelegatingMethodAccessorImpl.invoke(DelegatingMethodAccessorImpl.java:43)
	at java.lang.reflect.Method.invoke(Method.java:606)
	at org.apache.maven.surefire.util.ReflectionUtils.invokeMethodWithArray(ReflectionUtils.java:164)
	at org.apache.maven.surefire.booter.ProviderFactory$ProviderProxy.invoke(ProviderFactory.java:110)
	at org.apache.maven.surefire.booter.SurefireStarter.invokeProvider(SurefireStarter.java:175)
	at org.apache.maven.surefire.booter.SurefireStarter.runSuitesInProcessWhenForked(SurefireStarter.java:107)
	at org.apache.maven.surefire.booter.ForkedBooter.main(ForkedBooter.java:68)
Caused by: java.lang.IllegalStateException: Error launching test org.dejava.component.faces.controller.test.GenericControllerTest public void org.dejava.component.faces.controller.test.component.AbstractGenericComponentTest.testGetCollectionByAttributeNullAttributeName() throws java.lang.Throwable
	at org.jboss.arquillian.protocol.servlet.ServletMethodExecutor.invoke(ServletMethodExecutor.java:126)
	at org.jboss.arquillian.container.test.impl.execution.RemoteTestExecuter.execute(RemoteTestExecuter.java:120)
	at sun.reflect.NativeMethodAccessorImpl.invoke0(Native Method)
	at sun.reflect.NativeMethodAccessorImpl.invoke(NativeMethodAccessorImpl.java:57)
	at sun.reflect.DelegatingMethodAccessorImpl.invoke(DelegatingMethodAccessorImpl.java:43)
	at java.lang.reflect.Method.invoke(Method.java:606)
	at org.jboss.arquillian.core.impl.ObserverImpl.invoke(ObserverImpl.java:94)
	at org.jboss.arquillian.core.impl.EventContextImpl.invokeObservers(EventContextImpl.java:99)
	at org.jboss.arquillian.core.impl.EventContextImpl.proceed(EventContextImpl.java:81)
	at org.jboss.arquillian.core.impl.ManagerImpl.fire(ManagerImpl.java:135)
	at org.jboss.arquillian.core.impl.ManagerImpl.fire(ManagerImpl.java:115)
	at org.jboss.arquillian.core.impl.EventImpl.fire(EventImpl.java:67)
	at org.jboss.arquillian.container.test.impl.execution.ClientTestExecuter.execute(ClientTestExecuter.java:57)
	at sun.reflect.NativeMethodAccessorImpl.invoke0(Native Method)
	at sun.reflect.NativeMethodAccessorImpl.invoke(NativeMethodAccessorImpl.java:57)
	at sun.reflect.DelegatingMethodAccessorImpl.invoke(DelegatingMethodAccessorImpl.java:43)
	at java.lang.reflect.Method.invoke(Method.java:606)
	at org.jboss.arquillian.core.impl.ObserverImpl.invoke(ObserverImpl.java:94)
	at org.jboss.arquillian.core.impl.EventContextImpl.invokeObservers(EventContextImpl.java:99)
	at org.jboss.arquillian.core.impl.EventContextImpl.proceed(EventContextImpl.java:81)
	at org.jboss.arquillian.container.test.impl.client.ContainerEventController.createContext(ContainerEventController.java:142)
	at org.jboss.arquillian.container.test.impl.client.ContainerEventController.createTestContext(ContainerEventController.java:129)
	at sun.reflect.NativeMethodAccessorImpl.invoke0(Native Method)
	at sun.reflect.NativeMethodAccessorImpl.invoke(NativeMethodAccessorImpl.java:57)
	at sun.reflect.DelegatingMethodAccessorImpl.invoke(DelegatingMethodAccessorImpl.java:43)
	at java.lang.reflect.Method.invoke(Method.java:606)
	at org.jboss.arquillian.core.impl.ObserverImpl.invoke(ObserverImpl.java:94)
	at org.jboss.arquillian.core.impl.EventContextImpl.proceed(EventContextImpl.java:88)
	at org.jboss.arquillian.test.impl.TestContextHandler.createTestContext(TestContextHandler.java:89)
	at sun.reflect.NativeMethodAccessorImpl.invoke0(Native Method)
	at sun.reflect.NativeMethodAccessorImpl.invoke(NativeMethodAccessorImpl.java:57)
	at sun.reflect.DelegatingMethodAccessorImpl.invoke(DelegatingMethodAccessorImpl.java:43)
	at java.lang.reflect.Method.invoke(Method.java:606)
	at org.jboss.arquillian.core.impl.ObserverImpl.invoke(ObserverImpl.java:94)
	at org.jboss.arquillian.core.impl.EventContextImpl.proceed(EventContextImpl.java:88)
	at org.jboss.arquillian.test.impl.TestContextHandler.createClassContext(TestContextHandler.java:75)
	at sun.reflect.NativeMethodAccessorImpl.invoke0(Native Method)
	at sun.reflect.NativeMethodAccessorImpl.invoke(NativeMethodAccessorImpl.java:57)
	at sun.reflect.DelegatingMethodAccessorImpl.invoke(DelegatingMethodAccessorImpl.java:43)
	at java.lang.reflect.Method.invoke(Method.java:606)
	at org.jboss.arquillian.core.impl.ObserverImpl.invoke(ObserverImpl.java:94)
	at org.jboss.arquillian.core.impl.EventContextImpl.proceed(EventContextImpl.java:88)
	at org.jboss.arquillian.test.impl.TestContextHandler.createSuiteContext(TestContextHandler.java:60)
	at sun.reflect.NativeMethodAccessorImpl.invoke0(Native Method)
	at sun.reflect.NativeMethodAccessorImpl.invoke(NativeMethodAccessorImpl.java:57)
	at sun.reflect.DelegatingMethodAccessorImpl.invoke(DelegatingMethodAccessorImpl.java:43)
	at java.lang.reflect.Method.invoke(Method.java:606)
	at org.jboss.arquillian.core.impl.ObserverImpl.invoke(ObserverImpl.java:94)
	at org.jboss.arquillian.core.impl.EventContextImpl.proceed(EventContextImpl.java:88)
	at org.jboss.arquillian.core.impl.ManagerImpl.fire(ManagerImpl.java:135)
	at org.jboss.arquillian.test.impl.EventTestRunnerAdaptor.test(EventTestRunnerAdaptor.java:111)
	at org.jboss.arquillian.junit.Arquillian$6.evaluate(Arquillian.java:263)
	at org.junit.internal.runners.statements.ExpectException.evaluate(ExpectException.java:22)
	... 30 more
Caused by: java.lang.IllegalStateException: Error launching test at http://127.0.0.1:8080/test/ArquillianServletRunner?outputMode=serializedObject&amp;className=org.dejava.component.faces.controller.test.GenericControllerTest&amp;methodName=testGetCollectionByAttributeNullAttributeName. Got 500 (Internal Server Error)
	at org.jboss.arquillian.protocol.servlet.ServletMethodExecutor.execute(ServletMethodExecutor.java:237)
	at org.jboss.arquillian.protocol.servlet.ServletMethodExecutor.executeWithRetry(ServletMethodExecutor.java:144)
	at org.jboss.arquillian.protocol.servlet.ServletMethodExecutor.invoke(ServletMethodExecutor.java:122)
	... 82 more
</error>
    <system-out>19:11:56,545 ERROR [org.apache.catalina.core.ContainerBase.[jboss.web].[default-host].[/test].[ArquillianServletRunner]] (http--127.0.0.1-8080-1) Servlet.service() for servlet ArquillianServletRunner threw exception: java.lang.IllegalArgumentException: No Context registered with support for scope: interface org.jboss.arquillian.warp.spi.context.RequestScoped
	at org.jboss.arquillian.core.impl.ManagerImpl.bind(ManagerImpl.java:169) [arquillian-core.jar:]
	at org.jboss.arquillian.warp.impl.server.execution.WarpFilter.doFilterWarp(WarpFilter.java:137) [arquillian-warp-impl-1.0.0.Alpha3.jar:1.0.0.Alpha3]
	at org.jboss.arquillian.warp.impl.server.execution.WarpFilter.doFilterHttp(WarpFilter.java:117) [arquillian-warp-impl-1.0.0.Alpha3.jar:1.0.0.Alpha3]
	at org.jboss.arquillian.warp.impl.server.execution.WarpFilter.doFilter(WarpFilter.java:90) [arquillian-warp-impl-1.0.0.Alpha3.jar:1.0.0.Alpha3]
	at org.apache.catalina.core.ApplicationFilterChain.internalDoFilter(ApplicationFilterChain.java:280) [jbossweb-7.0.13.Final.jar:]
	at org.apache.catalina.core.ApplicationFilterChain.doFilter(ApplicationFilterChain.java:248) [jbossweb-7.0.13.Final.jar:]
	at org.apache.catalina.core.StandardWrapperValve.invoke(StandardWrapperValve.java:275) [jbossweb-7.0.13.Final.jar:]
	at org.apache.catalina.core.StandardContextValve.invoke(StandardContextValve.java:161) [jbossweb-7.0.13.Final.jar:]
	at org.jboss.as.jpa.interceptor.WebNonTxEmCloserValve.invoke(WebNonTxEmCloserValve.java:50) [jboss-as-jpa-7.1.1.Final.jar:7.1.1.Final]
	at org.jboss.as.web.security.SecurityContextAssociationValve.invoke(SecurityContextAssociationValve.java:153) [jboss-as-web-7.1.1.Final.jar:7.1.1.Final]
	at org.apache.catalina.core.StandardHostValve.invoke(StandardHostValve.java:155) [jbossweb-7.0.13.Final.jar:]
	at org.apache.catalina.valves.ErrorReportValve.invoke(ErrorReportValve.java:102) [jbossweb-7.0.13.Final.jar:]
	at org.apache.catalina.core.StandardEngineValve.invoke(StandardEngineValve.java:109) [jbossweb-7.0.13.Final.jar:]
	at org.apache.catalina.connector.CoyoteAdapter.service(CoyoteAdapter.java:368) [jbossweb-7.0.13.Final.jar:]
	at org.apache.coyote.http11.Http11Processor.process(Http11Processor.java:877) [jbossweb-7.0.13.Final.jar:]
	at org.apache.coyote.http11.Http11Protocol$Http11ConnectionHandler.process(Http11Protocol.java:671) [jbossweb-7.0.13.Final.jar:]
	at org.apache.tomcat.util.net.JIoEndpoint$Worker.run(JIoEndpoint.java:930) [jbossweb-7.0.13.Final.jar:]
	at java.lang.Thread.run(Thread.java:724) [rt.jar:1.7.0_25]

19:11:56,548 ERROR [org.apache.catalina.core.ContainerBase.[jboss.web].[default-host].[/test].[ArquillianServletRunner]] (http--127.0.0.1-8080-3) Servlet.service() for servlet ArquillianServletRunner threw exception: java.lang.IllegalArgumentException: No Context registered with support for scope: interface org.jboss.arquillian.warp.spi.context.RequestScoped
	at org.jboss.arquillian.core.impl.ManagerImpl.bind(ManagerImpl.java:169) [arquillian-core.jar:]
	at org.jboss.arquillian.warp.impl.server.execution.WarpFilter.doFilterWarp(WarpFilter.java:137) [arquillian-warp-impl-1.0.0.Alpha3.jar:1.0.0.Alpha3]
	at org.jboss.arquillian.warp.impl.server.execution.WarpFilter.doFilterHttp(WarpFilter.java:117) [arquillian-warp-impl-1.0.0.Alpha3.jar:1.0.0.Alpha3]
	at org.jboss.arquillian.warp.impl.server.execution.WarpFilter.doFilter(WarpFilter.java:90) [arquillian-warp-impl-1.0.0.Alpha3.jar:1.0.0.Alpha3]
	at org.apache.catalina.core.ApplicationFilterChain.internalDoFilter(ApplicationFilterChain.java:280) [jbossweb-7.0.13.Final.jar:]
	at org.apache.catalina.core.ApplicationFilterChain.doFilter(ApplicationFilterChain.java:248) [jbossweb-7.0.13.Final.jar:]
	at org.apache.catalina.core.StandardWrapperValve.invoke(StandardWrapperValve.java:275) [jbossweb-7.0.13.Final.jar:]
	at org.apache.catalina.core.StandardContextValve.invoke(StandardContextValve.java:161) [jbossweb-7.0.13.Final.jar:]
	at org.jboss.as.jpa.interceptor.WebNonTxEmCloserValve.invoke(WebNonTxEmCloserValve.java:50) [jboss-as-jpa-7.1.1.Final.jar:7.1.1.Final]
	at org.jboss.as.web.security.SecurityContextAssociationValve.invoke(SecurityContextAssociationValve.java:153) [jboss-as-web-7.1.1.Final.jar:7.1.1.Final]
	at org.apache.catalina.core.StandardHostValve.invoke(StandardHostValve.java:155) [jbossweb-7.0.13.Final.jar:]
	at org.apache.catalina.valves.ErrorReportValve.invoke(ErrorReportValve.java:102) [jbossweb-7.0.13.Final.jar:]
	at org.apache.catalina.core.StandardEngineValve.invoke(StandardEngineValve.java:109) [jbossweb-7.0.13.Final.jar:]
	at org.apache.catalina.connector.CoyoteAdapter.service(CoyoteAdapter.java:368) [jbossweb-7.0.13.Final.jar:]
	at org.apache.coyote.http11.Http11Processor.process(Http11Processor.java:877) [jbossweb-7.0.13.Final.jar:]
	at org.apache.coyote.http11.Http11Protocol$Http11ConnectionHandler.process(Http11Protocol.java:671) [jbossweb-7.0.13.Final.jar:]
	at org.apache.tomcat.util.net.JIoEndpoint$Worker.run(JIoEndpoint.java:930) [jbossweb-7.0.13.Final.jar:]
	at java.lang.Thread.run(Thread.java:724) [rt.jar:1.7.0_25]

</system-out>
    <system-err>java.lang.IllegalStateException: Error launching test at http://127.0.0.1:8080/test/ArquillianServletRunner?outputMode=serializedObject&amp;className=org.dejava.component.faces.controller.test.GenericControllerTest&amp;methodName=testGetEntityByAttributeDuplicateAttribute&amp;cmd=event. Got 500 (Internal Server Error)
	at org.jboss.arquillian.protocol.servlet.ServletMethodExecutor.execute(ServletMethodExecutor.java:237)
	at org.jboss.arquillian.protocol.servlet.ServletMethodExecutor.access$000(ServletMethodExecutor.java:43)
	at org.jboss.arquillian.protocol.servlet.ServletMethodExecutor$1.run(ServletMethodExecutor.java:99)
	at java.util.TimerThread.mainLoop(Timer.java:555)
	at java.util.TimerThread.run(Timer.java:505)
java.lang.IllegalStateException: Error launching test at http://127.0.0.1:8080/test/ArquillianServletRunner?outputMode=serializedObject&amp;className=org.dejava.component.faces.controller.test.GenericControllerTest&amp;methodName=testGetCollectionByAttributeNullAttributeName&amp;cmd=event. Got 500 (Internal Server Error)
	at org.jboss.arquillian.protocol.servlet.ServletMethodExecutor.execute(ServletMethodExecutor.java:237)
	at org.jboss.arquillian.protocol.servlet.ServletMethodExecutor.access$000(ServletMethodExecutor.java:43)
	at org.jboss.arquillian.protocol.servlet.ServletMethodExecutor$1.run(ServletMethodExecutor.java:99)
	at java.util.TimerThread.mainLoop(Timer.java:555)
	at java.util.TimerThread.run(Timer.java:505)
</system-err>
  </testcase>
  <testcase time="0.031" classname="org.dejava.component.faces.controller.test.GenericControllerTest" name="testAddOrUpdateCollectionSuccess">
    <error message="Error launching test org.dejava.component.faces.controller.test.GenericControllerTest public void org.dejava.component.faces.controller.test.component.AbstractGenericComponentTest.testAddOrUpdateCollectionSuccess()" type="java.lang.IllegalStateException">java.lang.IllegalStateException: Error launching test org.dejava.component.faces.controller.test.GenericControllerTest public void org.dejava.component.faces.controller.test.component.AbstractGenericComponentTest.testAddOrUpdateCollectionSuccess()
	at org.jboss.arquillian.protocol.servlet.ServletMethodExecutor.invoke(ServletMethodExecutor.java:126)
	at org.jboss.arquillian.container.test.impl.execution.RemoteTestExecuter.execute(RemoteTestExecuter.java:120)
	at sun.reflect.NativeMethodAccessorImpl.invoke0(Native Method)
	at sun.reflect.NativeMethodAccessorImpl.invoke(NativeMethodAccessorImpl.java:57)
	at sun.reflect.DelegatingMethodAccessorImpl.invoke(DelegatingMethodAccessorImpl.java:43)
	at java.lang.reflect.Method.invoke(Method.java:606)
	at org.jboss.arquillian.core.impl.ObserverImpl.invoke(ObserverImpl.java:94)
	at org.jboss.arquillian.core.impl.EventContextImpl.invokeObservers(EventContextImpl.java:99)
	at org.jboss.arquillian.core.impl.EventContextImpl.proceed(EventContextImpl.java:81)
	at org.jboss.arquillian.core.impl.ManagerImpl.fire(ManagerImpl.java:135)
	at org.jboss.arquillian.core.impl.ManagerImpl.fire(ManagerImpl.java:115)
	at org.jboss.arquillian.core.impl.EventImpl.fire(EventImpl.java:67)
	at org.jboss.arquillian.container.test.impl.execution.ClientTestExecuter.execute(ClientTestExecuter.java:57)
	at sun.reflect.NativeMethodAccessorImpl.invoke0(Native Method)
	at sun.reflect.NativeMethodAccessorImpl.invoke(NativeMethodAccessorImpl.java:57)
	at sun.reflect.DelegatingMethodAccessorImpl.invoke(DelegatingMethodAccessorImpl.java:43)
	at java.lang.reflect.Method.invoke(Method.java:606)
	at org.jboss.arquillian.core.impl.ObserverImpl.invoke(ObserverImpl.java:94)
	at org.jboss.arquillian.core.impl.EventContextImpl.invokeObservers(EventContextImpl.java:99)
	at org.jboss.arquillian.core.impl.EventContextImpl.proceed(EventContextImpl.java:81)
	at org.jboss.arquillian.container.test.impl.client.ContainerEventController.createContext(ContainerEventController.java:142)
	at org.jboss.arquillian.container.test.impl.client.ContainerEventController.createTestContext(ContainerEventController.java:129)
	at sun.reflect.NativeMethodAccessorImpl.invoke0(Native Method)
	at sun.reflect.NativeMethodAccessorImpl.invoke(NativeMethodAccessorImpl.java:57)
	at sun.reflect.DelegatingMethodAccessorImpl.invoke(DelegatingMethodAccessorImpl.java:43)
	at java.lang.reflect.Method.invoke(Method.java:606)
	at org.jboss.arquillian.core.impl.ObserverImpl.invoke(ObserverImpl.java:94)
	at org.jboss.arquillian.core.impl.EventContextImpl.proceed(EventContextImpl.java:88)
	at org.jboss.arquillian.test.impl.TestContextHandler.createTestContext(TestContextHandler.java:89)
	at sun.reflect.NativeMethodAccessorImpl.invoke0(Native Method)
	at sun.reflect.NativeMethodAccessorImpl.invoke(NativeMethodAccessorImpl.java:57)
	at sun.reflect.DelegatingMethodAccessorImpl.invoke(DelegatingMethodAccessorImpl.java:43)
	at java.lang.reflect.Method.invoke(Method.java:606)
	at org.jboss.arquillian.core.impl.ObserverImpl.invoke(ObserverImpl.java:94)
	at org.jboss.arquillian.core.impl.EventContextImpl.proceed(EventContextImpl.java:88)
	at org.jboss.arquillian.test.impl.TestContextHandler.createClassContext(TestContextHandler.java:75)
	at sun.reflect.NativeMethodAccessorImpl.invoke0(Native Method)
	at sun.reflect.NativeMethodAccessorImpl.invoke(NativeMethodAccessorImpl.java:57)
	at sun.reflect.DelegatingMethodAccessorImpl.invoke(DelegatingMethodAccessorImpl.java:43)
	at java.lang.reflect.Method.invoke(Method.java:606)
	at org.jboss.arquillian.core.impl.ObserverImpl.invoke(ObserverImpl.java:94)
	at org.jboss.arquillian.core.impl.EventContextImpl.proceed(EventContextImpl.java:88)
	at org.jboss.arquillian.test.impl.TestContextHandler.createSuiteContext(TestContextHandler.java:60)
	at sun.reflect.NativeMethodAccessorImpl.invoke0(Native Method)
	at sun.reflect.NativeMethodAccessorImpl.invoke(NativeMethodAccessorImpl.java:57)
	at sun.reflect.DelegatingMethodAccessorImpl.invoke(DelegatingMethodAccessorImpl.java:43)
	at java.lang.reflect.Method.invoke(Method.java:606)
	at org.jboss.arquillian.core.impl.ObserverImpl.invoke(ObserverImpl.java:94)
	at org.jboss.arquillian.core.impl.EventContextImpl.proceed(EventContextImpl.java:88)
	at org.jboss.arquillian.core.impl.ManagerImpl.fire(ManagerImpl.java:135)
	at org.jboss.arquillian.test.impl.EventTestRunnerAdaptor.test(EventTestRunnerAdaptor.java:111)
	at org.jboss.arquillian.junit.Arquillian$6.evaluate(Arquillian.java:263)
	at org.jboss.arquillian.junit.Arquillian$4.evaluate(Arquillian.java:226)
	at org.jboss.arquillian.junit.Arquillian.multiExecute(Arquillian.java:314)
	at org.jboss.arquillian.junit.Arquillian.access$100(Arquillian.java:46)
	at org.jboss.arquillian.junit.Arquillian$5.evaluate(Arquillian.java:240)
	at org.junit.runners.ParentRunner.runLeaf(ParentRunner.java:263)
	at org.junit.runners.BlockJUnit4ClassRunner.runChild(BlockJUnit4ClassRunner.java:68)
	at org.junit.runners.BlockJUnit4ClassRunner.runChild(BlockJUnit4ClassRunner.java:47)
	at org.junit.runners.ParentRunner$3.run(ParentRunner.java:231)
	at org.junit.runners.ParentRunner$1.schedule(ParentRunner.java:60)
	at org.junit.runners.ParentRunner.runChildren(ParentRunner.java:229)
	at org.junit.runners.ParentRunner.access$000(ParentRunner.java:50)
	at org.junit.runners.ParentRunner$2.evaluate(ParentRunner.java:222)
	at org.jboss.arquillian.junit.Arquillian$2.evaluate(Arquillian.java:185)
	at org.jboss.arquillian.junit.Arquillian.multiExecute(Arquillian.java:314)
	at org.jboss.arquillian.junit.Arquillian.access$100(Arquillian.java:46)
	at org.jboss.arquillian.junit.Arquillian$3.evaluate(Arquillian.java:199)
	at org.junit.runners.ParentRunner.run(ParentRunner.java:300)
	at org.jboss.arquillian.junit.Arquillian.run(Arquillian.java:147)
	at org.apache.maven.surefire.junit4.JUnit4TestSet.execute(JUnit4TestSet.java:53)
	at org.apache.maven.surefire.junit4.JUnit4Provider.executeTestSet(JUnit4Provider.java:123)
	at org.apache.maven.surefire.junit4.JUnit4Provider.invoke(JUnit4Provider.java:104)
	at sun.reflect.NativeMethodAccessorImpl.invoke0(Native Method)
	at sun.reflect.NativeMethodAccessorImpl.invoke(NativeMethodAccessorImpl.java:57)
	at sun.reflect.DelegatingMethodAccessorImpl.invoke(DelegatingMethodAccessorImpl.java:43)
	at java.lang.reflect.Method.invoke(Method.java:606)
	at org.apache.maven.surefire.util.ReflectionUtils.invokeMethodWithArray(ReflectionUtils.java:164)
	at org.apache.maven.surefire.booter.ProviderFactory$ProviderProxy.invoke(ProviderFactory.java:110)
	at org.apache.maven.surefire.booter.SurefireStarter.invokeProvider(SurefireStarter.java:175)
	at org.apache.maven.surefire.booter.SurefireStarter.runSuitesInProcessWhenForked(SurefireStarter.java:107)
	at org.apache.maven.surefire.booter.ForkedBooter.main(ForkedBooter.java:68)
Caused by: java.lang.IllegalStateException: Error launching test at http://127.0.0.1:8080/test/ArquillianServletRunner?outputMode=serializedObject&amp;className=org.dejava.component.faces.controller.test.GenericControllerTest&amp;methodName=testAddOrUpdateCollectionSuccess. Got 500 (Internal Server Error)
	at org.jboss.arquillian.protocol.servlet.ServletMethodExecutor.execute(ServletMethodExecutor.java:237)
	at org.jboss.arquillian.protocol.servlet.ServletMethodExecutor.executeWithRetry(ServletMethodExecutor.java:144)
	at org.jboss.arquillian.protocol.servlet.ServletMethodExecutor.invoke(ServletMethodExecutor.java:122)
	... 81 more
</error>
    <system-out>19:11:56,573 ERROR [org.apache.catalina.core.ContainerBase.[jboss.web].[default-host].[/test].[ArquillianServletRunner]] (http--127.0.0.1-8080-1) Servlet.service() for servlet ArquillianServletRunner threw exception: java.lang.IllegalArgumentException: No Context registered with support for scope: interface org.jboss.arquillian.warp.spi.context.RequestScoped
	at org.jboss.arquillian.core.impl.ManagerImpl.bind(ManagerImpl.java:169) [arquillian-core.jar:]
	at org.jboss.arquillian.warp.impl.server.execution.WarpFilter.doFilterWarp(WarpFilter.java:137) [arquillian-warp-impl-1.0.0.Alpha3.jar:1.0.0.Alpha3]
	at org.jboss.arquillian.warp.impl.server.execution.WarpFilter.doFilterHttp(WarpFilter.java:117) [arquillian-warp-impl-1.0.0.Alpha3.jar:1.0.0.Alpha3]
	at org.jboss.arquillian.warp.impl.server.execution.WarpFilter.doFilter(WarpFilter.java:90) [arquillian-warp-impl-1.0.0.Alpha3.jar:1.0.0.Alpha3]
	at org.apache.catalina.core.ApplicationFilterChain.internalDoFilter(ApplicationFilterChain.java:280) [jbossweb-7.0.13.Final.jar:]
	at org.apache.catalina.core.ApplicationFilterChain.doFilter(ApplicationFilterChain.java:248) [jbossweb-7.0.13.Final.jar:]
	at org.apache.catalina.core.StandardWrapperValve.invoke(StandardWrapperValve.java:275) [jbossweb-7.0.13.Final.jar:]
	at org.apache.catalina.core.StandardContextValve.invoke(StandardContextValve.java:161) [jbossweb-7.0.13.Final.jar:]
	at org.jboss.as.jpa.interceptor.WebNonTxEmCloserValve.invoke(WebNonTxEmCloserValve.java:50) [jboss-as-jpa-7.1.1.Final.jar:7.1.1.Final]
	at org.jboss.as.web.security.SecurityContextAssociationValve.invoke(SecurityContextAssociationValve.java:153) [jboss-as-web-7.1.1.Final.jar:7.1.1.Final]
	at org.apache.catalina.core.StandardHostValve.invoke(StandardHostValve.java:155) [jbossweb-7.0.13.Final.jar:]
	at org.apache.catalina.valves.ErrorReportValve.invoke(ErrorReportValve.java:102) [jbossweb-7.0.13.Final.jar:]
	at org.apache.catalina.core.StandardEngineValve.invoke(StandardEngineValve.java:109) [jbossweb-7.0.13.Final.jar:]
	at org.apache.catalina.connector.CoyoteAdapter.service(CoyoteAdapter.java:368) [jbossweb-7.0.13.Final.jar:]
	at org.apache.coyote.http11.Http11Processor.process(Http11Processor.java:877) [jbossweb-7.0.13.Final.jar:]
	at org.apache.coyote.http11.Http11Protocol$Http11ConnectionHandler.process(Http11Protocol.java:671) [jbossweb-7.0.13.Final.jar:]
	at org.apache.tomcat.util.net.JIoEndpoint$Worker.run(JIoEndpoint.java:930) [jbossweb-7.0.13.Final.jar:]
	at java.lang.Thread.run(Thread.java:724) [rt.jar:1.7.0_25]

19:11:56,573 ERROR [org.apache.catalina.core.ContainerBase.[jboss.web].[default-host].[/test].[ArquillianServletRunner]] (http--127.0.0.1-8080-3) Servlet.service() for servlet ArquillianServletRunner threw exception: java.lang.IllegalArgumentException: No Context registered with support for scope: interface org.jboss.arquillian.warp.spi.context.RequestScoped
	at org.jboss.arquillian.core.impl.ManagerImpl.bind(ManagerImpl.java:169) [arquillian-core.jar:]
	at org.jboss.arquillian.warp.impl.server.execution.WarpFilter.doFilterWarp(WarpFilter.java:137) [arquillian-warp-impl-1.0.0.Alpha3.jar:1.0.0.Alpha3]
	at org.jboss.arquillian.warp.impl.server.execution.WarpFilter.doFilterHttp(WarpFilter.java:117) [arquillian-warp-impl-1.0.0.Alpha3.jar:1.0.0.Alpha3]
	at org.jboss.arquillian.warp.impl.server.execution.WarpFilter.doFilter(WarpFilter.java:90) [arquillian-warp-impl-1.0.0.Alpha3.jar:1.0.0.Alpha3]
	at org.apache.catalina.core.ApplicationFilterChain.internalDoFilter(ApplicationFilterChain.java:280) [jbossweb-7.0.13.Final.jar:]
	at org.apache.catalina.core.ApplicationFilterChain.doFilter(ApplicationFilterChain.java:248) [jbossweb-7.0.13.Final.jar:]
	at org.apache.catalina.core.StandardWrapperValve.invoke(StandardWrapperValve.java:275) [jbossweb-7.0.13.Final.jar:]
	at org.apache.catalina.core.StandardContextValve.invoke(StandardContextValve.java:161) [jbossweb-7.0.13.Final.jar:]
	at org.jboss.as.jpa.interceptor.WebNonTxEmCloserValve.invoke(WebNonTxEmCloserValve.java:50) [jboss-as-jpa-7.1.1.Final.jar:7.1.1.Final]
	at org.jboss.as.web.security.SecurityContextAssociationValve.invoke(SecurityContextAssociationValve.java:153) [jboss-as-web-7.1.1.Final.jar:7.1.1.Final]
	at org.apache.catalina.core.StandardHostValve.invoke(StandardHostValve.java:155) [jbossweb-7.0.13.Final.jar:]
	at org.apache.catalina.valves.ErrorReportValve.invoke(ErrorReportValve.java:102) [jbossweb-7.0.13.Final.jar:]
	at org.apache.catalina.core.StandardEngineValve.invoke(StandardEngineValve.java:109) [jbossweb-7.0.13.Final.jar:]
	at org.apache.catalina.connector.CoyoteAdapter.service(CoyoteAdapter.java:368) [jbossweb-7.0.13.Final.jar:]
	at org.apache.coyote.http11.Http11Processor.process(Http11Processor.java:877) [jbossweb-7.0.13.Final.jar:]
	at org.apache.coyote.http11.Http11Protocol$Http11ConnectionHandler.process(Http11Protocol.java:671) [jbossweb-7.0.13.Final.jar:]
	at org.apache.tomcat.util.net.JIoEndpoint$Worker.run(JIoEndpoint.java:930) [jbossweb-7.0.13.Final.jar:]
	at java.lang.Thread.run(Thread.java:724) [rt.jar:1.7.0_25]

</system-out>
    <system-err>java.lang.IllegalStateException: Error launching test at http://127.0.0.1:8080/test/ArquillianServletRunner?outputMode=serializedObject&amp;className=org.dejava.component.faces.controller.test.GenericControllerTest&amp;methodName=testAddOrUpdateCollectionSuccess&amp;cmd=event. Got 500 (Internal Server Error)
	at org.jboss.arquillian.protocol.servlet.ServletMethodExecutor.execute(ServletMethodExecutor.java:237)
	at org.jboss.arquillian.protocol.servlet.ServletMethodExecutor.access$000(ServletMethodExecutor.java:43)
	at org.jboss.arquillian.protocol.servlet.ServletMethodExecutor$1.run(ServletMethodExecutor.java:99)
	at java.util.TimerThread.mainLoop(Timer.java:555)
	at java.util.TimerThread.run(Timer.java:505)
</system-err>
  </testcase>
  <testcase time="0.03" classname="org.dejava.component.faces.controller.test.GenericControllerTest" name="testAddOrUpdateCollectionNullEntity">
    <error message="Error launching test org.dejava.component.faces.controller.test.GenericControllerTest public void org.dejava.component.faces.controller.test.component.AbstractGenericComponentTest.testAddOrUpdateCollectionNullEntity()" type="java.lang.IllegalStateException">java.lang.IllegalStateException: Error launching test org.dejava.component.faces.controller.test.GenericControllerTest public void org.dejava.component.faces.controller.test.component.AbstractGenericComponentTest.testAddOrUpdateCollectionNullEntity()
	at org.jboss.arquillian.protocol.servlet.ServletMethodExecutor.invoke(ServletMethodExecutor.java:126)
	at org.jboss.arquillian.container.test.impl.execution.RemoteTestExecuter.execute(RemoteTestExecuter.java:120)
	at sun.reflect.NativeMethodAccessorImpl.invoke0(Native Method)
	at sun.reflect.NativeMethodAccessorImpl.invoke(NativeMethodAccessorImpl.java:57)
	at sun.reflect.DelegatingMethodAccessorImpl.invoke(DelegatingMethodAccessorImpl.java:43)
	at java.lang.reflect.Method.invoke(Method.java:606)
	at org.jboss.arquillian.core.impl.ObserverImpl.invoke(ObserverImpl.java:94)
	at org.jboss.arquillian.core.impl.EventContextImpl.invokeObservers(EventContextImpl.java:99)
[...]
	at org.jboss.arquillian.core.impl.ManagerImpl.bind(ManagerImpl.java:169) [arquillian-core.jar:]
	at org.jboss.arquillian.warp.impl.server.execution.WarpFilter.doFilterWarp(WarpFilter.java:137) [arquillian-warp-impl-1.0.0.Alpha3.jar:1.0.0.Alpha3]
	at org.jboss.arquillian.warp.impl.server.execution.WarpFilter.doFilterHttp(WarpFilter.java:117) [arquillian-warp-impl-1.0.0.Alpha3.jar:1.0.0.Alpha3]
	at org.jboss.arquillian.warp.impl.server.execution.WarpFilter.doFilter(WarpFilter.java:90) [arquillian-warp-impl-1.0.0.Alpha3.jar:1.0.0.Alpha3]
	at org.apache.catalina.core.ApplicationFilterChain.internalDoFilter(ApplicationFilterChain.java:280) [jbossweb-7.0.13.Final.jar:]
	at org.apache.catalina.core.ApplicationFilterChain.doFilter(ApplicationFilterChain.java:248) [jbossweb-7.0.13.Final.jar:]
	at org.apache.catalina.core.StandardWrapperValve.invoke(StandardWrapperValve.java:275) [jbossweb-7.0.13.Final.jar:]
	at org.apache.catalina.core.StandardContextValve.invoke(StandardContextValve.java:161) [jbossweb-7.0.13.Final.jar:]
	at org.jboss.as.jpa.interceptor.WebNonTxEmCloserValve.invoke(WebNonTxEmCloserValve.java:50) [jboss-as-jpa-7.1.1.Final.jar:7.1.1.Final]
	at org.jboss.as.web.security.SecurityContextAssociationValve.invoke(SecurityContextAssociationValve.java:153) [jboss-as-web-7.1.1.Final.jar:7.1.1.Final]
	at org.apache.catalina.core.StandardHostValve.invoke(StandardHostValve.java:155) [jbossweb-7.0.13.Final.jar:]
	at org.apache.catalina.valves.ErrorReportValve.invoke(ErrorReportValve.java:102) [jbossweb-7.0.13.Final.jar:]
	at org.apache.catalina.core.StandardEngineValve.invoke(StandardEngineValve.java:109) [jbossweb-7.0.13.Final.jar:]
	at org.apache.catalina.connector.CoyoteAdapter.service(CoyoteAdapter.java:368) [jbossweb-7.0.13.Final.jar:]
	at org.apache.coyote.http11.Http11Processor.process(Http11Processor.java:877) [jbossweb-7.0.13.Final.jar:]
	at org.apache.coyote.http11.Http11Protocol$Http11ConnectionHandler.process(Http11Protocol.java:671) [jbossweb-7.0.13.Final.jar:]
	at org.apache.tomcat.util.net.JIoEndpoint$Worker.run(JIoEndpoint.java:930) [jbossweb-7.0.13.Final.jar:]
	at java.lang.Thread.run(Thread.java:724) [rt.jar:1.7.0_25]

19:11:56,832 ERROR [org.apache.catalina.core.ContainerBase.[jboss.web].[default-host].[/test].[ArquillianServletRunner]] (http--127.0.0.1-8080-1) Servlet.service() for servlet ArquillianServletRunner threw exception: java.lang.IllegalArgumentException: No Context registered with support for scope: interface org.jboss.arquillian.warp.spi.context.RequestScoped
	at org.jboss.arquillian.core.impl.ManagerImpl.bind(ManagerImpl.java:169) [arquillian-core.jar:]
	at org.jboss.arquillian.warp.impl.server.execution.WarpFilter.doFilterWarp(WarpFilter.java:137) [arquillian-warp-impl-1.0.0.Alpha3.jar:1.0.0.Alpha3]
	at org.jboss.arquillian.warp.impl.server.execution.WarpFilter.doFilterHttp(WarpFilter.java:117) [arquillian-warp-impl-1.0.0.Alpha3.jar:1.0.0.Alpha3]
	at org.jboss.arquillian.warp.impl.server.execution.WarpFilter.doFilter(WarpFilter.java:90) [arquillian-warp-impl-1.0.0.Alpha3.jar:1.0.0.Alpha3]
	at org.apache.catalina.core.ApplicationFilterChain.internalDoFilter(ApplicationFilterChain.java:280) [jbossweb-7.0.13.Final.jar:]
	at org.apache.catalina.core.ApplicationFilterChain.doFilter(ApplicationFilterChain.java:248) [jbossweb-7.0.13.Final.jar:]
	at org.apache.catalina.core.StandardWrapperValve.invoke(StandardWrapperValve.java:275) [jbossweb-7.0.13.Final.jar:]
	at org.apache.catalina.core.StandardContextValve.invoke(StandardContextValve.java:161) [jbossweb-7.0.13.Final.jar:]
	at org.jboss.as.jpa.interceptor.WebNonTxEmCloserValve.invoke(WebNonTxEmCloserValve.java:50) [jboss-as-jpa-7.1.1.Final.jar:7.1.1.Final]
	at org.jboss.as.web.security.SecurityContextAssociationValve.invoke(SecurityContextAssociationValve.java:153) [jboss-as-web-7.1.1.Final.jar:7.1.1.Final]
	at org.apache.catalina.core.StandardHostValve.invoke(StandardHostValve.java:155) [jbossweb-7.0.13.Final.jar:]
	at org.apache.catalina.valves.ErrorReportValve.invoke(ErrorReportValve.java:102) [jbossweb-7.0.13.Final.jar:]
	at org.apache.catalina.core.StandardEngineValve.invoke(StandardEngineValve.java:109) [jbossweb-7.0.13.Final.jar:]
	at org.apache.catalina.connector.CoyoteAdapter.service(CoyoteAdapter.java:368) [jbossweb-7.0.13.Final.jar:]
	at org.apache.coyote.http11.Http11Processor.process(Http11Processor.java:877) [jbossweb-7.0.13.Final.jar:]
	at org.apache.coyote.http11.Http11Protocol$Http11ConnectionHandler.process(Http11Protocol.java:671) [jbossweb-7.0.13.Final.jar:]
	at org.apache.tomcat.util.net.JIoEndpoint$Worker.run(JIoEndpoint.java:930) [jbossweb-7.0.13.Final.jar:]
	at java.lang.Thread.run(Thread.java:724) [rt.jar:1.7.0_25]

</system-out>
    <system-err>java.lang.IllegalStateException: Error launching test at http://127.0.0.1:8080/test/ArquillianServletRunner?outputMode=serializedObject&amp;className=org.dejava.component.faces.controller.test.GenericControllerTest&amp;methodName=testRemoveSuccess&amp;cmd=event. Got 500 (Internal Server Error)
	at org.jboss.arquillian.protocol.servlet.ServletMethodExecutor.execute(ServletMethodExecutor.java:237)
	at org.jboss.arquillian.protocol.servlet.ServletMethodExecutor.access$000(ServletMethodExecutor.java:43)
	at org.jboss.arquillian.protocol.servlet.ServletMethodExecutor$1.run(ServletMethodExecutor.java:99)
	at java.util.TimerThread.mainLoop(Timer.java:555)
	at java.util.TimerThread.run(Timer.java:505)
java.lang.IllegalStateException: Error launching test at http://127.0.0.1:8080/test/ArquillianServletRunner?outputMode=serializedObject&amp;className=org.dejava.component.faces.controller.test.GenericControllerTest&amp;methodName=testAddOrUpdateSuccess&amp;cmd=event. Got 500 (Internal Server Error)
	at org.jboss.arquillian.protocol.servlet.ServletMethodExecutor.execute(ServletMethodExecutor.java:237)
	at org.jboss.arquillian.protocol.servlet.ServletMethodExecutor.access$000(ServletMethodExecutor.java:43)
	at org.jboss.arquillian.protocol.servlet.ServletMethodExecutor$1.run(ServletMethodExecutor.java:99)
	at java.util.TimerThread.mainLoop(Timer.java:555)
	at java.util.TimerThread.run(Timer.java:505)
</system-err>
  </testcase>
  <testcase time="0.029" classname="org.dejava.component.faces.controller.test.GenericControllerTest" name="testAddOrUpdateNullEntity">
    <error message="Unexpected exception, expected&lt;org.dejava.component.exception.localized.unchecked.EmptyParameterException&gt; but was&lt;java.lang.IllegalStateException&gt;" type="java.lang.Exception">java.lang.Exception: Unexpected exception, expected&lt;org.dejava.component.exception.localized.unchecked.EmptyParameterException&gt; but was&lt;java.lang.IllegalStateException&gt;
	at org.junit.internal.runners.statements.ExpectException.evaluate(ExpectException.java:31)
	at org.jboss.arquillian.junit.Arquillian$4.evaluate(Arquillian.java:226)
	at org.jboss.arquillian.junit.Arquillian.multiExecute(Arquillian.java:314)
	at org.jboss.arquillian.junit.Arquillian.access$100(Arquillian.java:46)
	at org.jboss.arquillian.junit.Arquillian$5.evaluate(Arquillian.java:240)
	at org.junit.runners.ParentRunner.runLeaf(ParentRunner.java:263)
	at org.junit.runners.BlockJUnit4ClassRunner.runChild(BlockJUnit4ClassRunner.java:68)
	at org.junit.runners.BlockJUnit4ClassRunner.runChild(BlockJUnit4ClassRunner.java:47)
	at org.junit.runners.ParentRunner$3.run(ParentRunner.java:231)
	at org.junit.runners.ParentRunner$1.schedule(ParentRunner.java:60)
	at org.junit.runners.ParentRunner.runChildren(ParentRunner.java:229)
	at org.junit.runners.ParentRunner.access$000(ParentRunner.java:50)
	at org.junit.runners.ParentRunner$2.evaluate(ParentRunner.java:222)
	at org.jboss.arquillian.junit.Arquillian$2.evaluate(Arquillian.java:185)
	at org.jboss.arquillian.junit.Arquillian.multiExecute(Arquillian.java:314)
	at org.jboss.arquillian.junit.Arquillian.access$100(Arquillian.java:46)
	at org.jboss.arquillian.junit.Arquillian$3.evaluate(Arquillian.java:199)
	at org.junit.runners.ParentRunner.run(ParentRunner.java:300)
	at org.jboss.arquillian.junit.Arquillian.run(Arquillian.java:147)
	at org.apache.maven.surefire.junit4.JUnit4TestSet.execute(JUnit4TestSet.java:53)
	at org.apache.maven.surefire.junit4.JUnit4Provider.executeTestSet(JUnit4Provider.java:123)
	at org.apache.maven.surefire.junit4.JUnit4Provider.invoke(JUnit4Provider.java:104)
	at sun.reflect.NativeMethodAccessorImpl.invoke0(Native Method)
	at sun.reflect.NativeMethodAccessorImpl.invoke(NativeMethodAccessorImpl.java:57)
	at sun.reflect.DelegatingMethodAccessorImpl.invoke(DelegatingMethodAccessorImpl.java:43)
	at java.lang.reflect.Method.invoke(Method.java:606)
	at org.apache.maven.surefire.util.ReflectionUtils.invokeMethodWithArray(ReflectionUtils.java:164)
	at org.apache.maven.surefire.booter.ProviderFactory$ProviderProxy.invoke(ProviderFactory.java:110)
	at org.apache.maven.surefire.booter.SurefireStarter.invokeProvider(SurefireStarter.java:175)
	at org.apache.maven.surefire.booter.SurefireStarter.runSuitesInProcessWhenForked(SurefireStarter.java:107)
	at org.apache.maven.surefire.booter.ForkedBooter.main(ForkedBooter.java:68)
Caused by: java.lang.IllegalStateException: Error launching test org.dejava.component.faces.controller.test.GenericControllerTest public void org.dejava.component.faces.controller.test.component.AbstractGenericComponentTest.testAddOrUpdateNullEntity() throws java.lang.Throwable
	at org.jboss.arquillian.protocol.servlet.ServletMethodExecutor.invoke(ServletMethodExecutor.java:126)
	at org.jboss.arquillian.container.test.impl.execution.RemoteTestExecuter.execute(RemoteTestExecuter.java:120)
	at sun.reflect.NativeMethodAccessorImpl.invoke0(Native Method)
	at sun.reflect.NativeMethodAccessorImpl.invoke(NativeMethodAccessorImpl.java:57)
	at sun.reflect.DelegatingMethodAccessorImpl.invoke(DelegatingMethodAccessorImpl.java:43)
	at java.lang.reflect.Method.invoke(Method.java:606)
	at org.jboss.arquillian.core.impl.ObserverImpl.invoke(ObserverImpl.java:94)
	at org.jboss.arquillian.core.impl.EventContextImpl.invokeObservers(EventContextImpl.java:99)
	at org.jboss.arquillian.core.impl.EventContextImpl.proceed(EventContextImpl.java:81)
	at org.jboss.arquillian.core.impl.ManagerImpl.fire(ManagerImpl.java:135)
	at org.jboss.arquillian.core.impl.ManagerImpl.fire(ManagerImpl.java:115)
	at org.jboss.arquillian.core.impl.EventImpl.fire(EventImpl.java:67)
	at org.jboss.arquillian.container.test.impl.execution.ClientTestExecuter.execute(ClientTestExecuter.java:57)
	at sun.reflect.NativeMethodAccessorImpl.invoke0(Native Method)
	at sun.reflect.NativeMethodAccessorImpl.invoke(NativeMethodAccessorImpl.java:57)
	at sun.reflect.DelegatingMethodAccessorImpl.invoke(DelegatingMethodAccessorImpl.java:43)
	at java.lang.reflect.Method.invoke(Method.java:606)
	at org.jboss.arquillian.core.impl.ObserverImpl.invoke(ObserverImpl.java:94)
	at org.jboss.arquillian.core.impl.EventContextImpl.invokeObservers(EventContextImpl.java:99)
	at org.jboss.arquillian.core.impl.EventContextImpl.proceed(EventContextImpl.java:81)
	at org.jboss.arquillian.container.test.impl.client.ContainerEventController.createContext(ContainerEventController.java:142)
	at org.jboss.arquillian.container.test.impl.client.ContainerEventController.createTestContext(ContainerEventController.java:129)
	at sun.reflect.NativeMethodAccessorImpl.invoke0(Native Method)
	at sun.reflect.NativeMethodAccessorImpl.invoke(NativeMethodAccessorImpl.java:57)
	at sun.reflect.DelegatingMethodAccessorImpl.invoke(DelegatingMethodAccessorImpl.java:43)
	at java.lang.reflect.Method.invoke(Method.java:606)
	at org.jboss.arquillian.core.impl.ObserverImpl.invoke(ObserverImpl.java:94)
	at org.jboss.arquillian.core.impl.EventContextImpl.proceed(EventContextImpl.java:88)
	at org.jboss.arquillian.test.impl.TestContextHandler.createTestContext(TestContextHandler.java:89)
	at sun.reflect.GeneratedMethodAccessor13.invoke(Unknown Source)
	at sun.reflect.DelegatingMethodAccessorImpl.invoke(DelegatingMethodAccessorImpl.java:43)
	at java.lang.reflect.Method.invoke(Method.java:606)
	at org.jboss.arquillian.core.impl.ObserverImpl.invoke(ObserverImpl.java:94)
	at org.jboss.arquillian.core.impl.EventContextImpl.proceed(EventContextImpl.java:88)
	at org.jboss.arquillian.test.impl.TestContextHandler.createClassContext(TestContextHandler.java:75)
	at sun.reflect.GeneratedMethodAccessor12.invoke(Unknown Source)
	at sun.reflect.DelegatingMethodAccessorImpl.invoke(DelegatingMethodAccessorImpl.java:43)
	at java.lang.reflect.Method.invoke(Method.java:606)
	at org.jboss.arquillian.core.impl.ObserverImpl.invoke(ObserverImpl.java:94)
	at org.jboss.arquillian.core.impl.EventContextImpl.proceed(EventContextImpl.java:88)
	at org.jboss.arquillian.test.impl.TestContextHandler.createSuiteContext(TestContextHandler.java:60)
	at sun.reflect.GeneratedMethodAccessor11.invoke(Unknown Source)
	at sun.reflect.DelegatingMethodAccessorImpl.invoke(DelegatingMethodAccessorImpl.java:43)
	at java.lang.reflect.Method.invoke(Method.java:606)
	at org.jboss.arquillian.core.impl.ObserverImpl.invoke(ObserverImpl.java:94)
	at org.jboss.arquillian.core.impl.EventContextImpl.proceed(EventContextImpl.java:88)
	at org.jboss.arquillian.core.impl.ManagerImpl.fire(ManagerImpl.java:135)
	at org.jboss.arquillian.test.impl.EventTestRunnerAdaptor.test(EventTestRunnerAdaptor.java:111)
	at org.jboss.arquillian.junit.Arquillian$6.evaluate(Arquillian.java:263)
	at org.junit.internal.runners.statements.ExpectException.evaluate(ExpectException.java:22)
	... 30 more
Caused by: java.lang.IllegalStateException: Error launching test at http://127.0.0.1:8080/test/ArquillianServletRunner?outputMode=serializedObject&amp;className=org.dejava.component.faces.controller.test.GenericControllerTest&amp;methodName=testAddOrUpdateNullEntity. Got 500 (Internal Server Error)
	at org.jboss.arquillian.protocol.servlet.ServletMethodExecutor.execute(ServletMethodExecutor.java:237)
	at org.jboss.arquillian.protocol.servlet.ServletMethodExecutor.executeWithRetry(ServletMethodExecutor.java:144)
	at org.jboss.arquillian.protocol.servlet.ServletMethodExecutor.invoke(ServletMethodExecutor.java:122)
	... 79 more
</error>
    <system-out>19:11:56,860 ERROR [org.apache.catalina.core.ContainerBase.[jboss.web].[default-host].[/test].[ArquillianServletRunner]] (http--127.0.0.1-8080-1) Servlet.service() for servlet ArquillianServletRunner threw exception: java.lang.IllegalArgumentException: No Context registered with support for scope: interface org.jboss.arquillian.warp.spi.context.RequestScoped
	at org.jboss.arquillian.core.impl.ManagerImpl.bind(ManagerImpl.java:169) [arquillian-core.jar:]
	at org.jboss.arquillian.warp.impl.server.execution.WarpFilter.doFilterWarp(WarpFilter.java:137) [arquillian-warp-impl-1.0.0.Alpha3.jar:1.0.0.Alpha3]
	at org.jboss.arquillian.warp.impl.server.execution.WarpFilter.doFilterHttp(WarpFilter.java:117) [arquillian-warp-impl-1.0.0.Alpha3.jar:1.0.0.Alpha3]
	at org.jboss.arquillian.warp.impl.server.execution.WarpFilter.doFilter(WarpFilter.java:90) [arquillian-warp-impl-1.0.0.Alpha3.jar:1.0.0.Alpha3]
	at org.apache.catalina.core.ApplicationFilterChain.internalDoFilter(ApplicationFilterChain.java:280) [jbossweb-7.0.13.Final.jar:]
	at org.apache.catalina.core.ApplicationFilterChain.doFilter(ApplicationFilterChain.java:248) [jbossweb-7.0.13.Final.jar:]
	at org.apache.catalina.core.StandardWrapperValve.invoke(StandardWrapperValve.java:275) [jbossweb-7.0.13.Final.jar:]
	at org.apache.catalina.core.StandardContextValve.invoke(StandardContextValve.java:161) [jbossweb-7.0.13.Final.jar:]
	at org.jboss.as.jpa.interceptor.WebNonTxEmCloserValve.invoke(WebNonTxEmCloserValve.java:50) [jboss-as-jpa-7.1.1.Final.jar:7.1.1.Final]
	at org.jboss.as.web.security.SecurityContextAssociationValve.invoke(SecurityContextAssociationValve.java:153) [jboss-as-web-7.1.1.Final.jar:7.1.1.Final]
	at org.apache.catalina.core.StandardHostValve.invoke(StandardHostValve.java:155) [jbossweb-7.0.13.Final.jar:]
	at org.apache.catalina.valves.ErrorReportValve.invoke(ErrorReportValve.java:102) [jbossweb-7.0.13.Final.jar:]
	at org.apache.catalina.core.StandardEngineValve.invoke(StandardEngineValve.java:109) [jbossweb-7.0.13.Final.jar:]
	at org.apache.catalina.connector.CoyoteAdapter.service(CoyoteAdapter.java:368) [jbossweb-7.0.13.Final.jar:]
	at org.apache.coyote.http11.Http11Processor.process(Http11Processor.java:877) [jbossweb-7.0.13.Final.jar:]
	at org.apache.coyote.http11.Http11Protocol$Http11ConnectionHandler.process(Http11Protocol.java:671) [jbossweb-7.0.13.Final.jar:]
	at org.apache.tomcat.util.net.JIoEndpoint$Worker.run(JIoEndpoint.java:930) [jbossweb-7.0.13.Final.jar:]
	at java.lang.Thread.run(Thread.java:724) [rt.jar:1.7.0_25]

19:11:56,860 ERROR [org.apache.catalina.core.ContainerBase.[jboss.web].[default-host].[/test].[ArquillianServletRunner]] (http--127.0.0.1-8080-3) Servlet.service() for servlet ArquillianServletRunner threw exception: java.lang.IllegalArgumentException: No Context registered with support for scope: interface org.jboss.arquillian.warp.spi.context.RequestScoped
	at org.jboss.arquillian.core.impl.ManagerImpl.bind(ManagerImpl.java:169) [arquillian-core.jar:]
	at org.jboss.arquillian.warp.impl.server.execution.WarpFilter.doFilterWarp(WarpFilter.java:137) [arquillian-warp-impl-1.0.0.Alpha3.jar:1.0.0.Alpha3]
	at org.jboss.arquillian.warp.impl.server.execution.WarpFilter.doFilterHttp(WarpFilter.java:117) [arquillian-warp-impl-1.0.0.Alpha3.jar:1.0.0.Alpha3]
	at org.jboss.arquillian.warp.impl.server.execution.WarpFilter.doFilter(WarpFilter.java:90) [arquillian-warp-impl-1.0.0.Alpha3.jar:1.0.0.Alpha3]
	at org.apache.catalina.core.ApplicationFilterChain.internalDoFilter(ApplicationFilterChain.java:280) [jbossweb-7.0.13.Final.jar:]
	at org.apache.catalina.core.ApplicationFilterChain.doFilter(ApplicationFilterChain.java:248) [jbossweb-7.0.13.Final.jar:]
	at org.apache.catalina.core.StandardWrapperValve.invoke(StandardWrapperValve.java:275) [jbossweb-7.0.13.Final.jar:]
	at org.apache.catalina.core.StandardContextValve.invoke(StandardContextValve.java:161) [jbossweb-7.0.13.Final.jar:]
	at org.jboss.as.jpa.interceptor.WebNonTxEmCloserValve.invoke(WebNonTxEmCloserValve.java:50) [jboss-as-jpa-7.1.1.Final.jar:7.1.1.Final]
	at org.jboss.as.web.security.SecurityContextAssociationValve.invoke(SecurityContextAssociationValve.java:153) [jboss-as-web-7.1.1.Final.jar:7.1.1.Final]
	at org.apache.catalina.core.StandardHostValve.invoke(StandardHostValve.java:155) [jbossweb-7.0.13.Final.jar:]
	at org.apache.catalina.valves.ErrorReportValve.invoke(ErrorReportValve.java:102) [jbossweb-7.0.13.Final.jar:]
	at org.apache.catalina.core.StandardEngineValve.invoke(StandardEngineValve.java:109) [jbossweb-7.0.13.Final.jar:]
	at org.apache.catalina.connector.CoyoteAdapter.service(CoyoteAdapter.java:368) [jbossweb-7.0.13.Final.jar:]
	at org.apache.coyote.http11.Http11Processor.process(Http11Processor.java:877) [jbossweb-7.0.13.Final.jar:]
	at org.apache.coyote.http11.Http11Protocol$Http11ConnectionHandler.process(Http11Protocol.java:671) [jbossweb-7.0.13.Final.jar:]
	at org.apache.tomcat.util.net.JIoEndpoint$Worker.run(JIoEndpoint.java:930) [jbossweb-7.0.13.Final.jar:]
	at java.lang.Thread.run(Thread.java:724) [rt.jar:1.7.0_25]

</system-out>
    <system-err>java.lang.IllegalStateException: Error launching test at http://127.0.0.1:8080/test/ArquillianServletRunner?outputMode=serializedObject&amp;className=org.dejava.component.faces.controller.test.GenericControllerTest&amp;methodName=testAddOrUpdateNullEntity&amp;cmd=event. Got 500 (Internal Server Error)
	at org.jboss.arquillian.protocol.servlet.ServletMethodExecutor.execute(ServletMethodExecutor.java:237)
	at org.jboss.arquillian.protocol.servlet.ServletMethodExecutor.access$000(ServletMethodExecutor.java:43)
	at org.jboss.arquillian.protocol.servlet.ServletMethodExecutor$1.run(ServletMethodExecutor.java:99)
	at java.util.TimerThread.mainLoop(Timer.java:555)
	at java.util.TimerThread.run(Timer.java:505)
</system-err>
  </testcase>
</testsuite>