<?xml version="1.0" encoding="UTF-8" ?>
<testsuite failures="0" time="3.079" errors="6" skipped="0" tests="16" name="org.dejava.component.javaee.test.service.GenericServiceTest">
  <properties>
[...]
</properties>
  <testcase time="0.146" classname="org.dejava.component.javaee.test.service.GenericServiceTest" name="testGetEntitiesByAttributeSuccess"/>
  <testcase time="0.025" classname="org.dejava.component.javaee.test.service.GenericServiceTest" name="testGetEntityByAttributeSuccess"/>
  <testcase time="0.197" classname="org.dejava.component.javaee.test.service.GenericServiceTest" name="testGetEntitiesByAttributeNullAttributeName">
    <error message="Unexpected exception, expected&lt;org.dejava.component.exception.localized.unchecked.EmptyParameterException&gt; but was&lt;java.lang.Exception&gt;" type="java.lang.Exception">java.lang.Exception: Unexpected exception, expected&lt;org.dejava.component.exception.localized.unchecked.EmptyParameterException&gt; but was&lt;java.lang.Exception&gt;
	at org.junit.internal.runners.statements.ExpectException.evaluate(ExpectException.java:31)
	at org.jboss.arquillian.junit.Arquillian$4.evaluate(Arquillian.java:226)
	at org.jboss.arquillian.junit.Arquillian.multiExecute(Arquillian.java:314)
	at org.jboss.arquillian.junit.Arquillian.access$100(Arquillian.java:46)
	at org.jboss.arquillian.junit.Arquillian$5.evaluate(Arquillian.java:240)
	at org.junit.runners.ParentRunner.runLeaf(ParentRunner.java:263)
	at org.junit.runners.BlockJUnit4ClassRunner.runChild(BlockJUnit4ClassRunner.java:68)
	at org.junit.runners.BlockJUnit4ClassRunner.runChild(BlockJUnit4ClassRunner.java:47)
	at org.junit.runners.ParentRunner$3.run(ParentRunner.java:231)
	at org.junit.runners.ParentRunner$1.schedule(ParentRunner.java:60)
	at org.junit.runners.ParentRunner.runChildren(ParentRunner.java:229)
	at org.junit.runners.ParentRunner.access$000(ParentRunner.java:50)
	at org.junit.runners.ParentRunner$2.evaluate(ParentRunner.java:222)
	at org.jboss.arquillian.junit.Arquillian$2.evaluate(Arquillian.java:185)
	at org.jboss.arquillian.junit.Arquillian.multiExecute(Arquillian.java:314)
	at org.jboss.arquillian.junit.Arquillian.access$100(Arquillian.java:46)
	at org.jboss.arquillian.junit.Arquillian$3.evaluate(Arquillian.java:199)
	at org.junit.runners.ParentRunner.run(ParentRunner.java:300)
	at org.jboss.arquillian.junit.Arquillian.run(Arquillian.java:147)
	at org.apache.maven.surefire.junit4.JUnit4TestSet.execute(JUnit4TestSet.java:53)
	at org.apache.maven.surefire.junit4.JUnit4Provider.executeTestSet(JUnit4Provider.java:123)
	at org.apache.maven.surefire.junit4.JUnit4Provider.invoke(JUnit4Provider.java:104)
	at sun.reflect.NativeMethodAccessorImpl.invoke0(Native Method)
	at sun.reflect.NativeMethodAccessorImpl.invoke(NativeMethodAccessorImpl.java:57)
	at sun.reflect.DelegatingMethodAccessorImpl.invoke(DelegatingMethodAccessorImpl.java:43)
	at java.lang.reflect.Method.invoke(Method.java:601)
	at org.apache.maven.surefire.util.ReflectionUtils.invokeMethodWithArray(ReflectionUtils.java:164)
	at org.apache.maven.surefire.booter.ProviderFactory$ProviderProxy.invoke(ProviderFactory.java:110)
	at org.apache.maven.surefire.booter.SurefireStarter.invokeProvider(SurefireStarter.java:175)
	at org.apache.maven.surefire.booter.SurefireStarter.runSuitesInProcessWhenForked(SurefireStarter.java:107)
	at org.apache.maven.surefire.booter.ForkedBooter.main(ForkedBooter.java:68)
Caused by: java.lang.Exception: Unexpected exception, expected&lt;org.dejava.component.exception.localized.unchecked.EmptyParameterException&gt; but was&lt;java.lang.NoClassDefFoundError&gt;
	at org.junit.internal.runners.statements.ExpectException.evaluate(ExpectException.java:31)
	at org.jboss.arquillian.junit.Arquillian$4.evaluate(Arquillian.java:226)
	at org.jboss.arquillian.junit.Arquillian.multiExecute(Arquillian.java:314)
	at org.jboss.arquillian.junit.Arquillian.access$100(Arquillian.java:46)
	at org.jboss.arquillian.junit.Arquillian$5.evaluate(Arquillian.java:240)
	at org.junit.runners.ParentRunner.runLeaf(ParentRunner.java:263)
	at org.junit.runners.BlockJUnit4ClassRunner.runChild(BlockJUnit4ClassRunner.java:68)
	at org.junit.runners.BlockJUnit4ClassRunner.runChild(BlockJUnit4ClassRunner.java:47)
	at org.junit.runners.ParentRunner$3.run(ParentRunner.java:231)
	at org.junit.runners.ParentRunner$1.schedule(ParentRunner.java:60)
	at org.junit.runners.ParentRunner.runChildren(ParentRunner.java:229)
	at org.junit.runners.ParentRunner.access$000(ParentRunner.java:50)
	at org.junit.runners.ParentRunner$2.evaluate(ParentRunner.java:222)
	at org.jboss.arquillian.junit.Arquillian$2.evaluate(Arquillian.java:185)
	at org.jboss.arquillian.junit.Arquillian.multiExecute(Arquillian.java:314)
	at org.jboss.arquillian.junit.Arquillian.access$100(Arquillian.java:46)
	at org.jboss.arquillian.junit.Arquillian$3.evaluate(Arquillian.java:199)
	at org.junit.runners.ParentRunner.run(ParentRunner.java:300)
	at org.jboss.arquillian.junit.Arquillian.run(Arquillian.java:147)
	at org.junit.runner.JUnitCore.run(JUnitCore.java:157)
	at org.junit.runner.JUnitCore.run(JUnitCore.java:136)
	at org.jboss.arquillian.junit.container.JUnitTestRunner.execute(JUnitTestRunner.java:65)
	at org.jboss.arquillian.protocol.servlet.runner.ServletTestRunner.executeTest(ServletTestRunner.java:160)
	at org.jboss.arquillian.protocol.servlet.runner.ServletTestRunner.execute(ServletTestRunner.java:126)
	at org.jboss.arquillian.protocol.servlet.runner.ServletTestRunner.doGet(ServletTestRunner.java:90)
	at javax.servlet.http.HttpServlet.service(HttpServlet.java:734)
	at javax.servlet.http.HttpServlet.service(HttpServlet.java:847)
	at org.apache.catalina.core.ApplicationFilterChain.internalDoFilter(ApplicationFilterChain.java:329)
	at org.apache.catalina.core.ApplicationFilterChain.doFilter(ApplicationFilterChain.java:248)
	at org.jboss.weld.servlet.ConversationPropagationFilter.doFilter(ConversationPropagationFilter.java:62)
	at org.apache.catalina.core.ApplicationFilterChain.internalDoFilter(ApplicationFilterChain.java:280)
	at org.apache.catalina.core.ApplicationFilterChain.doFilter(ApplicationFilterChain.java:248)
	at org.apache.catalina.core.StandardWrapperValve.invoke(StandardWrapperValve.java:275)
	at org.apache.catalina.core.StandardContextValve.invoke(StandardContextValve.java:161)
	at org.jboss.as.jpa.interceptor.WebNonTxEmCloserValve.invoke(WebNonTxEmCloserValve.java:50)
	at org.jboss.as.web.security.SecurityContextAssociationValve.invoke(SecurityContextAssociationValve.java:153)
	at org.apache.catalina.core.StandardHostValve.invoke(StandardHostValve.java:155)
	at org.apache.catalina.valves.ErrorReportValve.invoke(ErrorReportValve.java:102)
	at org.apache.catalina.core.StandardEngineValve.invoke(StandardEngineValve.java:109)
	at org.apache.catalina.connector.CoyoteAdapter.service(CoyoteAdapter.java:368)
	at org.apache.coyote.http11.Http11Processor.process(Http11Processor.java:877)
	at org.apache.coyote.http11.Http11Protocol$Http11ConnectionHandler.process(Http11Protocol.java:671)
	at org.apache.tomcat.util.net.JIoEndpoint$Worker.run(JIoEndpoint.java:930)
	at java.lang.Thread.run(Thread.java:722)
Caused by: java.lang.NoClassDefFoundError: org/dejava/component/exception/localized/ExceptionMessageCommand
	at org.dejava.component.exception.localized.unchecked.AbstractLocalizedRuntimeException.getMessageCommand(AbstractLocalizedRuntimeException.java:30)
	at org.dejava.component.exception.localized.unchecked.AbstractLocalizedRuntimeException.&lt;init&gt;(AbstractLocalizedRuntimeException.java:61)
	at org.dejava.component.exception.localized.unchecked.InvalidParameterException.&lt;init&gt;(InvalidParameterException.java:27)
	at org.dejava.component.exception.localized.unchecked.EmptyParameterException.&lt;init&gt;(EmptyParameterException.java:22)
	at org.dejava.component.javaee.dao.AbstractGenericDAO.getEntitiesByAttribute(AbstractGenericDAO.java:163)
	at org.dejava.component.javaee.service.AbstractGenericService.getEntitiesByAttribute(AbstractGenericService.java:95)
	at sun.reflect.NativeMethodAccessorImpl.invoke0(Native Method)
	at sun.reflect.NativeMethodAccessorImpl.invoke(NativeMethodAccessorImpl.java:57)
	at sun.reflect.DelegatingMethodAccessorImpl.invoke(DelegatingMethodAccessorImpl.java:43)
	at java.lang.reflect.Method.invoke(Method.java:601)
	at org.jboss.as.ee.component.ManagedReferenceMethodInterceptorFactory$ManagedReferenceMethodInterceptor.processInvocation(ManagedReferenceMethodInterceptorFactory.java:72)
	at org.jboss.invocation.InterceptorContext.proceed(InterceptorContext.java:288)
	at org.jboss.invocation.InterceptorContext$Invocation.proceed(InterceptorContext.java:374)
	at org.jboss.as.weld.ejb.Jsr299BindingsInterceptor.doMethodInterception(Jsr299BindingsInterceptor.java:127)
	at org.jboss.as.weld.ejb.Jsr299BindingsInterceptor.processInvocation(Jsr299BindingsInterceptor.java:135)
	at org.jboss.as.ee.component.interceptors.UserInterceptorFactory$1.processInvocation(UserInterceptorFactory.java:36)
	at org.jboss.invocation.InterceptorContext.proceed(InterceptorContext.java:288)
	at org.jboss.invocation.WeavedInterceptor.processInvocation(WeavedInterceptor.java:53)
	at org.jboss.as.ee.component.interceptors.UserInterceptorFactory$1.processInvocation(UserInterceptorFactory.java:36)
	at org.jboss.invocation.InterceptorContext.proceed(InterceptorContext.java:288)
	at org.jboss.as.jpa.interceptor.SBInvocationInterceptor.processInvocation(SBInvocationInterceptor.java:47)
	at org.jboss.invocation.InterceptorContext.proceed(InterceptorContext.java:288)
	at org.jboss.as.weld.ejb.EjbRequestScopeActivationInterceptor.processInvocation(EjbRequestScopeActivationInterceptor.java:82)
	at org.jboss.invocation.InterceptorContext.proceed(InterceptorContext.java:288)
	at org.jboss.invocation.InitialInterceptor.processInvocation(InitialInterceptor.java:21)
	at org.jboss.invocation.InterceptorContext.proceed(InterceptorContext.java:288)
	at org.jboss.invocation.ChainedInterceptor.processInvocation(ChainedInterceptor.java:61)
	at org.jboss.as.ee.component.interceptors.ComponentDispatcherInterceptor.processInvocation(ComponentDispatcherInterceptor.java:53)
	at org.jboss.invocation.InterceptorContext.proceed(InterceptorContext.java:288)
	at org.jboss.as.ejb3.component.pool.PooledInstanceInterceptor.processInvocation(PooledInstanceInterceptor.java:51)
	at org.jboss.invocation.InterceptorContext.proceed(InterceptorContext.java:288)
	at org.jboss.as.ejb3.tx.CMTTxInterceptor.invokeInOurTx(CMTTxInterceptor.java:228)
	at org.jboss.as.ejb3.tx.CMTTxInterceptor.required(CMTTxInterceptor.java:304)
	at org.jboss.as.ejb3.tx.CMTTxInterceptor.processInvocation(CMTTxInterceptor.java:190)
	at org.jboss.invocation.InterceptorContext.proceed(InterceptorContext.java:288)
	at org.jboss.as.ejb3.component.interceptors.CurrentInvocationContextInterceptor.processInvocation(CurrentInvocationContextInterceptor.java:41)
	at org.jboss.invocation.InterceptorContext.proceed(InterceptorContext.java:288)
	at org.jboss.as.ejb3.component.interceptors.LoggingInterceptor.processInvocation(LoggingInterceptor.java:59)
	at org.jboss.invocation.InterceptorContext.proceed(InterceptorContext.java:288)
	at org.jboss.as.ee.component.NamespaceContextInterceptor.processInvocation(NamespaceContextInterceptor.java:50)
	at org.jboss.invocation.InterceptorContext.proceed(InterceptorContext.java:288)
	at org.jboss.as.ejb3.component.interceptors.AdditionalSetupInterceptor.processInvocation(AdditionalSetupInterceptor.java:32)
	at org.jboss.invocation.InterceptorContext.proceed(InterceptorContext.java:288)
	at org.jboss.as.ee.component.TCCLInterceptor.processInvocation(TCCLInterceptor.java:45)
	at org.jboss.invocation.InterceptorContext.proceed(InterceptorContext.java:288)
	at org.jboss.invocation.ChainedInterceptor.processInvocation(ChainedInterceptor.java:61)
	at org.jboss.as.ee.component.ViewService$View.invoke(ViewService.java:165)
	at org.jboss.as.ee.component.ViewDescription$1.processInvocation(ViewDescription.java:173)
	at org.jboss.invocation.InterceptorContext.proceed(InterceptorContext.java:288)
	at org.jboss.invocation.ChainedInterceptor.processInvocation(ChainedInterceptor.java:61)
	at org.jboss.as.ee.component.ProxyInvocationHandler.invoke(ProxyInvocationHandler.java:72)
	at org.dejava.component.javaee.test.util.FakeEntityService$$$view4.getEntitiesByAttribute(Unknown Source)
	at sun.reflect.NativeMethodAccessorImpl.invoke0(Native Method)
	at sun.reflect.NativeMethodAccessorImpl.invoke(NativeMethodAccessorImpl.java:57)
	at sun.reflect.DelegatingMethodAccessorImpl.invoke(DelegatingMethodAccessorImpl.java:43)
	at java.lang.reflect.Method.invoke(Method.java:601)
	at org.jboss.weld.util.reflection.SecureReflections$13.work(SecureReflections.java:264)
	at org.jboss.weld.util.reflection.SecureReflectionAccess.run(SecureReflectionAccess.java:52)
	at org.jboss.weld.util.reflection.SecureReflectionAccess.runAsInvocation(SecureReflectionAccess.java:137)
	at org.jboss.weld.util.reflection.SecureReflections.invoke(SecureReflections.java:260)
	at org.jboss.weld.bean.proxy.EnterpriseBeanProxyMethodHandler.invoke(EnterpriseBeanProxyMethodHandler.java:111)
	at org.jboss.weld.bean.proxy.EnterpriseTargetBeanInstance.invoke(EnterpriseTargetBeanInstance.java:56)
	at org.jboss.weld.bean.proxy.ProxyMethodHandler.invoke(ProxyMethodHandler.java:105)
	at org.dejava.component.javaee.test.util.FakeEntityService$Proxy$_$$_Weld$Proxy$.getEntitiesByAttribute(FakeEntityService$Proxy$_$$_Weld$Proxy$.java)
	at org.dejava.component.javaee.test.service.AbstractGenericServiceTest.testGetEntitiesByAttributeNullAttributeName(AbstractGenericServiceTest.java:249)
	at sun.reflect.NativeMethodAccessorImpl.invoke0(Native Method)
	at sun.reflect.NativeMethodAccessorImpl.invoke(NativeMethodAccessorImpl.java:57)
	at sun.reflect.DelegatingMethodAccessorImpl.invoke(DelegatingMethodAccessorImpl.java:43)
	at java.lang.reflect.Method.invoke(Method.java:601)
	at org.junit.runners.model.FrameworkMethod$1.runReflectiveCall(FrameworkMethod.java:45)
	at org.junit.internal.runners.model.ReflectiveCallable.run(ReflectiveCallable.java:15)
	at org.junit.runners.model.FrameworkMethod.invokeExplosively(FrameworkMethod.java:42)
	at org.jboss.arquillian.junit.Arquillian$6$1.invoke(Arquillian.java:270)
	at org.jboss.arquillian.container.test.impl.execution.LocalTestExecuter.execute(LocalTestExecuter.java:60)
	at sun.reflect.NativeMethodAccessorImpl.invoke0(Native Method)
	at sun.reflect.NativeMethodAccessorImpl.invoke(NativeMethodAccessorImpl.java:57)
	at sun.reflect.DelegatingMethodAccessorImpl.invoke(DelegatingMethodAccessorImpl.java:43)
	at java.lang.reflect.Method.invoke(Method.java:601)
	at org.jboss.arquillian.core.impl.ObserverImpl.invoke(ObserverImpl.java:90)
	at org.jboss.arquillian.core.impl.EventContextImpl.invokeObservers(EventContextImpl.java:99)
	at org.jboss.arquillian.core.impl.EventContextImpl.proceed(EventContextImpl.java:81)
	at org.jboss.arquillian.core.impl.ManagerImpl.fire(ManagerImpl.java:134)
	at org.jboss.arquillian.core.impl.ManagerImpl.fire(ManagerImpl.java:114)
	at org.jboss.arquillian.core.impl.EventImpl.fire(EventImpl.java:67)
	at org.jboss.arquillian.container.test.impl.execution.ContainerTestExecuter.execute(ContainerTestExecuter.java:38)
	at sun.reflect.NativeMethodAccessorImpl.invoke0(Native Method)
	at sun.reflect.NativeMethodAccessorImpl.invoke(NativeMethodAccessorImpl.java:57)
	at sun.reflect.DelegatingMethodAccessorImpl.invoke(DelegatingMethodAccessorImpl.java:43)
	at java.lang.reflect.Method.invoke(Method.java:601)
	at org.jboss.arquillian.core.impl.ObserverImpl.invoke(ObserverImpl.java:90)
	at org.jboss.arquillian.core.impl.EventContextImpl.invokeObservers(EventContextImpl.java:99)
	at org.jboss.arquillian.core.impl.EventContextImpl.proceed(EventContextImpl.java:81)
	at org.jboss.arquillian.test.impl.TestContextHandler.createTestContext(TestContextHandler.java:89)
	at sun.reflect.NativeMethodAccessorImpl.invoke0(Native Method)
	at sun.reflect.NativeMethodAccessorImpl.invoke(NativeMethodAccessorImpl.java:57)
	at sun.reflect.DelegatingMethodAccessorImpl.invoke(DelegatingMethodAccessorImpl.java:43)
	at java.lang.reflect.Method.invoke(Method.java:601)
	at org.jboss.arquillian.core.impl.ObserverImpl.invoke(ObserverImpl.java:90)
	at org.jboss.arquillian.core.impl.EventContextImpl.proceed(EventContextImpl.java:88)
	at org.jboss.arquillian.test.impl.TestContextHandler.createClassContext(TestContextHandler.java:75)
	at sun.reflect.NativeMethodAccessorImpl.invoke0(Native Method)
	at sun.reflect.NativeMethodAccessorImpl.invoke(NativeMethodAccessorImpl.java:57)
	at sun.reflect.DelegatingMethodAccessorImpl.invoke(DelegatingMethodAccessorImpl.java:43)
	at java.lang.reflect.Method.invoke(Method.java:601)
	at org.jboss.arquillian.core.impl.ObserverImpl.invoke(ObserverImpl.java:90)
	at org.jboss.arquillian.core.impl.EventContextImpl.proceed(EventContextImpl.java:88)
	at org.jboss.arquillian.test.impl.TestContextHandler.createSuiteContext(TestContextHandler.java:60)
	at sun.reflect.GeneratedMethodAccessor46.invoke(Unknown Source)
	at sun.reflect.DelegatingMethodAccessorImpl.invoke(DelegatingMethodAccessorImpl.java:43)
	at java.lang.reflect.Method.invoke(Method.java:601)
	at org.jboss.arquillian.core.impl.ObserverImpl.invoke(ObserverImpl.java:90)
	at org.jboss.arquillian.core.impl.EventContextImpl.proceed(EventContextImpl.java:88)
	at org.jboss.arquillian.core.impl.ManagerImpl.fire(ManagerImpl.java:134)
	at org.jboss.arquillian.test.impl.EventTestRunnerAdaptor.test(EventTestRunnerAdaptor.java:111)
	at org.jboss.arquillian.junit.Arquillian$6.evaluate(Arquillian.java:263)
	at org.junit.internal.runners.statements.ExpectException.evaluate(ExpectException.java:22)
	... 43 more
Caused by: java.lang.ClassNotFoundException: org.dejava.component.exception.localized.ExceptionMessageCommand from [Module &quot;deployment.test.war:main&quot; from Service Module Loader]
	at org.jboss.modules.ModuleClassLoader.findClass(ModuleClassLoader.java:190)
	at org.jboss.modules.ConcurrentClassLoader.performLoadClassUnchecked(ConcurrentClassLoader.java:468)
	at org.jboss.modules.ConcurrentClassLoader.performLoadClassChecked(ConcurrentClassLoader.java:456)
	at org.jboss.modules.ConcurrentClassLoader.performLoadClass(ConcurrentClassLoader.java:398)
	at org.jboss.modules.ConcurrentClassLoader.loadClass(ConcurrentClassLoader.java:120)
	... 159 more
</error>
    <system-out>00:22:32,175 WARN  [org.jboss.modules] (http--127.0.0.1-8080-1) Failed to define class org.dejava.component.exception.localized.ExceptionMessageCommand in Module &quot;deployment.test.war:main&quot; from Service Module Loader: java.lang.LinkageError: Failed to link org/dejava/component/exception/localized/ExceptionMessageCommand (Module &quot;deployment.test.war:main&quot; from Service Module Loader)
	at org.jboss.modules.ModuleClassLoader.defineClass(ModuleClassLoader.java:396)
	at org.jboss.modules.ModuleClassLoader.loadClassLocal(ModuleClassLoader.java:243)
	at org.jboss.modules.ModuleClassLoader$1.loadClassLocal(ModuleClassLoader.java:73)
	at org.jboss.modules.Module.loadModuleClass(Module.java:517)
	at org.jboss.modules.ModuleClassLoader.findClass(ModuleClassLoader.java:182)
	at org.jboss.modules.ConcurrentClassLoader.performLoadClassUnchecked(ConcurrentClassLoader.java:468)
	at org.jboss.modules.ConcurrentClassLoader.performLoadClassChecked(ConcurrentClassLoader.java:456)
	at org.jboss.modules.ConcurrentClassLoader.performLoadClass(ConcurrentClassLoader.java:398)
	at org.jboss.modules.ConcurrentClassLoader.loadClass(ConcurrentClassLoader.java:120)
	at org.dejava.component.exception.localized.unchecked.AbstractLocalizedRuntimeException.getMessageCommand(AbstractLocalizedRuntimeException.java:30) [exception-0.0.1.jar:]
	at org.dejava.component.exception.localized.unchecked.AbstractLocalizedRuntimeException.&lt;init&gt;(AbstractLocalizedRuntimeException.java:61) [exception-0.0.1.jar:]
	at org.dejava.component.exception.localized.unchecked.InvalidParameterException.&lt;init&gt;(InvalidParameterException.java:27) [exception-0.0.1.jar:]
	at org.dejava.component.exception.localized.unchecked.EmptyParameterException.&lt;init&gt;(EmptyParameterException.java:22) [exception-0.0.1.jar:]
	at org.dejava.component.javaee.dao.AbstractGenericDAO.getEntitiesByAttribute(AbstractGenericDAO.java:163) [classes:]
	at org.dejava.component.javaee.service.AbstractGenericService.getEntitiesByAttribute(AbstractGenericService.java:95) [classes:]
	at sun.reflect.NativeMethodAccessorImpl.invoke0(Native Method) [rt.jar:1.7.0_07]
	at sun.reflect.NativeMethodAccessorImpl.invoke(NativeMethodAccessorImpl.java:57) [rt.jar:1.7.0_07]
	at sun.reflect.DelegatingMethodAccessorImpl.invoke(DelegatingMethodAccessorImpl.java:43) [rt.jar:1.7.0_07]
	at java.lang.reflect.Method.invoke(Method.java:601) [rt.jar:1.7.0_07]
	at org.jboss.as.ee.component.ManagedReferenceMethodInterceptorFactory$ManagedReferenceMethodInterceptor.processInvocation(ManagedReferenceMethodInterceptorFactory.java:72) [jboss-as-ee-7.1.1.Final.jar:7.1.1.Final]
	at org.jboss.invocation.InterceptorContext.proceed(InterceptorContext.java:288) [jboss-invocation-1.1.1.Final.jar:1.1.1.Final]
	at org.jboss.invocation.InterceptorContext$Invocation.proceed(InterceptorContext.java:374) [jboss-invocation-1.1.1.Final.jar:1.1.1.Final]
	at org.jboss.as.weld.ejb.Jsr299BindingsInterceptor.doMethodInterception(Jsr299BindingsInterceptor.java:127) [jboss-as-weld-7.1.1.Final.jar:7.1.1.Final]
	at org.jboss.as.weld.ejb.Jsr299BindingsInterceptor.processInvocation(Jsr299BindingsInterceptor.java:135) [jboss-as-weld-7.1.1.Final.jar:7.1.1.Final]
	at org.jboss.as.ee.component.interceptors.UserInterceptorFactory$1.processInvocation(UserInterceptorFactory.java:36) [jboss-as-ee-7.1.1.Final.jar:7.1.1.Final]
	at org.jboss.invocation.InterceptorContext.proceed(InterceptorContext.java:288) [jboss-invocation-1.1.1.Final.jar:1.1.1.Final]
	at org.jboss.invocation.WeavedInterceptor.processInvocation(WeavedInterceptor.java:53) [jboss-invocation-1.1.1.Final.jar:1.1.1.Final]
	at org.jboss.as.ee.component.interceptors.UserInterceptorFactory$1.processInvocation(UserInterceptorFactory.java:36) [jboss-as-ee-7.1.1.Final.jar:7.1.1.Final]
	at org.jboss.invocation.InterceptorContext.proceed(InterceptorContext.java:288) [jboss-invocation-1.1.1.Final.jar:1.1.1.Final]
	at org.jboss.as.jpa.interceptor.SBInvocationInterceptor.processInvocation(SBInvocationInterceptor.java:47) [jboss-as-jpa-7.1.1.Final.jar:7.1.1.Final]
	at org.jboss.invocation.InterceptorContext.proceed(InterceptorContext.java:288) [jboss-invocation-1.1.1.Final.jar:1.1.1.Final]
	at org.jboss.as.weld.ejb.EjbRequestScopeActivationInterceptor.processInvocation(EjbRequestScopeActivationInterceptor.java:82) [jboss-as-weld-7.1.1.Final.jar:7.1.1.Final]
	at org.jboss.invocation.InterceptorContext.proceed(InterceptorContext.java:288) [jboss-invocation-1.1.1.Final.jar:1.1.1.Final]
	at org.jboss.invocation.InitialInterceptor.processInvocation(InitialInterceptor.java:21) [jboss-invocation-1.1.1.Final.jar:1.1.1.Final]
	at org.jboss.invocation.InterceptorContext.proceed(InterceptorContext.java:288) [jboss-invocation-1.1.1.Final.jar:1.1.1.Final]
	at org.jboss.invocation.ChainedInterceptor.processInvocation(ChainedInterceptor.java:61) [jboss-invocation-1.1.1.Final.jar:1.1.1.Final]
	at org.jboss.as.ee.component.interceptors.ComponentDispatcherInterceptor.processInvocation(ComponentDispatcherInterceptor.java:53) [jboss-as-ee-7.1.1.Final.jar:7.1.1.Final]
	at org.jboss.invocation.InterceptorContext.proceed(InterceptorContext.java:288) [jboss-invocation-1.1.1.Final.jar:1.1.1.Final]
	at org.jboss.as.ejb3.component.pool.PooledInstanceInterceptor.processInvocation(PooledInstanceInterceptor.java:51) [jboss-as-ejb3-7.1.1.Final.jar:7.1.1.Final]
	at org.jboss.invocation.InterceptorContext.proceed(InterceptorContext.java:288) [jboss-invocation-1.1.1.Final.jar:1.1.1.Final]
	at org.jboss.as.ejb3.tx.CMTTxInterceptor.invokeInOurTx(CMTTxInterceptor.java:228) [jboss-as-ejb3-7.1.1.Final.jar:7.1.1.Final]
	at org.jboss.as.ejb3.tx.CMTTxInterceptor.required(CMTTxInterceptor.java:304) [jboss-as-ejb3-7.1.1.Final.jar:7.1.1.Final]
	at org.jboss.as.ejb3.tx.CMTTxInterceptor.processInvocation(CMTTxInterceptor.java:190) [jboss-as-ejb3-7.1.1.Final.jar:7.1.1.Final]
	at org.jboss.invocation.InterceptorContext.proceed(InterceptorContext.java:288) [jboss-invocation-1.1.1.Final.jar:1.1.1.Final]
	at org.jboss.as.ejb3.component.interceptors.CurrentInvocationContextInterceptor.processInvocation(CurrentInvocationContextInterceptor.java:41) [jboss-as-ejb3-7.1.1.Final.jar:7.1.1.Final]
	at org.jboss.invocation.InterceptorContext.proceed(InterceptorContext.java:288) [jboss-invocation-1.1.1.Final.jar:1.1.1.Final]
	at org.jboss.as.ejb3.component.interceptors.LoggingInterceptor.processInvocation(LoggingInterceptor.java:59) [jboss-as-ejb3-7.1.1.Final.jar:7.1.1.Final]
	at org.jboss.invocation.InterceptorContext.proceed(InterceptorContext.java:288) [jboss-invocation-1.1.1.Final.jar:1.1.1.Final]
	at org.jboss.as.ee.component.NamespaceContextInterceptor.processInvocation(NamespaceContextInterceptor.java:50) [jboss-as-ee-7.1.1.Final.jar:7.1.1.Final]
	at org.jboss.invocation.InterceptorContext.proceed(InterceptorContext.java:288) [jboss-invocation-1.1.1.Final.jar:1.1.1.Final]
	at org.jboss.as.ejb3.component.interceptors.AdditionalSetupInterceptor.processInvocation(AdditionalSetupInterceptor.java:32) [jboss-as-ejb3-7.1.1.Final.jar:7.1.1.Final]
	at org.jboss.invocation.InterceptorContext.proceed(InterceptorContext.java:288) [jboss-invocation-1.1.1.Final.jar:1.1.1.Final]
	at org.jboss.as.ee.component.TCCLInterceptor.processInvocation(TCCLInterceptor.java:45) [jboss-as-ee-7.1.1.Final.jar:7.1.1.Final]
	at org.jboss.invocation.InterceptorContext.proceed(InterceptorContext.java:288) [jboss-invocation-1.1.1.Final.jar:1.1.1.Final]
	at org.jboss.invocation.ChainedInterceptor.processInvocation(ChainedInterceptor.java:61) [jboss-invocation-1.1.1.Final.jar:1.1.1.Final]
	at org.jboss.as.ee.component.ViewService$View.invoke(ViewService.java:165) [jboss-as-ee-7.1.1.Final.jar:7.1.1.Final]
	at org.jboss.as.ee.component.ViewDescription$1.processInvocation(ViewDescription.java:173) [jboss-as-ee-7.1.1.Final.jar:7.1.1.Final]
	at org.jboss.invocation.InterceptorContext.proceed(InterceptorContext.java:288) [jboss-invocation-1.1.1.Final.jar:1.1.1.Final]
	at org.jboss.invocation.ChainedInterceptor.processInvocation(ChainedInterceptor.java:61) [jboss-invocation-1.1.1.Final.jar:1.1.1.Final]
	at org.jboss.as.ee.component.ProxyInvocationHandler.invoke(ProxyInvocationHandler.java:72) [jboss-as-ee-7.1.1.Final.jar:7.1.1.Final]
	at org.dejava.component.javaee.test.util.FakeEntityService$$$view4.getEntitiesByAttribute(Unknown Source) [classes:]
	at sun.reflect.NativeMethodAccessorImpl.invoke0(Native Method) [rt.jar:1.7.0_07]
	at sun.reflect.NativeMethodAccessorImpl.invoke(NativeMethodAccessorImpl.java:57) [rt.jar:1.7.0_07]
	at sun.reflect.DelegatingMethodAccessorImpl.invoke(DelegatingMethodAccessorImpl.java:43) [rt.jar:1.7.0_07]
	at java.lang.reflect.Method.invoke(Method.java:601) [rt.jar:1.7.0_07]
	at org.jboss.weld.util.reflection.SecureReflections$13.work(SecureReflections.java:264) [weld-core-1.1.5.AS71.Final.jar:2012-02-10 15:31]
	at org.jboss.weld.util.reflection.SecureReflectionAccess.run(SecureReflectionAccess.java:52) [weld-core-1.1.5.AS71.Final.jar:2012-02-10 15:31]
	at org.jboss.weld.util.reflection.SecureReflectionAccess.runAsInvocation(SecureReflectionAccess.java:137) [weld-core-1.1.5.AS71.Final.jar:2012-02-10 15:31]
	at org.jboss.weld.util.reflection.SecureReflections.invoke(SecureReflections.java:260) [weld-core-1.1.5.AS71.Final.jar:2012-02-10 15:31]
	at org.jboss.weld.bean.proxy.EnterpriseBeanProxyMethodHandler.invoke(EnterpriseBeanProxyMethodHandler.java:111) [weld-core-1.1.5.AS71.Final.jar:2012-02-10 15:31]
	at org.jboss.weld.bean.proxy.EnterpriseTargetBeanInstance.invoke(EnterpriseTargetBeanInstance.java:56) [weld-core-1.1.5.AS71.Final.jar:2012-02-10 15:31]
	at org.jboss.weld.bean.proxy.ProxyMethodHandler.invoke(ProxyMethodHandler.java:105) [weld-core-1.1.5.AS71.Final.jar:2012-02-10 15:31]
	at org.dejava.component.javaee.test.util.FakeEntityService$Proxy$_$$_Weld$Proxy$.getEntitiesByAttribute(FakeEntityService$Proxy$_$$_Weld$Proxy$.java) [classes:]
	at org.dejava.component.javaee.test.service.AbstractGenericServiceTest.testGetEntitiesByAttributeNullAttributeName(AbstractGenericServiceTest.java:249) [classes:]
	at sun.reflect.NativeMethodAccessorImpl.invoke0(Native Method) [rt.jar:1.7.0_07]
	at sun.reflect.NativeMethodAccessorImpl.invoke(NativeMethodAccessorImpl.java:57) [rt.jar:1.7.0_07]
	at sun.reflect.DelegatingMethodAccessorImpl.invoke(DelegatingMethodAccessorImpl.java:43) [rt.jar:1.7.0_07]
	at java.lang.reflect.Method.invoke(Method.java:601) [rt.jar:1.7.0_07]
	at org.junit.runners.model.FrameworkMethod$1.runReflectiveCall(FrameworkMethod.java:45) [arquillian-junit.jar:]
	at org.junit.internal.runners.model.ReflectiveCallable.run(ReflectiveCallable.java:15) [arquillian-junit.jar:]
	at org.junit.runners.model.FrameworkMethod.invokeExplosively(FrameworkMethod.java:42) [arquillian-junit.jar:]
	at org.jboss.arquillian.junit.Arquillian$6$1.invoke(Arquillian.java:270) [arquillian-junit.jar:]
	at org.jboss.arquillian.container.test.impl.execution.LocalTestExecuter.execute(LocalTestExecuter.java:60) [arquillian-core.jar:]
	at sun.reflect.NativeMethodAccessorImpl.invoke0(Native Method) [rt.jar:1.7.0_07]
	at sun.reflect.NativeMethodAccessorImpl.invoke(NativeMethodAccessorImpl.java:57) [rt.jar:1.7.0_07]
	at sun.reflect.DelegatingMethodAccessorImpl.invoke(DelegatingMethodAccessorImpl.java:43) [rt.jar:1.7.0_07]
	at java.lang.reflect.Method.invoke(Method.java:601) [rt.jar:1.7.0_07]
	at org.jboss.arquillian.core.impl.ObserverImpl.invoke(ObserverImpl.java:90) [arquillian-core.jar:]
	at org.jboss.arquillian.core.impl.EventContextImpl.invokeObservers(EventContextImpl.java:99) [arquillian-core.jar:]
	at org.jboss.arquillian.core.impl.EventContextImpl.proceed(EventContextImpl.java:81) [arquillian-core.jar:]
	at org.jboss.arquillian.core.impl.ManagerImpl.fire(ManagerImpl.java:134) [arquillian-core.jar:]
	at org.jboss.arquillian.core.impl.ManagerImpl.fire(ManagerImpl.java:114) [arquillian-core.jar:]
	at org.jboss.arquillian.core.impl.EventImpl.fire(EventImpl.java:67) [arquillian-core.jar:]
	at org.jboss.arquillian.container.test.impl.execution.ContainerTestExecuter.execute(ContainerTestExecuter.java:38) [arquillian-core.jar:]
	at sun.reflect.NativeMethodAccessorImpl.invoke0(Native Method) [rt.jar:1.7.0_07]
	at sun.reflect.NativeMethodAccessorImpl.invoke(NativeMethodAccessorImpl.java:57) [rt.jar:1.7.0_07]
	at sun.reflect.DelegatingMethodAccessorImpl.invoke(DelegatingMethodAccessorImpl.java:43) [rt.jar:1.7.0_07]
	at java.lang.reflect.Method.invoke(Method.java:601) [rt.jar:1.7.0_07]
	at org.jboss.arquillian.core.impl.ObserverImpl.invoke(ObserverImpl.java:90) [arquillian-core.jar:]
	at org.jboss.arquillian.core.impl.EventContextImpl.invokeObservers(EventContextImpl.java:99) [arquillian-core.jar:]
	at org.jboss.arquillian.core.impl.EventContextImpl.proceed(EventContextImpl.java:81) [arquillian-core.jar:]
	at org.jboss.arquillian.test.impl.TestContextHandler.createTestContext(TestContextHandler.java:89) [arquillian-core.jar:]
	at sun.reflect.NativeMethodAccessorImpl.invoke0(Native Method) [rt.jar:1.7.0_07]
	at sun.reflect.NativeMethodAccessorImpl.invoke(NativeMethodAccessorImpl.java:57) [rt.jar:1.7.0_07]
	at sun.reflect.DelegatingMethodAccessorImpl.invoke(DelegatingMethodAccessorImpl.java:43) [rt.jar:1.7.0_07]
	at java.lang.reflect.Method.invoke(Method.java:601) [rt.jar:1.7.0_07]
	at org.jboss.arquillian.core.impl.ObserverImpl.invoke(ObserverImpl.java:90) [arquillian-core.jar:]
	at org.jboss.arquillian.core.impl.EventContextImpl.proceed(EventContextImpl.java:88) [arquillian-core.jar:]
	at org.jboss.arquillian.test.impl.TestContextHandler.createClassContext(TestContextHandler.java:75) [arquillian-core.jar:]
	at sun.reflect.NativeMethodAccessorImpl.invoke0(Native Method) [rt.jar:1.7.0_07]
	at sun.reflect.NativeMethodAccessorImpl.invoke(NativeMethodAccessorImpl.java:57) [rt.jar:1.7.0_07]
	at sun.reflect.DelegatingMethodAccessorImpl.invoke(DelegatingMethodAccessorImpl.java:43) [rt.jar:1.7.0_07]
	at java.lang.reflect.Method.invoke(Method.java:601) [rt.jar:1.7.0_07]
	at org.jboss.arquillian.core.impl.ObserverImpl.invoke(ObserverImpl.java:90) [arquillian-core.jar:]
	at org.jboss.arquillian.core.impl.EventContextImpl.proceed(EventContextImpl.java:88) [arquillian-core.jar:]
	at org.jboss.arquillian.test.impl.TestContextHandler.createSuiteContext(TestContextHandler.java:60) [arquillian-core.jar:]
	at sun.reflect.GeneratedMethodAccessor46.invoke(Unknown Source) [:1.7.0_07]
	at sun.reflect.DelegatingMethodAccessorImpl.invoke(DelegatingMethodAccessorImpl.java:43) [rt.jar:1.7.0_07]
	at java.lang.reflect.Method.invoke(Method.java:601) [rt.jar:1.7.0_07]
	at org.jboss.arquillian.core.impl.ObserverImpl.invoke(ObserverImpl.java:90) [arquillian-core.jar:]
	at org.jboss.arquillian.core.impl.EventContextImpl.proceed(EventContextImpl.java:88) [arquillian-core.jar:]
	at org.jboss.arquillian.core.impl.ManagerImpl.fire(ManagerImpl.java:134) [arquillian-core.jar:]
	at org.jboss.arquillian.test.impl.EventTestRunnerAdaptor.test(EventTestRunnerAdaptor.java:111) [arquillian-core.jar:]
	at org.jboss.arquillian.junit.Arquillian$6.evaluate(Arquillian.java:263) [arquillian-junit.jar:]
	at org.junit.internal.runners.statements.ExpectException.evaluate(ExpectException.java:22) [arquillian-junit.jar:]
	at org.jboss.arquillian.junit.Arquillian$4.evaluate(Arquillian.java:226) [arquillian-junit.jar:]
	at org.jboss.arquillian.junit.Arquillian.multiExecute(Arquillian.java:314) [arquillian-junit.jar:]
	at org.jboss.arquillian.junit.Arquillian.access$100(Arquillian.java:46) [arquillian-junit.jar:]
	at org.jboss.arquillian.junit.Arquillian$5.evaluate(Arquillian.java:240) [arquillian-junit.jar:]
	at org.junit.runners.ParentRunner.runLeaf(ParentRunner.java:263) [arquillian-junit.jar:]
	at org.junit.runners.BlockJUnit4ClassRunner.runChild(BlockJUnit4ClassRunner.java:68) [arquillian-junit.jar:]
	at org.junit.runners.BlockJUnit4ClassRunner.runChild(BlockJUnit4ClassRunner.java:47) [arquillian-junit.jar:]
	at org.junit.runners.ParentRunner$3.run(ParentRunner.java:231) [arquillian-junit.jar:]
	at org.junit.runners.ParentRunner$1.schedule(ParentRunner.java:60) [arquillian-junit.jar:]
	at org.junit.runners.ParentRunner.runChildren(ParentRunner.java:229) [arquillian-junit.jar:]
	at org.junit.runners.ParentRunner.access$000(ParentRunner.java:50) [arquillian-junit.jar:]
	at org.junit.runners.ParentRunner$2.evaluate(ParentRunner.java:222) [arquillian-junit.jar:]
	at org.jboss.arquillian.junit.Arquillian$2.evaluate(Arquillian.java:185) [arquillian-junit.jar:]
	at org.jboss.arquillian.junit.Arquillian.multiExecute(Arquillian.java:314) [arquillian-junit.jar:]
	at org.jboss.arquillian.junit.Arquillian.access$100(Arquillian.java:46) [arquillian-junit.jar:]
	at org.jboss.arquillian.junit.Arquillian$3.evaluate(Arquillian.java:199) [arquillian-junit.jar:]
	at org.junit.runners.ParentRunner.run(ParentRunner.java:300) [arquillian-junit.jar:]
	at org.jboss.arquillian.junit.Arquillian.run(Arquillian.java:147) [arquillian-junit.jar:]
	at org.junit.runner.JUnitCore.run(JUnitCore.java:157) [arquillian-junit.jar:]
	at org.junit.runner.JUnitCore.run(JUnitCore.java:136) [arquillian-junit.jar:]
	at org.jboss.arquillian.junit.container.JUnitTestRunner.execute(JUnitTestRunner.java:65) [arquillian-junit.jar:]
	at org.jboss.arquillian.protocol.servlet.runner.ServletTestRunner.executeTest(ServletTestRunner.java:160) [arquillian-protocol.jar:]
	at org.jboss.arquillian.protocol.servlet.runner.ServletTestRunner.execute(ServletTestRunner.java:126) [arquillian-protocol.jar:]
	at org.jboss.arquillian.protocol.servlet.runner.ServletTestRunner.doGet(ServletTestRunner.java:90) [arquillian-protocol.jar:]
	at javax.servlet.http.HttpServlet.service(HttpServlet.java:734) [jboss-servlet-api_3.0_spec-1.0.0.Final.jar:1.0.0.Final]
	at javax.servlet.http.HttpServlet.service(HttpServlet.java:847) [jboss-servlet-api_3.0_spec-1.0.0.Final.jar:1.0.0.Final]
	at org.apache.catalina.core.ApplicationFilterChain.internalDoFilter(ApplicationFilterChain.java:329) [jbossweb-7.0.13.Final.jar:]
	at org.apache.catalina.core.ApplicationFilterChain.doFilter(ApplicationFilterChain.java:248) [jbossweb-7.0.13.Final.jar:]
	at org.jboss.weld.servlet.ConversationPropagationFilter.doFilter(ConversationPropagationFilter.java:62) [weld-core-1.1.5.AS71.Final.jar:2012-02-10 15:31]
	at org.apache.catalina.core.ApplicationFilterChain.internalDoFilter(ApplicationFilterChain.java:280) [jbossweb-7.0.13.Final.jar:]
	at org.apache.catalina.core.ApplicationFilterChain.doFilter(ApplicationFilterChain.java:248) [jbossweb-7.0.13.Final.jar:]
	at org.apache.catalina.core.StandardWrapperValve.invoke(StandardWrapperValve.java:275) [jbossweb-7.0.13.Final.jar:]
	at org.apache.catalina.core.StandardContextValve.invoke(StandardContextValve.java:161) [jbossweb-7.0.13.Final.jar:]
	at org.jboss.as.jpa.interceptor.WebNonTxEmCloserValve.invoke(WebNonTxEmCloserValve.java:50) [jboss-as-jpa-7.1.1.Final.jar:7.1.1.Final]
	at org.jboss.as.web.security.SecurityContextAssociationValve.invoke(SecurityContextAssociationValve.java:153) [jboss-as-web-7.1.1.Final.jar:7.1.1.Final]
	at org.apache.catalina.core.StandardHostValve.invoke(StandardHostValve.java:155) [jbossweb-7.0.13.Final.jar:]
	at org.apache.catalina.valves.ErrorReportValve.invoke(ErrorReportValve.java:102) [jbossweb-7.0.13.Final.jar:]
	at org.apache.catalina.core.StandardEngineValve.invoke(StandardEngineValve.java:109) [jbossweb-7.0.13.Final.jar:]
	at org.apache.catalina.connector.CoyoteAdapter.service(CoyoteAdapter.java:368) [jbossweb-7.0.13.Final.jar:]
	at org.apache.coyote.http11.Http11Processor.process(Http11Processor.java:877) [jbossweb-7.0.13.Final.jar:]
	at org.apache.coyote.http11.Http11Protocol$Http11ConnectionHandler.process(Http11Protocol.java:671) [jbossweb-7.0.13.Final.jar:]
	at org.apache.tomcat.util.net.JIoEndpoint$Worker.run(JIoEndpoint.java:930) [jbossweb-7.0.13.Final.jar:]
	at java.lang.Thread.run(Thread.java:722) [rt.jar:1.7.0_07]
Caused by: java.lang.NoClassDefFoundError: org/dejava/component/i18n/message/handler/impl/SimpleMessageCommand
	at java.lang.ClassLoader.defineClass1(Native Method) [rt.jar:1.7.0_07]
	at java.lang.ClassLoader.defineClass(ClassLoader.java:791) [rt.jar:1.7.0_07]
	at java.security.SecureClassLoader.defineClass(SecureClassLoader.java:142) [rt.jar:1.7.0_07]
	at org.jboss.modules.ModuleClassLoader.doDefineOrLoadClass(ModuleClassLoader.java:327)
	at org.jboss.modules.ModuleClassLoader.defineClass(ModuleClassLoader.java:391)
	... 167 more
Caused by: java.lang.ClassNotFoundException: org.dejava.component.i18n.message.handler.impl.SimpleMessageCommand from [Module &quot;deployment.test.war:main&quot; from Service Module Loader]
	at org.jboss.modules.ModuleClassLoader.findClass(ModuleClassLoader.java:190)
	at org.jboss.modules.ConcurrentClassLoader.performLoadClassUnchecked(ConcurrentClassLoader.java:468)
	at org.jboss.modules.ConcurrentClassLoader.performLoadClassChecked(ConcurrentClassLoader.java:456)
	at org.jboss.modules.ConcurrentClassLoader.performLoadClass(ConcurrentClassLoader.java:398)
	at org.jboss.modules.ConcurrentClassLoader.loadClass(ConcurrentClassLoader.java:120)
	... 172 more

00:22:32,262 ERROR [org.jboss.ejb3.invocation] (http--127.0.0.1-8080-1) JBAS014134: EJB Invocation failed on component FakeEntityService for method public java.util.Collection org.dejava.component.javaee.service.AbstractGenericService.getEntitiesByAttribute(java.lang.String,java.lang.Object,java.lang.Integer,java.lang.Integer): javax.ejb.EJBException: Unexpected Error
	at org.jboss.as.ejb3.tx.CMTTxInterceptor.handleExceptionInOurTx(CMTTxInterceptor.java:163) [jboss-as-ejb3-7.1.1.Final.jar:7.1.1.Final]
	at org.jboss.as.ejb3.tx.CMTTxInterceptor.invokeInOurTx(CMTTxInterceptor.java:230) [jboss-as-ejb3-7.1.1.Final.jar:7.1.1.Final]
	at org.jboss.as.ejb3.tx.CMTTxInterceptor.required(CMTTxInterceptor.java:304) [jboss-as-ejb3-7.1.1.Final.jar:7.1.1.Final]
	at org.jboss.as.ejb3.tx.CMTTxInterceptor.processInvocation(CMTTxInterceptor.java:190) [jboss-as-ejb3-7.1.1.Final.jar:7.1.1.Final]
	at org.jboss.invocation.InterceptorContext.proceed(InterceptorContext.java:288) [jboss-invocation-1.1.1.Final.jar:1.1.1.Final]
	at org.jboss.as.ejb3.component.interceptors.CurrentInvocationContextInterceptor.processInvocation(CurrentInvocationContextInterceptor.java:41) [jboss-as-ejb3-7.1.1.Final.jar:7.1.1.Final]
	at org.jboss.invocation.InterceptorContext.proceed(InterceptorContext.java:288) [jboss-invocation-1.1.1.Final.jar:1.1.1.Final]
	at org.jboss.as.ejb3.component.interceptors.LoggingInterceptor.processInvocation(LoggingInterceptor.java:59) [jboss-as-ejb3-7.1.1.Final.jar:7.1.1.Final]
	at org.jboss.invocation.InterceptorContext.proceed(InterceptorContext.java:288) [jboss-invocation-1.1.1.Final.jar:1.1.1.Final]
	at org.jboss.as.ee.component.NamespaceContextInterceptor.processInvocation(NamespaceContextInterceptor.java:50) [jboss-as-ee-7.1.1.Final.jar:7.1.1.Final]
	at org.jboss.invocation.InterceptorContext.proceed(InterceptorContext.java:288) [jboss-invocation-1.1.1.Final.jar:1.1.1.Final]
	at org.jboss.as.ejb3.component.interceptors.AdditionalSetupInterceptor.processInvocation(AdditionalSetupInterceptor.java:32) [jboss-as-ejb3-7.1.1.Final.jar:7.1.1.Final]
	at org.jboss.invocation.InterceptorContext.proceed(InterceptorContext.java:288) [jboss-invocation-1.1.1.Final.jar:1.1.1.Final]
	at org.jboss.as.ee.component.TCCLInterceptor.processInvocation(TCCLInterceptor.java:45) [jboss-as-ee-7.1.1.Final.jar:7.1.1.Final]
	at org.jboss.invocation.InterceptorContext.proceed(InterceptorContext.java:288) [jboss-invocation-1.1.1.Final.jar:1.1.1.Final]
	at org.jboss.invocation.ChainedInterceptor.processInvocation(ChainedInterceptor.java:61) [jboss-invocation-1.1.1.Final.jar:1.1.1.Final]
	at org.jboss.as.ee.component.ViewService$View.invoke(ViewService.java:165) [jboss-as-ee-7.1.1.Final.jar:7.1.1.Final]
	at org.jboss.as.ee.component.ViewDescription$1.processInvocation(ViewDescription.java:173) [jboss-as-ee-7.1.1.Final.jar:7.1.1.Final]
	at org.jboss.invocation.InterceptorContext.proceed(InterceptorContext.java:288) [jboss-invocation-1.1.1.Final.jar:1.1.1.Final]
	at org.jboss.invocation.ChainedInterceptor.processInvocation(ChainedInterceptor.java:61) [jboss-invocation-1.1.1.Final.jar:1.1.1.Final]
	at org.jboss.as.ee.component.ProxyInvocationHandler.invoke(ProxyInvocationHandler.java:72) [jboss-as-ee-7.1.1.Final.jar:7.1.1.Final]
	at org.dejava.component.javaee.test.util.FakeEntityService$$$view4.getEntitiesByAttribute(Unknown Source) [classes:]
	at sun.reflect.NativeMethodAccessorImpl.invoke0(Native Method) [rt.jar:1.7.0_07]
	at sun.reflect.NativeMethodAccessorImpl.invoke(NativeMethodAccessorImpl.java:57) [rt.jar:1.7.0_07]
	at sun.reflect.DelegatingMethodAccessorImpl.invoke(DelegatingMethodAccessorImpl.java:43) [rt.jar:1.7.0_07]
	at java.lang.reflect.Method.invoke(Method.java:601) [rt.jar:1.7.0_07]
	at org.jboss.weld.util.reflection.SecureReflections$13.work(SecureReflections.java:264) [weld-core-1.1.5.AS71.Final.jar:2012-02-10 15:31]
	at org.jboss.weld.util.reflection.SecureReflectionAccess.run(SecureReflectionAccess.java:52) [weld-core-1.1.5.AS71.Final.jar:2012-02-10 15:31]
	at org.jboss.weld.util.reflection.SecureReflectionAccess.runAsInvocation(SecureReflectionAccess.java:137) [weld-core-1.1.5.AS71.Final.jar:2012-02-10 15:31]
	at org.jboss.weld.util.reflection.SecureReflections.invoke(SecureReflections.java:260) [weld-core-1.1.5.AS71.Final.jar:2012-02-10 15:31]
	at org.jboss.weld.bean.proxy.EnterpriseBeanProxyMethodHandler.invoke(EnterpriseBeanProxyMethodHandler.java:111) [weld-core-1.1.5.AS71.Final.jar:2012-02-10 15:31]
	at org.jboss.weld.bean.proxy.EnterpriseTargetBeanInstance.invoke(EnterpriseTargetBeanInstance.java:56) [weld-core-1.1.5.AS71.Final.jar:2012-02-10 15:31]
	at org.jboss.weld.bean.proxy.ProxyMethodHandler.invoke(ProxyMethodHandler.java:105) [weld-core-1.1.5.AS71.Final.jar:2012-02-10 15:31]
	at org.dejava.component.javaee.test.util.FakeEntityService$Proxy$_$$_Weld$Proxy$.getEntitiesByAttribute(FakeEntityService$Proxy$_$$_Weld$Proxy$.java) [classes:]
	at org.dejava.component.javaee.test.service.AbstractGenericServiceTest.testGetEntitiesByAttributeNullAttributeName(AbstractGenericServiceTest.java:249) [classes:]
	at sun.reflect.NativeMethodAccessorImpl.invoke0(Native Method) [rt.jar:1.7.0_07]
	at sun.reflect.NativeMethodAccessorImpl.invoke(NativeMethodAccessorImpl.java:57) [rt.jar:1.7.0_07]
	at sun.reflect.DelegatingMethodAccessorImpl.invoke(DelegatingMethodAccessorImpl.java:43) [rt.jar:1.7.0_07]
	at java.lang.reflect.Method.invoke(Method.java:601) [rt.jar:1.7.0_07]
	at org.junit.runners.model.FrameworkMethod$1.runReflectiveCall(FrameworkMethod.java:45) [arquillian-junit.jar:]
	at org.junit.internal.runners.model.ReflectiveCallable.run(ReflectiveCallable.java:15) [arquillian-junit.jar:]
	at org.junit.runners.model.FrameworkMethod.invokeExplosively(FrameworkMethod.java:42) [arquillian-junit.jar:]
	at org.jboss.arquillian.junit.Arquillian$6$1.invoke(Arquillian.java:270) [arquillian-junit.jar:]
	at org.jboss.arquillian.container.test.impl.execution.LocalTestExecuter.execute(LocalTestExecuter.java:60) [arquillian-core.jar:]
	at sun.reflect.NativeMethodAccessorImpl.invoke0(Native Method) [rt.jar:1.7.0_07]
	at sun.reflect.NativeMethodAccessorImpl.invoke(NativeMethodAccessorImpl.java:57) [rt.jar:1.7.0_07]
	at sun.reflect.DelegatingMethodAccessorImpl.invoke(DelegatingMethodAccessorImpl.java:43) [rt.jar:1.7.0_07]
	at java.lang.reflect.Method.invoke(Method.java:601) [rt.jar:1.7.0_07]
	at org.jboss.arquillian.core.impl.ObserverImpl.invoke(ObserverImpl.java:90) [arquillian-core.jar:]
	at org.jboss.arquillian.core.impl.EventContextImpl.invokeObservers(EventContextImpl.java:99) [arquillian-core.jar:]
	at org.jboss.arquillian.core.impl.EventContextImpl.proceed(EventContextImpl.java:81) [arquillian-core.jar:]
	at org.jboss.arquillian.core.impl.ManagerImpl.fire(ManagerImpl.java:134) [arquillian-core.jar:]
	at org.jboss.arquillian.core.impl.ManagerImpl.fire(ManagerImpl.java:114) [arquillian-core.jar:]
	at org.jboss.arquillian.core.impl.EventImpl.fire(EventImpl.java:67) [arquillian-core.jar:]
	at org.jboss.arquillian.container.test.impl.execution.ContainerTestExecuter.execute(ContainerTestExecuter.java:38) [arquillian-core.jar:]
	at sun.reflect.NativeMethodAccessorImpl.invoke0(Native Method) [rt.jar:1.7.0_07]
	at sun.reflect.NativeMethodAccessorImpl.invoke(NativeMethodAccessorImpl.java:57) [rt.jar:1.7.0_07]
	at sun.reflect.DelegatingMethodAccessorImpl.invoke(DelegatingMethodAccessorImpl.java:43) [rt.jar:1.7.0_07]
	at java.lang.reflect.Method.invoke(Method.java:601) [rt.jar:1.7.0_07]
	at org.jboss.arquillian.core.impl.ObserverImpl.invoke(ObserverImpl.java:90) [arquillian-core.jar:]
	at org.jboss.arquillian.core.impl.EventContextImpl.invokeObservers(EventContextImpl.java:99) [arquillian-core.jar:]
	at org.jboss.arquillian.core.impl.EventContextImpl.proceed(EventContextImpl.java:81) [arquillian-core.jar:]
	at org.jboss.arquillian.test.impl.TestContextHandler.createTestContext(TestContextHandler.java:89) [arquillian-core.jar:]
	at sun.reflect.NativeMethodAccessorImpl.invoke0(Native Method) [rt.jar:1.7.0_07]
	at sun.reflect.NativeMethodAccessorImpl.invoke(NativeMethodAccessorImpl.java:57) [rt.jar:1.7.0_07]
	at sun.reflect.DelegatingMethodAccessorImpl.invoke(DelegatingMethodAccessorImpl.java:43) [rt.jar:1.7.0_07]
	at java.lang.reflect.Method.invoke(Method.java:601) [rt.jar:1.7.0_07]
	at org.jboss.arquillian.core.impl.ObserverImpl.invoke(ObserverImpl.java:90) [arquillian-core.jar:]
	at org.jboss.arquillian.core.impl.EventContextImpl.proceed(EventContextImpl.java:88) [arquillian-core.jar:]
	at org.jboss.arquillian.test.impl.TestContextHandler.createClassContext(TestContextHandler.java:75) [arquillian-core.jar:]
	at sun.reflect.NativeMethodAccessorImpl.invoke0(Native Method) [rt.jar:1.7.0_07]
	at sun.reflect.NativeMethodAccessorImpl.invoke(NativeMethodAccessorImpl.java:57) [rt.jar:1.7.0_07]
	at sun.reflect.DelegatingMethodAccessorImpl.invoke(DelegatingMethodAccessorImpl.java:43) [rt.jar:1.7.0_07]
	at java.lang.reflect.Method.invoke(Method.java:601) [rt.jar:1.7.0_07]
	at org.jboss.arquillian.core.impl.ObserverImpl.invoke(ObserverImpl.java:90) [arquillian-core.jar:]
	at org.jboss.arquillian.core.impl.EventContextImpl.proceed(EventContextImpl.java:88) [arquillian-core.jar:]
	at org.jboss.arquillian.test.impl.TestContextHandler.createSuiteContext(TestContextHandler.java:60) [arquillian-core.jar:]
	at sun.reflect.GeneratedMethodAccessor46.invoke(Unknown Source) [:1.7.0_07]
	at sun.reflect.DelegatingMethodAccessorImpl.invoke(DelegatingMethodAccessorImpl.java:43) [rt.jar:1.7.0_07]
	at java.lang.reflect.Method.invoke(Method.java:601) [rt.jar:1.7.0_07]
	at org.jboss.arquillian.core.impl.ObserverImpl.invoke(ObserverImpl.java:90) [arquillian-core.jar:]
	at org.jboss.arquillian.core.impl.EventContextImpl.proceed(EventContextImpl.java:88) [arquillian-core.jar:]
	at org.jboss.arquillian.core.impl.ManagerImpl.fire(ManagerImpl.java:134) [arquillian-core.jar:]
	at org.jboss.arquillian.test.impl.EventTestRunnerAdaptor.test(EventTestRunnerAdaptor.java:111) [arquillian-core.jar:]
	at org.jboss.arquillian.junit.Arquillian$6.evaluate(Arquillian.java:263) [arquillian-junit.jar:]
	at org.junit.internal.runners.statements.ExpectException.evaluate(ExpectException.java:22) [arquillian-junit.jar:]
	at org.jboss.arquillian.junit.Arquillian$4.evaluate(Arquillian.java:226) [arquillian-junit.jar:]
	at org.jboss.arquillian.junit.Arquillian.multiExecute(Arquillian.java:314) [arquillian-junit.jar:]
	at org.jboss.arquillian.junit.Arquillian.access$100(Arquillian.java:46) [arquillian-junit.jar:]
	at org.jboss.arquillian.junit.Arquillian$5.evaluate(Arquillian.java:240) [arquillian-junit.jar:]
	at org.junit.runners.ParentRunner.runLeaf(ParentRunner.java:263) [arquillian-junit.jar:]
	at org.junit.runners.BlockJUnit4ClassRunner.runChild(BlockJUnit4ClassRunner.java:68) [arquillian-junit.jar:]
	at org.junit.runners.BlockJUnit4ClassRunner.runChild(BlockJUnit4ClassRunner.java:47) [arquillian-junit.jar:]
	at org.junit.runners.ParentRunner$3.run(ParentRunner.java:231) [arquillian-junit.jar:]
	at org.junit.runners.ParentRunner$1.schedule(ParentRunner.java:60) [arquillian-junit.jar:]
	at org.junit.runners.ParentRunner.runChildren(ParentRunner.java:229) [arquillian-junit.jar:]
	at org.junit.runners.ParentRunner.access$000(ParentRunner.java:50) [arquillian-junit.jar:]
	at org.junit.runners.ParentRunner$2.evaluate(ParentRunner.java:222) [arquillian-junit.jar:]
	at org.jboss.arquillian.junit.Arquillian$2.evaluate(Arquillian.java:185) [arquillian-junit.jar:]
	at org.jboss.arquillian.junit.Arquillian.multiExecute(Arquillian.java:314) [arquillian-junit.jar:]
	at org.jboss.arquillian.junit.Arquillian.access$100(Arquillian.java:46) [arquillian-junit.jar:]
	at org.jboss.arquillian.junit.Arquillian$3.evaluate(Arquillian.java:199) [arquillian-junit.jar:]
	at org.junit.runners.ParentRunner.run(ParentRunner.java:300) [arquillian-junit.jar:]
	at org.jboss.arquillian.junit.Arquillian.run(Arquillian.java:147) [arquillian-junit.jar:]
	at org.junit.runner.JUnitCore.run(JUnitCore.java:157) [arquillian-junit.jar:]
	at org.junit.runner.JUnitCore.run(JUnitCore.java:136) [arquillian-junit.jar:]
	at org.jboss.arquillian.junit.container.JUnitTestRunner.execute(JUnitTestRunner.java:65) [arquillian-junit.jar:]
	at org.jboss.arquillian.protocol.servlet.runner.ServletTestRunner.executeTest(ServletTestRunner.java:160) [arquillian-protocol.jar:]
	at org.jboss.arquillian.protocol.servlet.runner.ServletTestRunner.execute(ServletTestRunner.java:126) [arquillian-protocol.jar:]
	at org.jboss.arquillian.protocol.servlet.runner.ServletTestRunner.doGet(ServletTestRunner.java:90) [arquillian-protocol.jar:]
	at javax.servlet.http.HttpServlet.service(HttpServlet.java:734) [jboss-servlet-api_3.0_spec-1.0.0.Final.jar:1.0.0.Final]
	at javax.servlet.http.HttpServlet.service(HttpServlet.java:847) [jboss-servlet-api_3.0_spec-1.0.0.Final.jar:1.0.0.Final]
	at org.apache.catalina.core.ApplicationFilterChain.internalDoFilter(ApplicationFilterChain.java:329) [jbossweb-7.0.13.Final.jar:]
	at org.apache.catalina.core.ApplicationFilterChain.doFilter(ApplicationFilterChain.java:248) [jbossweb-7.0.13.Final.jar:]
	at org.jboss.weld.servlet.ConversationPropagationFilter.doFilter(ConversationPropagationFilter.java:62) [weld-core-1.1.5.AS71.Final.jar:2012-02-10 15:31]
	at org.apache.catalina.core.ApplicationFilterChain.internalDoFilter(ApplicationFilterChain.java:280) [jbossweb-7.0.13.Final.jar:]
	at org.apache.catalina.core.ApplicationFilterChain.doFilter(ApplicationFilterChain.java:248) [jbossweb-7.0.13.Final.jar:]
	at org.apache.catalina.core.StandardWrapperValve.invoke(StandardWrapperValve.java:275) [jbossweb-7.0.13.Final.jar:]
	at org.apache.catalina.core.StandardContextValve.invoke(StandardContextValve.java:161) [jbossweb-7.0.13.Final.jar:]
	at org.jboss.as.jpa.interceptor.WebNonTxEmCloserValve.invoke(WebNonTxEmCloserValve.java:50) [jboss-as-jpa-7.1.1.Final.jar:7.1.1.Final]
	at org.jboss.as.web.security.SecurityContextAssociationValve.invoke(SecurityContextAssociationValve.java:153) [jboss-as-web-7.1.1.Final.jar:7.1.1.Final]
	at org.apache.catalina.core.StandardHostValve.invoke(StandardHostValve.java:155) [jbossweb-7.0.13.Final.jar:]
	at org.apache.catalina.valves.ErrorReportValve.invoke(ErrorReportValve.java:102) [jbossweb-7.0.13.Final.jar:]
	at org.apache.catalina.core.StandardEngineValve.invoke(StandardEngineValve.java:109) [jbossweb-7.0.13.Final.jar:]
	at org.apache.catalina.connector.CoyoteAdapter.service(CoyoteAdapter.java:368) [jbossweb-7.0.13.Final.jar:]
	at org.apache.coyote.http11.Http11Processor.process(Http11Processor.java:877) [jbossweb-7.0.13.Final.jar:]
	at org.apache.coyote.http11.Http11Protocol$Http11ConnectionHandler.process(Http11Protocol.java:671) [jbossweb-7.0.13.Final.jar:]
	at org.apache.tomcat.util.net.JIoEndpoint$Worker.run(JIoEndpoint.java:930) [jbossweb-7.0.13.Final.jar:]
	at java.lang.Thread.run(Thread.java:722) [rt.jar:1.7.0_07]
Caused by: java.lang.NoClassDefFoundError: org/dejava/component/exception/localized/ExceptionMessageCommand
	at org.dejava.component.exception.localized.unchecked.AbstractLocalizedRuntimeException.getMessageCommand(AbstractLocalizedRuntimeException.java:30) [exception-0.0.1.jar:]
	at org.dejava.component.exception.localized.unchecked.AbstractLocalizedRuntimeException.&lt;init&gt;(AbstractLocalizedRuntimeException.java:61) [exception-0.0.1.jar:]
	at org.dejava.component.exception.localized.unchecked.InvalidParameterException.&lt;init&gt;(InvalidParameterException.java:27) [exception-0.0.1.jar:]
	at org.dejava.component.exception.localized.unchecked.EmptyParameterException.&lt;init&gt;(EmptyParameterException.java:22) [exception-0.0.1.jar:]
	at org.dejava.component.javaee.dao.AbstractGenericDAO.getEntitiesByAttribute(AbstractGenericDAO.java:163) [classes:]
	at org.dejava.component.javaee.service.AbstractGenericService.getEntitiesByAttribute(AbstractGenericService.java:95) [classes:]
	at sun.reflect.NativeMethodAccessorImpl.invoke0(Native Method) [rt.jar:1.7.0_07]
	at sun.reflect.NativeMethodAccessorImpl.invoke(NativeMethodAccessorImpl.java:57) [rt.jar:1.7.0_07]
	at sun.reflect.DelegatingMethodAccessorImpl.invoke(DelegatingMethodAccessorImpl.java:43) [rt.jar:1.7.0_07]
	at java.lang.reflect.Method.invoke(Method.java:601) [rt.jar:1.7.0_07]
	at org.jboss.as.ee.component.ManagedReferenceMethodInterceptorFactory$ManagedReferenceMethodInterceptor.processInvocation(ManagedReferenceMethodInterceptorFactory.java:72) [jboss-as-ee-7.1.1.Final.jar:7.1.1.Final]
	at org.jboss.invocation.InterceptorContext.proceed(InterceptorContext.java:288) [jboss-invocation-1.1.1.Final.jar:1.1.1.Final]
	at org.jboss.invocation.InterceptorContext$Invocation.proceed(InterceptorContext.java:374) [jboss-invocation-1.1.1.Final.jar:1.1.1.Final]
	at org.jboss.as.weld.ejb.Jsr299BindingsInterceptor.doMethodInterception(Jsr299BindingsInterceptor.java:127) [jboss-as-weld-7.1.1.Final.jar:7.1.1.Final]
	at org.jboss.as.weld.ejb.Jsr299BindingsInterceptor.processInvocation(Jsr299BindingsInterceptor.java:135) [jboss-as-weld-7.1.1.Final.jar:7.1.1.Final]
	at org.jboss.as.ee.component.interceptors.UserInterceptorFactory$1.processInvocation(UserInterceptorFactory.java:36) [jboss-as-ee-7.1.1.Final.jar:7.1.1.Final]
	at org.jboss.invocation.InterceptorContext.proceed(InterceptorContext.java:288) [jboss-invocation-1.1.1.Final.jar:1.1.1.Final]
	at org.jboss.invocation.WeavedInterceptor.processInvocation(WeavedInterceptor.java:53) [jboss-invocation-1.1.1.Final.jar:1.1.1.Final]
	at org.jboss.as.ee.component.interceptors.UserInterceptorFactory$1.processInvocation(UserInterceptorFactory.java:36) [jboss-as-ee-7.1.1.Final.jar:7.1.1.Final]
	at org.jboss.invocation.InterceptorContext.proceed(InterceptorContext.java:288) [jboss-invocation-1.1.1.Final.jar:1.1.1.Final]
	at org.jboss.as.jpa.interceptor.SBInvocationInterceptor.processInvocation(SBInvocationInterceptor.java:47) [jboss-as-jpa-7.1.1.Final.jar:7.1.1.Final]
	at org.jboss.invocation.InterceptorContext.proceed(InterceptorContext.java:288) [jboss-invocation-1.1.1.Final.jar:1.1.1.Final]
	at org.jboss.as.weld.ejb.EjbRequestScopeActivationInterceptor.processInvocation(EjbRequestScopeActivationInterceptor.java:82) [jboss-as-weld-7.1.1.Final.jar:7.1.1.Final]
	at org.jboss.invocation.InterceptorContext.proceed(InterceptorContext.java:288) [jboss-invocation-1.1.1.Final.jar:1.1.1.Final]
	at org.jboss.invocation.InitialInterceptor.processInvocation(InitialInterceptor.java:21) [jboss-invocation-1.1.1.Final.jar:1.1.1.Final]
	at org.jboss.invocation.InterceptorContext.proceed(InterceptorContext.java:288) [jboss-invocation-1.1.1.Final.jar:1.1.1.Final]
	at org.jboss.invocation.ChainedInterceptor.processInvocation(ChainedInterceptor.java:61) [jboss-invocation-1.1.1.Final.jar:1.1.1.Final]
	at org.jboss.as.ee.component.interceptors.ComponentDispatcherInterceptor.processInvocation(ComponentDispatcherInterceptor.java:53) [jboss-as-ee-7.1.1.Final.jar:7.1.1.Final]
	at org.jboss.invocation.InterceptorContext.proceed(InterceptorContext.java:288) [jboss-invocation-1.1.1.Final.jar:1.1.1.Final]
	at org.jboss.as.ejb3.component.pool.PooledInstanceInterceptor.processInvocation(PooledInstanceInterceptor.java:51) [jboss-as-ejb3-7.1.1.Final.jar:7.1.1.Final]
	at org.jboss.invocation.InterceptorContext.proceed(InterceptorContext.java:288) [jboss-invocation-1.1.1.Final.jar:1.1.1.Final]
	at org.jboss.as.ejb3.tx.CMTTxInterceptor.invokeInOurTx(CMTTxInterceptor.java:228) [jboss-as-ejb3-7.1.1.Final.jar:7.1.1.Final]
	... 127 more
Caused by: java.lang.ClassNotFoundException: org.dejava.component.exception.localized.ExceptionMessageCommand from [Module &quot;deployment.test.war:main&quot; from Service Module Loader]
	at org.jboss.modules.ModuleClassLoader.findClass(ModuleClassLoader.java:190)
	at org.jboss.modules.ConcurrentClassLoader.performLoadClassUnchecked(ConcurrentClassLoader.java:468)
	at org.jboss.modules.ConcurrentClassLoader.performLoadClassChecked(ConcurrentClassLoader.java:456)
	at org.jboss.modules.ConcurrentClassLoader.performLoadClass(ConcurrentClassLoader.java:398)
	at org.jboss.modules.ConcurrentClassLoader.loadClass(ConcurrentClassLoader.java:120)
	... 159 more

</system-out>
  </testcase>
  <testcase time="0.093" classname="org.dejava.component.javaee.test.service.GenericServiceTest" name="testGetEntityByAttributeNullAttributeName">
    <error message="Unexpected exception, expected&lt;org.dejava.component.exception.localized.unchecked.EmptyParameterException&gt; but was&lt;java.lang.Exception&gt;" type="java.lang.Exception">java.lang.Exception: Unexpected exception, expected&lt;org.dejava.component.exception.localized.unchecked.EmptyParameterException&gt; but was&lt;java.lang.Exception&gt;
	at org.junit.internal.runners.statements.ExpectException.evaluate(ExpectException.java:31)
	at org.jboss.arquillian.junit.Arquillian$4.evaluate(Arquillian.java:226)
	at org.jboss.arquillian.junit.Arquillian.multiExecute(Arquillian.java:314)
	at org.jboss.arquillian.junit.Arquillian.access$100(Arquillian.java:46)
	at org.jboss.arquillian.junit.Arquillian$5.evaluate(Arquillian.java:240)
	at org.junit.runners.ParentRunner.runLeaf(ParentRunner.java:263)
	at org.junit.runners.BlockJUnit4ClassRunner.runChild(BlockJUnit4ClassRunner.java:68)
	at org.junit.runners.BlockJUnit4ClassRunner.runChild(BlockJUnit4ClassRunner.java:47)
	at org.junit.runners.ParentRunner$3.run(ParentRunner.java:231)
	at org.junit.runners.ParentRunner$1.schedule(ParentRunner.java:60)
	at org.junit.runners.ParentRunner.runChildren(ParentRunner.java:229)
	at org.junit.runners.ParentRunner.access$000(ParentRunner.java:50)
	at org.junit.runners.ParentRunner$2.evaluate(ParentRunner.java:222)
	at org.jboss.arquillian.junit.Arquillian$2.evaluate(Arquillian.java:185)
	at org.jboss.arquillian.junit.Arquillian.multiExecute(Arquillian.java:314)
	at org.jboss.arquillian.junit.Arquillian.access$100(Arquillian.java:46)
	at org.jboss.arquillian.junit.Arquillian$3.evaluate(Arquillian.java:199)
	at org.junit.runners.ParentRunner.run(ParentRunner.java:300)
	at org.jboss.arquillian.junit.Arquillian.run(Arquillian.java:147)
	at org.apache.maven.surefire.junit4.JUnit4TestSet.execute(JUnit4TestSet.java:53)
	at org.apache.maven.surefire.junit4.JUnit4Provider.executeTestSet(JUnit4Provider.java:123)
	at org.apache.maven.surefire.junit4.JUnit4Provider.invoke(JUnit4Provider.java:104)
	at sun.reflect.NativeMethodAccessorImpl.invoke0(Native Method)
	at sun.reflect.NativeMethodAccessorImpl.invoke(NativeMethodAccessorImpl.java:57)
	at sun.reflect.DelegatingMethodAccessorImpl.invoke(DelegatingMethodAccessorImpl.java:43)
	at java.lang.reflect.Method.invoke(Method.java:601)
	at org.apache.maven.surefire.util.ReflectionUtils.invokeMethodWithArray(ReflectionUtils.java:164)
	at org.apache.maven.surefire.booter.ProviderFactory$ProviderProxy.invoke(ProviderFactory.java:110)
	at org.apache.maven.surefire.booter.SurefireStarter.invokeProvider(SurefireStarter.java:175)
	at org.apache.maven.surefire.booter.SurefireStarter.runSuitesInProcessWhenForked(SurefireStarter.java:107)
	at org.apache.maven.surefire.booter.ForkedBooter.main(ForkedBooter.java:68)
Caused by: java.lang.Exception: Unexpected exception, expected&lt;org.dejava.component.exception.localized.unchecked.EmptyParameterException&gt; but was&lt;java.lang.NoClassDefFoundError&gt;
	at org.junit.internal.runners.statements.ExpectException.evaluate(ExpectException.java:31)
	at org.jboss.arquillian.junit.Arquillian$4.evaluate(Arquillian.java:226)
	at org.jboss.arquillian.junit.Arquillian.multiExecute(Arquillian.java:314)
	at org.jboss.arquillian.junit.Arquillian.access$100(Arquillian.java:46)
	at org.jboss.arquillian.junit.Arquillian$5.evaluate(Arquillian.java:240)
	at org.junit.runners.ParentRunner.runLeaf(ParentRunner.java:263)
	at org.junit.runners.BlockJUnit4ClassRunner.runChild(BlockJUnit4ClassRunner.java:68)
	at org.junit.runners.BlockJUnit4ClassRunner.runChild(BlockJUnit4ClassRunner.java:47)
	at org.junit.runners.ParentRunner$3.run(ParentRunner.java:231)
	at org.junit.runners.ParentRunner$1.schedule(ParentRunner.java:60)
	at org.junit.runners.ParentRunner.runChildren(ParentRunner.java:229)
	at org.junit.runners.ParentRunner.access$000(ParentRunner.java:50)
	at org.junit.runners.ParentRunner$2.evaluate(ParentRunner.java:222)
	at org.jboss.arquillian.junit.Arquillian$2.evaluate(Arquillian.java:185)
	at org.jboss.arquillian.junit.Arquillian.multiExecute(Arquillian.java:314)
	at org.jboss.arquillian.junit.Arquillian.access$100(Arquillian.java:46)
	at org.jboss.arquillian.junit.Arquillian$3.evaluate(Arquillian.java:199)
	at org.junit.runners.ParentRunner.run(ParentRunner.java:300)
	at org.jboss.arquillian.junit.Arquillian.run(Arquillian.java:147)
	at org.junit.runner.JUnitCore.run(JUnitCore.java:157)
	at org.junit.runner.JUnitCore.run(JUnitCore.java:136)
	at org.jboss.arquillian.junit.container.JUnitTestRunner.execute(JUnitTestRunner.java:65)
	at org.jboss.arquillian.protocol.servlet.runner.ServletTestRunner.executeTest(ServletTestRunner.java:160)
	at org.jboss.arquillian.protocol.servlet.runner.ServletTestRunner.execute(ServletTestRunner.java:126)
	at org.jboss.arquillian.protocol.servlet.runner.ServletTestRunner.doGet(ServletTestRunner.java:90)
	at javax.servlet.http.HttpServlet.service(HttpServlet.java:734)
	at javax.servlet.http.HttpServlet.service(HttpServlet.java:847)
	at org.apache.catalina.core.ApplicationFilterChain.internalDoFilter(ApplicationFilterChain.java:329)
	at org.apache.catalina.core.ApplicationFilterChain.doFilter(ApplicationFilterChain.java:248)
	at org.jboss.weld.servlet.ConversationPropagationFilter.doFilter(ConversationPropagationFilter.java:62)
	at org.apache.catalina.core.ApplicationFilterChain.internalDoFilter(ApplicationFilterChain.java:280)
	at org.apache.catalina.core.ApplicationFilterChain.doFilter(ApplicationFilterChain.java:248)
	at org.apache.catalina.core.StandardWrapperValve.invoke(StandardWrapperValve.java:275)
	at org.apache.catalina.core.StandardContextValve.invoke(StandardContextValve.java:161)
	at org.jboss.as.jpa.interceptor.WebNonTxEmCloserValve.invoke(WebNonTxEmCloserValve.java:50)
	at org.jboss.as.web.security.SecurityContextAssociationValve.invoke(SecurityContextAssociationValve.java:153)
	at org.apache.catalina.core.StandardHostValve.invoke(StandardHostValve.java:155)
	at org.apache.catalina.valves.ErrorReportValve.invoke(ErrorReportValve.java:102)
	at org.apache.catalina.core.StandardEngineValve.invoke(StandardEngineValve.java:109)
	at org.apache.catalina.connector.CoyoteAdapter.service(CoyoteAdapter.java:368)
	at org.apache.coyote.http11.Http11Processor.process(Http11Processor.java:877)
	at org.apache.coyote.http11.Http11Protocol$Http11ConnectionHandler.process(Http11Protocol.java:671)
	at org.apache.tomcat.util.net.JIoEndpoint$Worker.run(JIoEndpoint.java:930)
	at java.lang.Thread.run(Thread.java:722)
Caused by: java.lang.NoClassDefFoundError: org/dejava/component/exception/localized/ExceptionMessageCommand
	at org.dejava.component.exception.localized.unchecked.AbstractLocalizedRuntimeException.getMessageCommand(AbstractLocalizedRuntimeException.java:30)
	at org.dejava.component.exception.localized.unchecked.AbstractLocalizedRuntimeException.&lt;init&gt;(AbstractLocalizedRuntimeException.java:61)
	at org.dejava.component.exception.localized.unchecked.InvalidParameterException.&lt;init&gt;(InvalidParameterException.java:27)
	at org.dejava.component.exception.localized.unchecked.EmptyParameterException.&lt;init&gt;(EmptyParameterException.java:22)
	at org.dejava.component.javaee.dao.AbstractGenericDAO.getEntitiesByAttribute(AbstractGenericDAO.java:163)
	at org.dejava.component.javaee.service.AbstractGenericService.getEntityByAttribute(AbstractGenericService.java:105)
	at sun.reflect.NativeMethodAccessorImpl.invoke0(Native Method)
	at sun.reflect.NativeMethodAccessorImpl.invoke(NativeMethodAccessorImpl.java:57)
	at sun.reflect.DelegatingMethodAccessorImpl.invoke(DelegatingMethodAccessorImpl.java:43)
	at java.lang.reflect.Method.invoke(Method.java:601)
	at org.jboss.as.ee.component.ManagedReferenceMethodInterceptorFactory$ManagedReferenceMethodInterceptor.processInvocation(ManagedReferenceMethodInterceptorFactory.java:72)
	at org.jboss.invocation.InterceptorContext.proceed(InterceptorContext.java:288)
	at org.jboss.invocation.InterceptorContext$Invocation.proceed(InterceptorContext.java:374)
	at org.jboss.as.weld.ejb.Jsr299BindingsInterceptor.doMethodInterception(Jsr299BindingsInterceptor.java:127)
	at org.jboss.as.weld.ejb.Jsr299BindingsInterceptor.processInvocation(Jsr299BindingsInterceptor.java:135)
	at org.jboss.as.ee.component.interceptors.UserInterceptorFactory$1.processInvocation(UserInterceptorFactory.java:36)
	at org.jboss.invocation.InterceptorContext.proceed(InterceptorContext.java:288)
	at org.jboss.invocation.WeavedInterceptor.processInvocation(WeavedInterceptor.java:53)
	at org.jboss.as.ee.component.interceptors.UserInterceptorFactory$1.processInvocation(UserInterceptorFactory.java:36)
	at org.jboss.invocation.InterceptorContext.proceed(InterceptorContext.java:288)
	at org.jboss.as.jpa.interceptor.SBInvocationInterceptor.processInvocation(SBInvocationInterceptor.java:47)
	at org.jboss.invocation.InterceptorContext.proceed(InterceptorContext.java:288)
	at org.jboss.as.weld.ejb.EjbRequestScopeActivationInterceptor.processInvocation(EjbRequestScopeActivationInterceptor.java:82)
	at org.jboss.invocation.InterceptorContext.proceed(InterceptorContext.java:288)
	at org.jboss.invocation.InitialInterceptor.processInvocation(InitialInterceptor.java:21)
	at org.jboss.invocation.InterceptorContext.proceed(InterceptorContext.java:288)
	at org.jboss.invocation.ChainedInterceptor.processInvocation(ChainedInterceptor.java:61)
	at org.jboss.as.ee.component.interceptors.ComponentDispatcherInterceptor.processInvocation(ComponentDispatcherInterceptor.java:53)
	at org.jboss.invocation.InterceptorContext.proceed(InterceptorContext.java:288)
	at org.jboss.as.ejb3.component.pool.PooledInstanceInterceptor.processInvocation(PooledInstanceInterceptor.java:51)
	at org.jboss.invocation.InterceptorContext.proceed(InterceptorContext.java:288)
	at org.jboss.as.ejb3.tx.CMTTxInterceptor.invokeInOurTx(CMTTxInterceptor.java:228)
	at org.jboss.as.ejb3.tx.CMTTxInterceptor.required(CMTTxInterceptor.java:304)
	at org.jboss.as.ejb3.tx.CMTTxInterceptor.processInvocation(CMTTxInterceptor.java:190)
	at org.jboss.invocation.InterceptorContext.proceed(InterceptorContext.java:288)
	at org.jboss.as.ejb3.component.interceptors.CurrentInvocationContextInterceptor.processInvocation(CurrentInvocationContextInterceptor.java:41)
	at org.jboss.invocation.InterceptorContext.proceed(InterceptorContext.java:288)
	at org.jboss.as.ejb3.component.interceptors.LoggingInterceptor.processInvocation(LoggingInterceptor.java:59)
	at org.jboss.invocation.InterceptorContext.proceed(InterceptorContext.java:288)
	at org.jboss.as.ee.component.NamespaceContextInterceptor.processInvocation(NamespaceContextInterceptor.java:50)
	at org.jboss.invocation.InterceptorContext.proceed(InterceptorContext.java:288)
	at org.jboss.as.ejb3.component.interceptors.AdditionalSetupInterceptor.processInvocation(AdditionalSetupInterceptor.java:32)
	at org.jboss.invocation.InterceptorContext.proceed(InterceptorContext.java:288)
	at org.jboss.as.ee.component.TCCLInterceptor.processInvocation(TCCLInterceptor.java:45)
	at org.jboss.invocation.InterceptorContext.proceed(InterceptorContext.java:288)
	at org.jboss.invocation.ChainedInterceptor.processInvocation(ChainedInterceptor.java:61)
	at org.jboss.as.ee.component.ViewService$View.invoke(ViewService.java:165)
	at org.jboss.as.ee.component.ViewDescription$1.processInvocation(ViewDescription.java:173)
	at org.jboss.invocation.InterceptorContext.proceed(InterceptorContext.java:288)
	at org.jboss.invocation.ChainedInterceptor.processInvocation(ChainedInterceptor.java:61)
	at org.jboss.as.ee.component.ProxyInvocationHandler.invoke(ProxyInvocationHandler.java:72)
	at org.dejava.component.javaee.test.util.FakeEntityService$$$view4.getEntityByAttribute(Unknown Source)
	at sun.reflect.NativeMethodAccessorImpl.invoke0(Native Method)
	at sun.reflect.NativeMethodAccessorImpl.invoke(NativeMethodAccessorImpl.java:57)
	at sun.reflect.DelegatingMethodAccessorImpl.invoke(DelegatingMethodAccessorImpl.java:43)
	at java.lang.reflect.Method.invoke(Method.java:601)
	at org.jboss.weld.util.reflection.SecureReflections$13.work(SecureReflections.java:264)
	at org.jboss.weld.util.reflection.SecureReflectionAccess.run(SecureReflectionAccess.java:52)
	at org.jboss.weld.util.reflection.SecureReflectionAccess.runAsInvocation(SecureReflectionAccess.java:137)
	at org.jboss.weld.util.reflection.SecureReflections.invoke(SecureReflections.java:260)
	at org.jboss.weld.bean.proxy.EnterpriseBeanProxyMethodHandler.invoke(EnterpriseBeanProxyMethodHandler.java:111)
	at org.jboss.weld.bean.proxy.EnterpriseTargetBeanInstance.invoke(EnterpriseTargetBeanInstance.java:56)
	at org.jboss.weld.bean.proxy.ProxyMethodHandler.invoke(ProxyMethodHandler.java:105)
	at org.dejava.component.javaee.test.util.FakeEntityService$Proxy$_$$_Weld$Proxy$.getEntityByAttribute(FakeEntityService$Proxy$_$$_Weld$Proxy$.java)
	at org.dejava.component.javaee.test.service.AbstractGenericServiceTest.testGetEntityByAttributeNullAttributeName(AbstractGenericServiceTest.java:281)
	at sun.reflect.NativeMethodAccessorImpl.invoke0(Native Method)
	at sun.reflect.NativeMethodAccessorImpl.invoke(NativeMethodAccessorImpl.java:57)
	at sun.reflect.DelegatingMethodAccessorImpl.invoke(DelegatingMethodAccessorImpl.java:43)
	at java.lang.reflect.Method.invoke(Method.java:601)
	at org.junit.runners.model.FrameworkMethod$1.runReflectiveCall(FrameworkMethod.java:45)
	at org.junit.internal.runners.model.ReflectiveCallable.run(ReflectiveCallable.java:15)
	at org.junit.runners.model.FrameworkMethod.invokeExplosively(FrameworkMethod.java:42)
	at org.jboss.arquillian.junit.Arquillian$6$1.invoke(Arquillian.java:270)
	at org.jboss.arquillian.container.test.impl.execution.LocalTestExecuter.execute(LocalTestExecuter.java:60)
	at sun.reflect.NativeMethodAccessorImpl.invoke0(Native Method)
	at sun.reflect.NativeMethodAccessorImpl.invoke(NativeMethodAccessorImpl.java:57)
	at sun.reflect.DelegatingMethodAccessorImpl.invoke(DelegatingMethodAccessorImpl.java:43)
	at java.lang.reflect.Method.invoke(Method.java:601)
	at org.jboss.arquillian.core.impl.ObserverImpl.invoke(ObserverImpl.java:90)
	at org.jboss.arquillian.core.impl.EventContextImpl.invokeObservers(EventContextImpl.java:99)
	at org.jboss.arquillian.core.impl.EventContextImpl.proceed(EventContextImpl.java:81)
	at org.jboss.arquillian.core.impl.ManagerImpl.fire(ManagerImpl.java:134)
	at org.jboss.arquillian.core.impl.ManagerImpl.fire(ManagerImpl.java:114)
	at org.jboss.arquillian.core.impl.EventImpl.fire(EventImpl.java:67)
	at org.jboss.arquillian.container.test.impl.execution.ContainerTestExecuter.execute(ContainerTestExecuter.java:38)
	at sun.reflect.NativeMethodAccessorImpl.invoke0(Native Method)
	at sun.reflect.NativeMethodAccessorImpl.invoke(NativeMethodAccessorImpl.java:57)
	at sun.reflect.DelegatingMethodAccessorImpl.invoke(DelegatingMethodAccessorImpl.java:43)
	at java.lang.reflect.Method.invoke(Method.java:601)
	at org.jboss.arquillian.core.impl.ObserverImpl.invoke(ObserverImpl.java:90)
	at org.jboss.arquillian.core.impl.EventContextImpl.invokeObservers(EventContextImpl.java:99)
	at org.jboss.arquillian.core.impl.EventContextImpl.proceed(EventContextImpl.java:81)
	at org.jboss.arquillian.test.impl.TestContextHandler.createTestContext(TestContextHandler.java:89)
	at sun.reflect.NativeMethodAccessorImpl.invoke0(Native Method)
	at sun.reflect.NativeMethodAccessorImpl.invoke(NativeMethodAccessorImpl.java:57)
	at sun.reflect.DelegatingMethodAccessorImpl.invoke(DelegatingMethodAccessorImpl.java:43)
	at java.lang.reflect.Method.invoke(Method.java:601)
	at org.jboss.arquillian.core.impl.ObserverImpl.invoke(ObserverImpl.java:90)
	at org.jboss.arquillian.core.impl.EventContextImpl.proceed(EventContextImpl.java:88)
	at org.jboss.arquillian.test.impl.TestContextHandler.createClassContext(TestContextHandler.java:75)
	at sun.reflect.GeneratedMethodAccessor50.invoke(Unknown Source)
	at sun.reflect.DelegatingMethodAccessorImpl.invoke(DelegatingMethodAccessorImpl.java:43)
	at java.lang.reflect.Method.invoke(Method.java:601)
	at org.jboss.arquillian.core.impl.ObserverImpl.invoke(ObserverImpl.java:90)
	at org.jboss.arquillian.core.impl.EventContextImpl.proceed(EventContextImpl.java:88)
	at org.jboss.arquillian.test.impl.TestContextHandler.createSuiteContext(TestContextHandler.java:60)
	at sun.reflect.GeneratedMethodAccessor46.invoke(Unknown Source)
	at sun.reflect.DelegatingMethodAccessorImpl.invoke(DelegatingMethodAccessorImpl.java:43)
	at java.lang.reflect.Method.invoke(Method.java:601)
	at org.jboss.arquillian.core.impl.ObserverImpl.invoke(ObserverImpl.java:90)
	at org.jboss.arquillian.core.impl.EventContextImpl.proceed(EventContextImpl.java:88)
	at org.jboss.arquillian.core.impl.ManagerImpl.fire(ManagerImpl.java:134)
	at org.jboss.arquillian.test.impl.EventTestRunnerAdaptor.test(EventTestRunnerAdaptor.java:111)
	at org.jboss.arquillian.junit.Arquillian$6.evaluate(Arquillian.java:263)
	at org.junit.internal.runners.statements.ExpectException.evaluate(ExpectException.java:22)
	... 43 more
</error>
    <system-out>00:22:32,368 ERROR [org.jboss.ejb3.invocation] (http--127.0.0.1-8080-1) JBAS014134: EJB Invocation failed on component FakeEntityService for method public java.lang.Object org.dejava.component.javaee.service.AbstractGenericService.getEntityByAttribute(java.lang.String,java.lang.Object): javax.ejb.EJBException: Unexpected Error
	at org.jboss.as.ejb3.tx.CMTTxInterceptor.handleExceptionInOurTx(CMTTxInterceptor.java:163) [jboss-as-ejb3-7.1.1.Final.jar:7.1.1.Final]
	at org.jboss.as.ejb3.tx.CMTTxInterceptor.invokeInOurTx(CMTTxInterceptor.java:230) [jboss-as-ejb3-7.1.1.Final.jar:7.1.1.Final]
	at org.jboss.as.ejb3.tx.CMTTxInterceptor.required(CMTTxInterceptor.java:304) [jboss-as-ejb3-7.1.1.Final.jar:7.1.1.Final]
	at org.jboss.as.ejb3.tx.CMTTxInterceptor.processInvocation(CMTTxInterceptor.java:190) [jboss-as-ejb3-7.1.1.Final.jar:7.1.1.Final]
	at org.jboss.invocation.InterceptorContext.proceed(InterceptorContext.java:288) [jboss-invocation-1.1.1.Final.jar:1.1.1.Final]
	at org.jboss.as.ejb3.component.interceptors.CurrentInvocationContextInterceptor.processInvocation(CurrentInvocationContextInterceptor.java:41) [jboss-as-ejb3-7.1.1.Final.jar:7.1.1.Final]
	at org.jboss.invocation.InterceptorContext.proceed(InterceptorContext.java:288) [jboss-invocation-1.1.1.Final.jar:1.1.1.Final]
	at org.jboss.as.ejb3.component.interceptors.LoggingInterceptor.processInvocation(LoggingInterceptor.java:59) [jboss-as-ejb3-7.1.1.Final.jar:7.1.1.Final]
	at org.jboss.invocation.InterceptorContext.proceed(InterceptorContext.java:288) [jboss-invocation-1.1.1.Final.jar:1.1.1.Final]
	at org.jboss.as.ee.component.NamespaceContextInterceptor.processInvocation(NamespaceContextInterceptor.java:50) [jboss-as-ee-7.1.1.Final.jar:7.1.1.Final]
	at org.jboss.invocation.InterceptorContext.proceed(InterceptorContext.java:288) [jboss-invocation-1.1.1.Final.jar:1.1.1.Final]
	at org.jboss.as.ejb3.component.interceptors.AdditionalSetupInterceptor.processInvocation(AdditionalSetupInterceptor.java:32) [jboss-as-ejb3-7.1.1.Final.jar:7.1.1.Final]
	at org.jboss.invocation.InterceptorContext.proceed(InterceptorContext.java:288) [jboss-invocation-1.1.1.Final.jar:1.1.1.Final]
	at org.jboss.as.ee.component.TCCLInterceptor.processInvocation(TCCLInterceptor.java:45) [jboss-as-ee-7.1.1.Final.jar:7.1.1.Final]
	at org.jboss.invocation.InterceptorContext.proceed(InterceptorContext.java:288) [jboss-invocation-1.1.1.Final.jar:1.1.1.Final]
	at org.jboss.invocation.ChainedInterceptor.processInvocation(ChainedInterceptor.java:61) [jboss-invocation-1.1.1.Final.jar:1.1.1.Final]
	at org.jboss.as.ee.component.ViewService$View.invoke(ViewService.java:165) [jboss-as-ee-7.1.1.Final.jar:7.1.1.Final]
	at org.jboss.as.ee.component.ViewDescription$1.processInvocation(ViewDescription.java:173) [jboss-as-ee-7.1.1.Final.jar:7.1.1.Final]
	at org.jboss.invocation.InterceptorContext.proceed(InterceptorContext.java:288) [jboss-invocation-1.1.1.Final.jar:1.1.1.Final]
	at org.jboss.invocation.ChainedInterceptor.processInvocation(ChainedInterceptor.java:61) [jboss-invocation-1.1.1.Final.jar:1.1.1.Final]
[...]
	at sun.reflect.GeneratedMethodAccessor46.invoke(Unknown Source)
	at sun.reflect.DelegatingMethodAccessorImpl.invoke(DelegatingMethodAccessorImpl.java:43)
	at java.lang.reflect.Method.invoke(Method.java:601)
	at org.jboss.arquillian.core.impl.ObserverImpl.invoke(ObserverImpl.java:90)
	at org.jboss.arquillian.core.impl.EventContextImpl.proceed(EventContextImpl.java:88)
	at org.jboss.arquillian.core.impl.ManagerImpl.fire(ManagerImpl.java:134)
	at org.jboss.arquillian.test.impl.EventTestRunnerAdaptor.test(EventTestRunnerAdaptor.java:111)
	at org.jboss.arquillian.junit.Arquillian$6.evaluate(Arquillian.java:263)
	at org.junit.internal.runners.statements.ExpectException.evaluate(ExpectException.java:22)
	... 43 more
</error>
    <system-out>00:22:32,972 ERROR [org.jboss.ejb3.invocation] (http--127.0.0.1-8080-1) JBAS014134: EJB Invocation failed on component FakeEntityService for method public void org.dejava.component.javaee.service.AbstractGenericService.remove(java.lang.Object): javax.ejb.EJBException: Unexpected Error
	at org.jboss.as.ejb3.tx.CMTTxInterceptor.handleExceptionInOurTx(CMTTxInterceptor.java:163) [jboss-as-ejb3-7.1.1.Final.jar:7.1.1.Final]
	at org.jboss.as.ejb3.tx.CMTTxInterceptor.invokeInOurTx(CMTTxInterceptor.java:230) [jboss-as-ejb3-7.1.1.Final.jar:7.1.1.Final]
	at org.jboss.as.ejb3.tx.CMTTxInterceptor.required(CMTTxInterceptor.java:304) [jboss-as-ejb3-7.1.1.Final.jar:7.1.1.Final]
	at org.jboss.as.ejb3.tx.CMTTxInterceptor.processInvocation(CMTTxInterceptor.java:190) [jboss-as-ejb3-7.1.1.Final.jar:7.1.1.Final]
	at org.jboss.invocation.InterceptorContext.proceed(InterceptorContext.java:288) [jboss-invocation-1.1.1.Final.jar:1.1.1.Final]
	at org.jboss.as.ejb3.component.interceptors.CurrentInvocationContextInterceptor.processInvocation(CurrentInvocationContextInterceptor.java:41) [jboss-as-ejb3-7.1.1.Final.jar:7.1.1.Final]
	at org.jboss.invocation.InterceptorContext.proceed(InterceptorContext.java:288) [jboss-invocation-1.1.1.Final.jar:1.1.1.Final]
	at org.jboss.as.ejb3.component.interceptors.LoggingInterceptor.processInvocation(LoggingInterceptor.java:59) [jboss-as-ejb3-7.1.1.Final.jar:7.1.1.Final]
	at org.jboss.invocation.InterceptorContext.proceed(InterceptorContext.java:288) [jboss-invocation-1.1.1.Final.jar:1.1.1.Final]
	at org.jboss.as.ee.component.NamespaceContextInterceptor.processInvocation(NamespaceContextInterceptor.java:50) [jboss-as-ee-7.1.1.Final.jar:7.1.1.Final]
	at org.jboss.invocation.InterceptorContext.proceed(InterceptorContext.java:288) [jboss-invocation-1.1.1.Final.jar:1.1.1.Final]
	at org.jboss.as.ejb3.component.interceptors.AdditionalSetupInterceptor.processInvocation(AdditionalSetupInterceptor.java:32) [jboss-as-ejb3-7.1.1.Final.jar:7.1.1.Final]
	at org.jboss.invocation.InterceptorContext.proceed(InterceptorContext.java:288) [jboss-invocation-1.1.1.Final.jar:1.1.1.Final]
	at org.jboss.as.ee.component.TCCLInterceptor.processInvocation(TCCLInterceptor.java:45) [jboss-as-ee-7.1.1.Final.jar:7.1.1.Final]
	at org.jboss.invocation.InterceptorContext.proceed(InterceptorContext.java:288) [jboss-invocation-1.1.1.Final.jar:1.1.1.Final]
	at org.jboss.invocation.ChainedInterceptor.processInvocation(ChainedInterceptor.java:61) [jboss-invocation-1.1.1.Final.jar:1.1.1.Final]
	at org.jboss.as.ee.component.ViewService$View.invoke(ViewService.java:165) [jboss-as-ee-7.1.1.Final.jar:7.1.1.Final]
	at org.jboss.as.ee.component.ViewDescription$1.processInvocation(ViewDescription.java:173) [jboss-as-ee-7.1.1.Final.jar:7.1.1.Final]
	at org.jboss.invocation.InterceptorContext.proceed(InterceptorContext.java:288) [jboss-invocation-1.1.1.Final.jar:1.1.1.Final]
	at org.jboss.invocation.ChainedInterceptor.processInvocation(ChainedInterceptor.java:61) [jboss-invocation-1.1.1.Final.jar:1.1.1.Final]
	at org.jboss.as.ee.component.ProxyInvocationHandler.invoke(ProxyInvocationHandler.java:72) [jboss-as-ee-7.1.1.Final.jar:7.1.1.Final]
	at org.dejava.component.javaee.test.util.FakeEntityService$$$view4.remove(Unknown Source) [classes:]
	at sun.reflect.NativeMethodAccessorImpl.invoke0(Native Method) [rt.jar:1.7.0_07]
	at sun.reflect.NativeMethodAccessorImpl.invoke(NativeMethodAccessorImpl.java:57) [rt.jar:1.7.0_07]
	at sun.reflect.DelegatingMethodAccessorImpl.invoke(DelegatingMethodAccessorImpl.java:43) [rt.jar:1.7.0_07]
	at java.lang.reflect.Method.invoke(Method.java:601) [rt.jar:1.7.0_07]
	at org.jboss.weld.util.reflection.SecureReflections$13.work(SecureReflections.java:264) [weld-core-1.1.5.AS71.Final.jar:2012-02-10 15:31]
	at org.jboss.weld.util.reflection.SecureReflectionAccess.run(SecureReflectionAccess.java:52) [weld-core-1.1.5.AS71.Final.jar:2012-02-10 15:31]
	at org.jboss.weld.util.reflection.SecureReflectionAccess.runAsInvocation(SecureReflectionAccess.java:137) [weld-core-1.1.5.AS71.Final.jar:2012-02-10 15:31]
	at org.jboss.weld.util.reflection.SecureReflections.invoke(SecureReflections.java:260) [weld-core-1.1.5.AS71.Final.jar:2012-02-10 15:31]
	at org.jboss.weld.bean.proxy.EnterpriseBeanProxyMethodHandler.invoke(EnterpriseBeanProxyMethodHandler.java:111) [weld-core-1.1.5.AS71.Final.jar:2012-02-10 15:31]
	at org.jboss.weld.bean.proxy.EnterpriseTargetBeanInstance.invoke(EnterpriseTargetBeanInstance.java:56) [weld-core-1.1.5.AS71.Final.jar:2012-02-10 15:31]
	at org.jboss.weld.bean.proxy.ProxyMethodHandler.invoke(ProxyMethodHandler.java:105) [weld-core-1.1.5.AS71.Final.jar:2012-02-10 15:31]
	at org.dejava.component.javaee.test.util.FakeEntityService$Proxy$_$$_Weld$Proxy$.remove(FakeEntityService$Proxy$_$$_Weld$Proxy$.java) [classes:]
	at org.dejava.component.javaee.test.service.AbstractGenericServiceTest.testRemoveNullEntity(AbstractGenericServiceTest.java:154) [classes:]
	at sun.reflect.NativeMethodAccessorImpl.invoke0(Native Method) [rt.jar:1.7.0_07]
	at sun.reflect.NativeMethodAccessorImpl.invoke(NativeMethodAccessorImpl.java:57) [rt.jar:1.7.0_07]
	at sun.reflect.DelegatingMethodAccessorImpl.invoke(DelegatingMethodAccessorImpl.java:43) [rt.jar:1.7.0_07]
	at java.lang.reflect.Method.invoke(Method.java:601) [rt.jar:1.7.0_07]
	at org.junit.runners.model.FrameworkMethod$1.runReflectiveCall(FrameworkMethod.java:45) [arquillian-junit.jar:]
	at org.junit.internal.runners.model.ReflectiveCallable.run(ReflectiveCallable.java:15) [arquillian-junit.jar:]
	at org.junit.runners.model.FrameworkMethod.invokeExplosively(FrameworkMethod.java:42) [arquillian-junit.jar:]
	at org.jboss.arquillian.junit.Arquillian$6$1.invoke(Arquillian.java:270) [arquillian-junit.jar:]
	at org.jboss.arquillian.container.test.impl.execution.LocalTestExecuter.execute(LocalTestExecuter.java:60) [arquillian-core.jar:]
	at sun.reflect.NativeMethodAccessorImpl.invoke0(Native Method) [rt.jar:1.7.0_07]
	at sun.reflect.NativeMethodAccessorImpl.invoke(NativeMethodAccessorImpl.java:57) [rt.jar:1.7.0_07]
	at sun.reflect.DelegatingMethodAccessorImpl.invoke(DelegatingMethodAccessorImpl.java:43) [rt.jar:1.7.0_07]
	at java.lang.reflect.Method.invoke(Method.java:601) [rt.jar:1.7.0_07]
	at org.jboss.arquillian.core.impl.ObserverImpl.invoke(ObserverImpl.java:90) [arquillian-core.jar:]
	at org.jboss.arquillian.core.impl.EventContextImpl.invokeObservers(EventContextImpl.java:99) [arquillian-core.jar:]
	at org.jboss.arquillian.core.impl.EventContextImpl.proceed(EventContextImpl.java:81) [arquillian-core.jar:]
	at org.jboss.arquillian.core.impl.ManagerImpl.fire(ManagerImpl.java:134) [arquillian-core.jar:]
	at org.jboss.arquillian.core.impl.ManagerImpl.fire(ManagerImpl.java:114) [arquillian-core.jar:]
	at org.jboss.arquillian.core.impl.EventImpl.fire(EventImpl.java:67) [arquillian-core.jar:]
	at org.jboss.arquillian.container.test.impl.execution.ContainerTestExecuter.execute(ContainerTestExecuter.java:38) [arquillian-core.jar:]
	at sun.reflect.NativeMethodAccessorImpl.invoke0(Native Method) [rt.jar:1.7.0_07]
	at sun.reflect.NativeMethodAccessorImpl.invoke(NativeMethodAccessorImpl.java:57) [rt.jar:1.7.0_07]
	at sun.reflect.DelegatingMethodAccessorImpl.invoke(DelegatingMethodAccessorImpl.java:43) [rt.jar:1.7.0_07]
	at java.lang.reflect.Method.invoke(Method.java:601) [rt.jar:1.7.0_07]
	at org.jboss.arquillian.core.impl.ObserverImpl.invoke(ObserverImpl.java:90) [arquillian-core.jar:]
	at org.jboss.arquillian.core.impl.EventContextImpl.invokeObservers(EventContextImpl.java:99) [arquillian-core.jar:]
	at org.jboss.arquillian.core.impl.EventContextImpl.proceed(EventContextImpl.java:81) [arquillian-core.jar:]
	at org.jboss.arquillian.test.impl.TestContextHandler.createTestContext(TestContextHandler.java:89) [arquillian-core.jar:]
	at sun.reflect.GeneratedMethodAccessor52.invoke(Unknown Source) [:1.7.0_07]
	at sun.reflect.DelegatingMethodAccessorImpl.invoke(DelegatingMethodAccessorImpl.java:43) [rt.jar:1.7.0_07]
	at java.lang.reflect.Method.invoke(Method.java:601) [rt.jar:1.7.0_07]
	at org.jboss.arquillian.core.impl.ObserverImpl.invoke(ObserverImpl.java:90) [arquillian-core.jar:]
	at org.jboss.arquillian.core.impl.EventContextImpl.proceed(EventContextImpl.java:88) [arquillian-core.jar:]
	at org.jboss.arquillian.test.impl.TestContextHandler.createClassContext(TestContextHandler.java:75) [arquillian-core.jar:]
	at sun.reflect.GeneratedMethodAccessor50.invoke(Unknown Source) [:1.7.0_07]
	at sun.reflect.DelegatingMethodAccessorImpl.invoke(DelegatingMethodAccessorImpl.java:43) [rt.jar:1.7.0_07]
	at java.lang.reflect.Method.invoke(Method.java:601) [rt.jar:1.7.0_07]
	at org.jboss.arquillian.core.impl.ObserverImpl.invoke(ObserverImpl.java:90) [arquillian-core.jar:]
	at org.jboss.arquillian.core.impl.EventContextImpl.proceed(EventContextImpl.java:88) [arquillian-core.jar:]
	at org.jboss.arquillian.test.impl.TestContextHandler.createSuiteContext(TestContextHandler.java:60) [arquillian-core.jar:]
	at sun.reflect.GeneratedMethodAccessor46.invoke(Unknown Source) [:1.7.0_07]
	at sun.reflect.DelegatingMethodAccessorImpl.invoke(DelegatingMethodAccessorImpl.java:43) [rt.jar:1.7.0_07]
	at java.lang.reflect.Method.invoke(Method.java:601) [rt.jar:1.7.0_07]
	at org.jboss.arquillian.core.impl.ObserverImpl.invoke(ObserverImpl.java:90) [arquillian-core.jar:]
	at org.jboss.arquillian.core.impl.EventContextImpl.proceed(EventContextImpl.java:88) [arquillian-core.jar:]
	at org.jboss.arquillian.core.impl.ManagerImpl.fire(ManagerImpl.java:134) [arquillian-core.jar:]
	at org.jboss.arquillian.test.impl.EventTestRunnerAdaptor.test(EventTestRunnerAdaptor.java:111) [arquillian-core.jar:]
	at org.jboss.arquillian.junit.Arquillian$6.evaluate(Arquillian.java:263) [arquillian-junit.jar:]
	at org.junit.internal.runners.statements.ExpectException.evaluate(ExpectException.java:22) [arquillian-junit.jar:]
	at org.jboss.arquillian.junit.Arquillian$4.evaluate(Arquillian.java:226) [arquillian-junit.jar:]
	at org.jboss.arquillian.junit.Arquillian.multiExecute(Arquillian.java:314) [arquillian-junit.jar:]
	at org.jboss.arquillian.junit.Arquillian.access$100(Arquillian.java:46) [arquillian-junit.jar:]
	at org.jboss.arquillian.junit.Arquillian$5.evaluate(Arquillian.java:240) [arquillian-junit.jar:]
	at org.junit.runners.ParentRunner.runLeaf(ParentRunner.java:263) [arquillian-junit.jar:]
	at org.junit.runners.BlockJUnit4ClassRunner.runChild(BlockJUnit4ClassRunner.java:68) [arquillian-junit.jar:]
	at org.junit.runners.BlockJUnit4ClassRunner.runChild(BlockJUnit4ClassRunner.java:47) [arquillian-junit.jar:]
	at org.junit.runners.ParentRunner$3.run(ParentRunner.java:231) [arquillian-junit.jar:]
	at org.junit.runners.ParentRunner$1.schedule(ParentRunner.java:60) [arquillian-junit.jar:]
	at org.junit.runners.ParentRunner.runChildren(ParentRunner.java:229) [arquillian-junit.jar:]
	at org.junit.runners.ParentRunner.access$000(ParentRunner.java:50) [arquillian-junit.jar:]
	at org.junit.runners.ParentRunner$2.evaluate(ParentRunner.java:222) [arquillian-junit.jar:]
	at org.jboss.arquillian.junit.Arquillian$2.evaluate(Arquillian.java:185) [arquillian-junit.jar:]
	at org.jboss.arquillian.junit.Arquillian.multiExecute(Arquillian.java:314) [arquillian-junit.jar:]
	at org.jboss.arquillian.junit.Arquillian.access$100(Arquillian.java:46) [arquillian-junit.jar:]
	at org.jboss.arquillian.junit.Arquillian$3.evaluate(Arquillian.java:199) [arquillian-junit.jar:]
	at org.junit.runners.ParentRunner.run(ParentRunner.java:300) [arquillian-junit.jar:]
	at org.jboss.arquillian.junit.Arquillian.run(Arquillian.java:147) [arquillian-junit.jar:]
	at org.junit.runner.JUnitCore.run(JUnitCore.java:157) [arquillian-junit.jar:]
	at org.junit.runner.JUnitCore.run(JUnitCore.java:136) [arquillian-junit.jar:]
	at org.jboss.arquillian.junit.container.JUnitTestRunner.execute(JUnitTestRunner.java:65) [arquillian-junit.jar:]
	at org.jboss.arquillian.protocol.servlet.runner.ServletTestRunner.executeTest(ServletTestRunner.java:160) [arquillian-protocol.jar:]
	at org.jboss.arquillian.protocol.servlet.runner.ServletTestRunner.execute(ServletTestRunner.java:126) [arquillian-protocol.jar:]
	at org.jboss.arquillian.protocol.servlet.runner.ServletTestRunner.doGet(ServletTestRunner.java:90) [arquillian-protocol.jar:]
	at javax.servlet.http.HttpServlet.service(HttpServlet.java:734) [jboss-servlet-api_3.0_spec-1.0.0.Final.jar:1.0.0.Final]
	at javax.servlet.http.HttpServlet.service(HttpServlet.java:847) [jboss-servlet-api_3.0_spec-1.0.0.Final.jar:1.0.0.Final]
	at org.apache.catalina.core.ApplicationFilterChain.internalDoFilter(ApplicationFilterChain.java:329) [jbossweb-7.0.13.Final.jar:]
	at org.apache.catalina.core.ApplicationFilterChain.doFilter(ApplicationFilterChain.java:248) [jbossweb-7.0.13.Final.jar:]
	at org.jboss.weld.servlet.ConversationPropagationFilter.doFilter(ConversationPropagationFilter.java:62) [weld-core-1.1.5.AS71.Final.jar:2012-02-10 15:31]
	at org.apache.catalina.core.ApplicationFilterChain.internalDoFilter(ApplicationFilterChain.java:280) [jbossweb-7.0.13.Final.jar:]
	at org.apache.catalina.core.ApplicationFilterChain.doFilter(ApplicationFilterChain.java:248) [jbossweb-7.0.13.Final.jar:]
	at org.apache.catalina.core.StandardWrapperValve.invoke(StandardWrapperValve.java:275) [jbossweb-7.0.13.Final.jar:]
	at org.apache.catalina.core.StandardContextValve.invoke(StandardContextValve.java:161) [jbossweb-7.0.13.Final.jar:]
	at org.jboss.as.jpa.interceptor.WebNonTxEmCloserValve.invoke(WebNonTxEmCloserValve.java:50) [jboss-as-jpa-7.1.1.Final.jar:7.1.1.Final]
	at org.jboss.as.web.security.SecurityContextAssociationValve.invoke(SecurityContextAssociationValve.java:153) [jboss-as-web-7.1.1.Final.jar:7.1.1.Final]
	at org.apache.catalina.core.StandardHostValve.invoke(StandardHostValve.java:155) [jbossweb-7.0.13.Final.jar:]
	at org.apache.catalina.valves.ErrorReportValve.invoke(ErrorReportValve.java:102) [jbossweb-7.0.13.Final.jar:]
	at org.apache.catalina.core.StandardEngineValve.invoke(StandardEngineValve.java:109) [jbossweb-7.0.13.Final.jar:]
	at org.apache.catalina.connector.CoyoteAdapter.service(CoyoteAdapter.java:368) [jbossweb-7.0.13.Final.jar:]
	at org.apache.coyote.http11.Http11Processor.process(Http11Processor.java:877) [jbossweb-7.0.13.Final.jar:]
	at org.apache.coyote.http11.Http11Protocol$Http11ConnectionHandler.process(Http11Protocol.java:671) [jbossweb-7.0.13.Final.jar:]
	at org.apache.tomcat.util.net.JIoEndpoint$Worker.run(JIoEndpoint.java:930) [jbossweb-7.0.13.Final.jar:]
	at java.lang.Thread.run(Thread.java:722) [rt.jar:1.7.0_07]
Caused by: java.lang.NoClassDefFoundError: org/dejava/component/exception/localized/ExceptionMessageCommand
	at org.dejava.component.exception.localized.unchecked.AbstractLocalizedRuntimeException.getMessageCommand(AbstractLocalizedRuntimeException.java:30) [exception-0.0.1.jar:]
	at org.dejava.component.exception.localized.unchecked.AbstractLocalizedRuntimeException.&lt;init&gt;(AbstractLocalizedRuntimeException.java:61) [exception-0.0.1.jar:]
	at org.dejava.component.exception.localized.unchecked.InvalidParameterException.&lt;init&gt;(InvalidParameterException.java:27) [exception-0.0.1.jar:]
	at org.dejava.component.exception.localized.unchecked.EmptyParameterException.&lt;init&gt;(EmptyParameterException.java:22) [exception-0.0.1.jar:]
	at org.dejava.component.javaee.dao.AbstractGenericDAO.remove(AbstractGenericDAO.java:120) [classes:]
	at org.dejava.component.javaee.service.AbstractGenericService.remove(AbstractGenericService.java:60) [classes:]
	at sun.reflect.NativeMethodAccessorImpl.invoke0(Native Method) [rt.jar:1.7.0_07]
	at sun.reflect.NativeMethodAccessorImpl.invoke(NativeMethodAccessorImpl.java:57) [rt.jar:1.7.0_07]
	at sun.reflect.DelegatingMethodAccessorImpl.invoke(DelegatingMethodAccessorImpl.java:43) [rt.jar:1.7.0_07]
	at java.lang.reflect.Method.invoke(Method.java:601) [rt.jar:1.7.0_07]
	at org.jboss.as.ee.component.ManagedReferenceMethodInterceptorFactory$ManagedReferenceMethodInterceptor.processInvocation(ManagedReferenceMethodInterceptorFactory.java:72) [jboss-as-ee-7.1.1.Final.jar:7.1.1.Final]
	at org.jboss.invocation.InterceptorContext.proceed(InterceptorContext.java:288) [jboss-invocation-1.1.1.Final.jar:1.1.1.Final]
	at org.jboss.invocation.InterceptorContext$Invocation.proceed(InterceptorContext.java:374) [jboss-invocation-1.1.1.Final.jar:1.1.1.Final]
	at org.jboss.as.weld.ejb.Jsr299BindingsInterceptor.doMethodInterception(Jsr299BindingsInterceptor.java:127) [jboss-as-weld-7.1.1.Final.jar:7.1.1.Final]
	at org.jboss.as.weld.ejb.Jsr299BindingsInterceptor.processInvocation(Jsr299BindingsInterceptor.java:135) [jboss-as-weld-7.1.1.Final.jar:7.1.1.Final]
	at org.jboss.as.ee.component.interceptors.UserInterceptorFactory$1.processInvocation(UserInterceptorFactory.java:36) [jboss-as-ee-7.1.1.Final.jar:7.1.1.Final]
	at org.jboss.invocation.InterceptorContext.proceed(InterceptorContext.java:288) [jboss-invocation-1.1.1.Final.jar:1.1.1.Final]
	at org.jboss.invocation.WeavedInterceptor.processInvocation(WeavedInterceptor.java:53) [jboss-invocation-1.1.1.Final.jar:1.1.1.Final]
	at org.jboss.as.ee.component.interceptors.UserInterceptorFactory$1.processInvocation(UserInterceptorFactory.java:36) [jboss-as-ee-7.1.1.Final.jar:7.1.1.Final]
	at org.jboss.invocation.InterceptorContext.proceed(InterceptorContext.java:288) [jboss-invocation-1.1.1.Final.jar:1.1.1.Final]
	at org.jboss.as.jpa.interceptor.SBInvocationInterceptor.processInvocation(SBInvocationInterceptor.java:47) [jboss-as-jpa-7.1.1.Final.jar:7.1.1.Final]
	at org.jboss.invocation.InterceptorContext.proceed(InterceptorContext.java:288) [jboss-invocation-1.1.1.Final.jar:1.1.1.Final]
	at org.jboss.as.weld.ejb.EjbRequestScopeActivationInterceptor.processInvocation(EjbRequestScopeActivationInterceptor.java:82) [jboss-as-weld-7.1.1.Final.jar:7.1.1.Final]
	at org.jboss.invocation.InterceptorContext.proceed(InterceptorContext.java:288) [jboss-invocation-1.1.1.Final.jar:1.1.1.Final]
	at org.jboss.invocation.InitialInterceptor.processInvocation(InitialInterceptor.java:21) [jboss-invocation-1.1.1.Final.jar:1.1.1.Final]
	at org.jboss.invocation.InterceptorContext.proceed(InterceptorContext.java:288) [jboss-invocation-1.1.1.Final.jar:1.1.1.Final]
	at org.jboss.invocation.ChainedInterceptor.processInvocation(ChainedInterceptor.java:61) [jboss-invocation-1.1.1.Final.jar:1.1.1.Final]
	at org.jboss.as.ee.component.interceptors.ComponentDispatcherInterceptor.processInvocation(ComponentDispatcherInterceptor.java:53) [jboss-as-ee-7.1.1.Final.jar:7.1.1.Final]
	at org.jboss.invocation.InterceptorContext.proceed(InterceptorContext.java:288) [jboss-invocation-1.1.1.Final.jar:1.1.1.Final]
	at org.jboss.as.ejb3.component.pool.PooledInstanceInterceptor.processInvocation(PooledInstanceInterceptor.java:51) [jboss-as-ejb3-7.1.1.Final.jar:7.1.1.Final]
	at org.jboss.invocation.InterceptorContext.proceed(InterceptorContext.java:288) [jboss-invocation-1.1.1.Final.jar:1.1.1.Final]
	at org.jboss.as.ejb3.tx.CMTTxInterceptor.invokeInOurTx(CMTTxInterceptor.java:228) [jboss-as-ejb3-7.1.1.Final.jar:7.1.1.Final]
	... 125 more

</system-out>
  </testcase>
  <testcase time="0.047" classname="org.dejava.component.javaee.test.service.GenericServiceTest" name="testRemoveAllSuccess"/>
</testsuite>