-------------------------------------------------------------------------------
Test set: org.dejava.component.test.runner.test.auxiliary.FakeTest
-------------------------------------------------------------------------------
Tests run: 3, Failures: 0, Errors: 1, Skipped: 0, Time elapsed: 0.078 sec <<< FAILURE!
org.dejava.component.test.runner.test.auxiliary.FakeTest  Time elapsed: 0.016 sec  <<< ERROR!
java.lang.NoClassDefFoundError: org/dejava/component/util/reflection/ClassMirror
	at org.dejava.component.i18n.message.handler.impl.DefaultI18nMessageHandler.getMessage(DefaultI18nMessageHandler.java:250)
	at org.dejava.component.i18n.message.handler.impl.DefaultI18nMessageHandler.getMessage(DefaultI18nMessageHandler.java:305)
	at org.dejava.component.i18n.message.handler.impl.DefaultMessageCommand.getMessage(DefaultMessageCommand.java:181)
	at org.dejava.component.exception.localized.ExceptionMessageCommand.getMessage(ExceptionMessageCommand.java:39)
	at org.dejava.component.exception.localized.checked.AbstractLocalizedException.getLocalizedMessage(AbstractLocalizedException.java:73)
	at java.lang.Throwable.toString(Throwable.java:479)
	at java.lang.Throwable.<init>(Throwable.java:311)
	at java.lang.Exception.<init>(Exception.java:102)
	at org.dejava.component.exception.localized.checked.AbstractLocalizedException.<init>(AbstractLocalizedException.java:60)
	at org.dejava.component.test.exception.AbstractTestException.<init>(AbstractTestException.java:26)
	at org.dejava.component.test.exception.parametric.atomic.AbstractParametricTestException.<init>(AbstractParametricTestException.java:34)
	at org.dejava.component.test.exception.parametric.atomic.ParametricTestNonAssumptionException.<init>(ParametricTestNonAssumptionException.java:28)
	at org.dejava.component.test.runner.statement.ParametricTestWrapper.evaluate(ParametricTestWrapper.java:82)
	at org.dejava.component.test.runner.JUnitParametricRunner.runParametricTest(JUnitParametricRunner.java:314)
	at org.dejava.component.test.runner.JUnitParametricRunner.runChild(JUnitParametricRunner.java:350)
	at org.junit.runners.BlockJUnit4ClassRunner.runChild(BlockJUnit4ClassRunner.java:47)
	at org.junit.runners.ParentRunner$3.run(ParentRunner.java:231)
	at org.junit.runners.ParentRunner$1.schedule(ParentRunner.java:60)
	at org.junit.runners.ParentRunner.runChildren(ParentRunner.java:229)
	at org.junit.runners.ParentRunner.access$000(ParentRunner.java:50)
	at org.junit.runners.ParentRunner$2.evaluate(ParentRunner.java:222)
	at org.junit.runners.ParentRunner.run(ParentRunner.java:300)
	at org.apache.maven.surefire.junit4.JUnit4TestSet.execute(JUnit4TestSet.java:53)
	at org.apache.maven.surefire.junit4.JUnit4Provider.executeTestSet(JUnit4Provider.java:123)
	at org.apache.maven.surefire.junit4.JUnit4Provider.invoke(JUnit4Provider.java:104)
	at sun.reflect.NativeMethodAccessorImpl.invoke0(Native Method)
	at sun.reflect.NativeMethodAccessorImpl.invoke(NativeMethodAccessorImpl.java:57)
	at sun.reflect.DelegatingMethodAccessorImpl.invoke(DelegatingMethodAccessorImpl.java:43)
	at java.lang.reflect.Method.invoke(Method.java:601)
	at org.apache.maven.surefire.util.ReflectionUtils.invokeMethodWithArray(ReflectionUtils.java:164)
	at org.apache.maven.surefire.booter.ProviderFactory$ProviderProxy.invoke(ProviderFactory.java:110)
	at org.apache.maven.surefire.booter.SurefireStarter.invokeProvider(SurefireStarter.java:175)
	at org.apache.maven.surefire.booter.SurefireStarter.runSuitesInProcessWhenForked(SurefireStarter.java:107)
	at org.apache.maven.surefire.booter.ForkedBooter.main(ForkedBooter.java:68)
Caused by: java.lang.ClassNotFoundException: org.dejava.component.util.reflection.ClassMirror
	at java.net.URLClassLoader$1.run(URLClassLoader.java:366)
	at java.net.URLClassLoader$1.run(URLClassLoader.java:355)
	at java.security.AccessController.doPrivileged(Native Method)
	at java.net.URLClassLoader.findClass(URLClassLoader.java:354)
	at java.lang.ClassLoader.loadClass(ClassLoader.java:423)
	at sun.misc.Launcher$AppClassLoader.loadClass(Launcher.java:308)
	at java.lang.ClassLoader.loadClass(ClassLoader.java:356)
	... 34 more
