-------------------------------------------------------------------------------
Test set: org.dejava.component.i18n.test.message.SimpleMessageHandlerTest
-------------------------------------------------------------------------------
Tests run: 2, Failures: 0, Errors: 1, Skipped: 0, Time elapsed: 0.115 sec <<< FAILURE!
org.dejava.component.i18n.test.message.SimpleMessageHandlerTest  Time elapsed: 64 sec  <<< ERROR!
java.lang.NullPointerException
	at java.util.Arrays$ArrayList.<init>(Arrays.java:2842)
	at java.util.Arrays.asList(Arrays.java:2828)
	at org.dejava.component.test.exception.AbstractTestException.<init>(AbstractTestException.java:41)
	at org.dejava.component.test.exception.parametric.ParametricTestException.<init>(ParametricTestException.java:96)
	at org.dejava.component.test.runner.JUnitParametricRunner.runParametricTest(JUnitParametricRunner.java:332)
	at org.dejava.component.test.runner.JUnitParametricRunner.runChild(JUnitParametricRunner.java:352)
	at org.junit.runners.BlockJUnit4ClassRunner.runChild(BlockJUnit4ClassRunner.java:47)
	at org.junit.runners.ParentRunner$3.run(ParentRunner.java:231)
	at org.junit.runners.ParentRunner$1.schedule(ParentRunner.java:60)
	at org.junit.runners.ParentRunner.runChildren(ParentRunner.java:229)
	at org.junit.runners.ParentRunner.access$000(ParentRunner.java:50)
	at org.junit.runners.ParentRunner$2.evaluate(ParentRunner.java:222)
	at org.junit.runners.ParentRunner.run(ParentRunner.java:300)
	at org.apache.maven.surefire.junit4.JUnit4Provider.execute(JUnit4Provider.java:252)
	at org.apache.maven.surefire.junit4.JUnit4Provider.executeTestSet(JUnit4Provider.java:141)
	at org.apache.maven.surefire.junit4.JUnit4Provider.invoke(JUnit4Provider.java:112)
	at sun.reflect.NativeMethodAccessorImpl.invoke0(Native Method)
	at sun.reflect.NativeMethodAccessorImpl.invoke(NativeMethodAccessorImpl.java:57)
	at sun.reflect.DelegatingMethodAccessorImpl.invoke(DelegatingMethodAccessorImpl.java:43)
	at java.lang.reflect.Method.invoke(Method.java:601)
	at org.apache.maven.surefire.util.ReflectionUtils.invokeMethodWithArray(ReflectionUtils.java:189)
	at org.apache.maven.surefire.booter.ProviderFactory$ProviderProxy.invoke(ProviderFactory.java:165)
	at org.apache.maven.surefire.booter.ProviderFactory.invokeProvider(ProviderFactory.java:85)
	at org.apache.maven.surefire.booter.ForkedBooter.runSuitesInProcess(ForkedBooter.java:115)
	at org.apache.maven.surefire.booter.ForkedBooter.main(ForkedBooter.java:75)

