-------------------------------------------------------------------------------
Test set: org.dejava.component.i18n.test.source.MessageSourceCreatorTest
-------------------------------------------------------------------------------
Tests run: 1, Failures: 0, Errors: 1, Skipped: 0, Time elapsed: 0.003 sec <<< FAILURE!
test(org.dejava.component.i18n.test.source.MessageSourceCreatorTest)  Time elapsed: 0 sec  <<< ERROR!
java.lang.Error: Unresolved compilation problems: 
	The import org.dejava.component.i18n.message.annotation cannot be resolved
	The import org.dejava.component.i18n.message.annotation cannot be resolved
	The import org.dejava.component.i18n.source cannot be resolved
	The import org.dejava.component.i18n.source cannot be resolved
	The import org.dejava.component.i18n.test.source.auxiliary cannot be resolved
	The import org.dejava.component.i18n.test.source.auxiliary cannot be resolved
	MessageBundles cannot be resolved to a type
	The attribute defaultType is undefined for the annotation type MessageBundles
	The attribute messageBundles is undefined for the annotation type MessageBundles
	MessageBundle cannot be resolved to a type
	The attribute type is undefined for the annotation type MessageBundle
	The attribute baseName is undefined for the annotation type MessageBundle
	MessageSourceCreator cannot be resolved to a type
	MessageSources cannot be resolved to a type
	The constructor ClassMirror<InformationKeys>(Class<? extends InformationKeys>) refers to the missing type InformationKeys
	InformationKeys cannot be resolved to a type
	InformationKeys cannot be resolved to a type
	Bound mismatch: The generic method getAnnotation(Class<AnyAnnotation>) of type ClassMirror<Reflected> is not applicable for the arguments (Class<MessageSources>). The inferred type MessageSources is not a valid substitute for the bounded parameter <AnyAnnotation extends Annotation>
	MessageSources cannot be resolved to a type
	SampleEntryProvider cannot be resolved to a variable

	at org.dejava.component.i18n.test.source.MessageSourceCreatorTest.<init>(MessageSourceCreatorTest.java:15)
	at sun.reflect.NativeConstructorAccessorImpl.newInstance0(Native Method)
	at sun.reflect.NativeConstructorAccessorImpl.newInstance(NativeConstructorAccessorImpl.java:57)
	at sun.reflect.DelegatingConstructorAccessorImpl.newInstance(DelegatingConstructorAccessorImpl.java:45)
	at java.lang.reflect.Constructor.newInstance(Constructor.java:525)
	at org.junit.runners.BlockJUnit4ClassRunner.createTest(BlockJUnit4ClassRunner.java:187)
	at org.junit.runners.BlockJUnit4ClassRunner$1.runReflectiveCall(BlockJUnit4ClassRunner.java:236)
	at org.junit.internal.runners.model.ReflectiveCallable.run(ReflectiveCallable.java:15)
	at org.junit.runners.BlockJUnit4ClassRunner.methodBlock(BlockJUnit4ClassRunner.java:233)
	at org.junit.runners.BlockJUnit4ClassRunner.runChild(BlockJUnit4ClassRunner.java:68)
	at org.junit.runners.BlockJUnit4ClassRunner.runChild(BlockJUnit4ClassRunner.java:47)
	at org.junit.runners.ParentRunner$3.run(ParentRunner.java:231)
	at org.junit.runners.ParentRunner$1.schedule(ParentRunner.java:60)
	at org.junit.runners.ParentRunner.runChildren(ParentRunner.java:229)
	at org.junit.runners.ParentRunner.access$000(ParentRunner.java:50)
	at org.junit.runners.ParentRunner$2.evaluate(ParentRunner.java:222)
	at org.junit.runners.ParentRunner.run(ParentRunner.java:300)
	at org.apache.maven.surefire.junit4.JUnit4TestSet.execute(JUnit4TestSet.java:53)
	at org.apache.maven.surefire.junit4.JUnit4Provider.executeTestSet(JUnit4Provider.java:123)
	at org.apache.maven.surefire.junit4.JUnit4Provider.invoke(JUnit4Provider.java:104)
	at sun.reflect.NativeMethodAccessorImpl.invoke0(Native Method)
	at sun.reflect.NativeMethodAccessorImpl.invoke(NativeMethodAccessorImpl.java:57)
	at sun.reflect.DelegatingMethodAccessorImpl.invoke(DelegatingMethodAccessorImpl.java:43)
	at java.lang.reflect.Method.invoke(Method.java:601)
	at org.apache.maven.surefire.util.ReflectionUtils.invokeMethodWithArray(ReflectionUtils.java:164)
	at org.apache.maven.surefire.booter.ProviderFactory$ProviderProxy.invoke(ProviderFactory.java:110)
	at org.apache.maven.surefire.booter.SurefireStarter.invokeProvider(SurefireStarter.java:175)
	at org.apache.maven.surefire.booter.SurefireStarter.runSuitesInProcessWhenForked(SurefireStarter.java:107)
	at org.apache.maven.surefire.booter.ForkedBooter.main(ForkedBooter.java:68)
