<?xml version="1.0" encoding="UTF-8" ?>
<testsuite tests="4" failures="0" name="org.dejava.component.i18n.test.message.SimpleMessageHandlerTest" time="0.126" errors="0" skipped="0">
  <properties>
[...]
</properties>
  <testcase classname="org.dejava.component.i18n.test.message.SimpleMessageHandlerTest" name="testGetMessageInvalidParams" time="0.011"/>
  <testcase classname="org.dejava.component.i18n.test.message.SimpleMessageHandlerTest" name="testGetMessageValidParams" time="0.022"/>
  <testcase classname="org.dejava.component.i18n.test.message.SimpleMessageHandlerTest" name="testGetMessageNoMessageException" time="0"/>
  <testcase classname="org.dejava.component.i18n.test.message.SimpleMessageHandlerTest" name="testGetMessageNoMessageNoException" time="0"/>
</testsuite>